Mon, 27 Mar 2017 09:58:15 +0800: 1155076008:$message
Sorry, the information you\'ve input is not correct.
Mon, 27 Mar 2017 09:58:18 +0800: 1155077725:$message
According to record, you\'ve registered session 7
Mon, 27 Mar 2017 09:58:47 +0800: 1155076008:$message
Sorry, the information you\'ve input is not correct.
Mon, 27 Mar 2017 09:58:48 +0800: 1155079205:$message
Good. Success. Thank you!
Mon, 27 Mar 2017 09:59:21 +0800: 1155076008:$message
Good. Success. Thank you!
Mon, 27 Mar 2017 10:01:53 +0800: 1155077280:$message
Sorry, the information you\'ve input is not correct.
Mon, 27 Mar 2017 10:02:41 +0800: 1155077280:$message
Sorry, the information you\'ve input is not correct.
Mon, 27 Mar 2017 10:03:38 +0800: 1155077280:$message
No record found. Maybe you haven\'t registered.
Mon, 27 Mar 2017 10:04:14 +0800: 1155077280:$message
Sorry, the information you\'ve input is not correct.
Mon, 27 Mar 2017 10:05:11 +0800: 1155077280:$message
Good. Success. Thank you!
Mon, 27 Mar 2017 10:08:52 +0800: 1155078888:$message
Error. Your SID has already registered.
Mon, 27 Mar 2017 10:09:29 +0800: 1155078888:$message
Your information is not entered correctly.
Mon, 27 Mar 2017 10:09:48 +0800: 1155078888:$message
Your information is not entered correctly.
Mon, 27 Mar 2017 10:10:21 +0800: 1155078888:$message
Error. Your SID has already registered.
Mon, 27 Mar 2017 10:10:44 +0800: 1155078888:$message
Your information is not entered correctly.
Mon, 27 Mar 2017 11:22:08 +0800: 1155079102:$message
Good. Success. Thank you!
Mon, 27 Mar 2017 11:22:42 +0800: 1155079102:$message
Your information is not entered correctly.
Mon, 27 Mar 2017 11:23:47 +0800: 1155079868:$message
Sorry, the information you\'ve input is not correct.
Mon, 27 Mar 2017 11:24:18 +0800: 1155079868:$message
Sorry, the information you\'ve input is not correct.
Mon, 27 Mar 2017 11:24:53 +0800: 1155079868:$message
No record found. Maybe you haven\'t registered.
Mon, 27 Mar 2017 11:25:12 +0800: 1155079868:$message
Sorry, the information you\'ve input is not correct.
Mon, 27 Mar 2017 11:25:32 +0800: 1155079868:$message
Sorry, the information you\'ve input is not correct.
Mon, 27 Mar 2017 11:25:56 +0800: 1155079868:$message
Sorry, the information you\'ve input is not correct.
Mon, 27 Mar 2017 11:26:13 +0800: 1155079868:$message
Sorry, the information you\'ve input is not correct.
Mon, 27 Mar 2017 11:30:47 +0800: 1155079965:$message
Good. Success. Thank you!
Mon, 27 Mar 2017 11:31:11 +0800: 1155079965:$message
Your information is not entered correctly.
Mon, 27 Mar 2017 11:31:29 +0800: 1155079965:$message
According to record, you\'ve registered session 3
Mon, 27 Mar 2017 11:32:31 +0800: 1155078888:$message
According to record, you\'ve registered session 2
Mon, 27 Mar 2017 11:33:29 +0800: 1155078888:$message
Click OK to change to session . Click Cancel to Cancel
Mon, 27 Mar 2017 11:33:59 +0800: 1155078888:$message
Click OK to change to session 22. Click Cancel to Cancel
Mon, 27 Mar 2017 11:34:04 +0800: 1155078888:$message
Good. Success. Thank you!
Mon, 27 Mar 2017 11:35:36 +0800: 1155073168:$message
Sorry, the information you\'ve input is not correct.
Mon, 27 Mar 2017 11:36:19 +0800: 1155073168:$message
Good. Success. Thank you!
Mon, 27 Mar 2017 11:38:21 +0800: 1155073168:$message
Click OK to change to session 4. Click Cancel to Cancel
Mon, 27 Mar 2017 11:38:25 +0800: 1155073168:$message
Good. Success. Thank you!
Mon, 27 Mar 2017 11:39:10 +0800: 1155079925:$message
Your information is not entered correctly.
Mon, 27 Mar 2017 11:39:32 +0800: 1155079396:$message
Sorry, the information you\'ve input is not correct.
Mon, 27 Mar 2017 11:39:53 +0800: 1155079925:$message
According to record, you\'ve registered session 7
Mon, 27 Mar 2017 11:40:11 +0800: 1155079396:$message
Sorry, the information you\'ve input is not correct.
Mon, 27 Mar 2017 11:41:20 +0800: 1155079396:$message
Good. Success. Thank you!
Mon, 27 Mar 2017 11:49:12 +0800: 1155067855:$message
Sorry, the information you\'ve input is not correct.
Mon, 27 Mar 2017 11:50:05 +0800: 1155067885:$message
Good. Success. Thank you!
Mon, 27 Mar 2017 11:52:04 +0800: 1155068436:$message
Sorry, the information you\'ve input is not correct.
Mon, 27 Mar 2017 11:52:53 +0800: 1155079357:$message
Good. Success. Thank you!
Mon, 27 Mar 2017 11:53:01 +0800: 1155068436:$message
Good. Success. Thank you!
Mon, 27 Mar 2017 11:53:31 +0800: 1155079357:$message
According to record, you\'ve registered session 2
Mon, 27 Mar 2017 11:54:26 +0800: 1155079357:$message
According to record, you\'ve registered session 2
Mon, 27 Mar 2017 11:55:00 +0800: 1155079357:$message
Your information is not entered correctly.
Mon, 27 Mar 2017 11:55:55 +0800: 1155079396:$message
According to record, you\'ve registered session 4
Mon, 27 Mar 2017 11:59:36 +0800: 1155077225:$message
Sorry, the information you\'ve input is not correct.
Mon, 27 Mar 2017 11:59:57 +0800: 1155077225:$message
You haven\'t selected any session.
Mon, 27 Mar 2017 12:00:09 +0800: 1155077225:$message
Good. Success. Thank you!
Mon, 27 Mar 2017 12:00:24 +0800: 1155077225:$message
Your information is not entered correctly.
Mon, 27 Mar 2017 12:00:31 +0800: 1155077225:$message
According to record, you\'ve registered session 9
Mon, 27 Mar 2017 12:00:49 +0800: 1155077225:$message
Error. Your SID has already registered.
Mon, 27 Mar 2017 12:01:17 +0800: 1155077225:$message
Error. Your SID has already registered.
Mon, 27 Mar 2017 12:02:43 +0800: 1155077225:$message
Error. Your SID has already registered.
Mon, 27 Mar 2017 12:03:17 +0800: 1155077225:$message
Error. Your SID has already registered.
Mon, 27 Mar 2017 13:17:54 +0800: 1155078764:$message
Good. Success. Thank you!
Mon, 27 Mar 2017 13:54:35 +0800: 1155077225:$message
According to record, you\'ve registered session 9
Mon, 27 Mar 2017 13:59:07 +0800: 1155079868:$message
Sorry, the information you\'ve input is not correct.
Mon, 27 Mar 2017 13:59:26 +0800: 1155079868:$message
Good. Success. Thank you!
Mon, 27 Mar 2017 14:08:55 +0800: 1155078437:$message
Sorry, the information you\'ve input is not correct.
Mon, 27 Mar 2017 14:09:31 +0800: 1155077225:$message
Error. Your SID has already registered.
Mon, 27 Mar 2017 14:09:34 +0800: 1155078437:$message
No record found. Maybe you haven\'t registered.
Mon, 27 Mar 2017 14:09:51 +0800: 1155078437:$message
Sorry, the information you\'ve input is not correct.
Mon, 27 Mar 2017 14:10:11 +0800: 1155078437:$message
Sorry, the information you\'ve input is not correct.
Mon, 27 Mar 2017 14:10:55 +0800: 1155078437:$message
Good. Success. Thank you!
Mon, 27 Mar 2017 14:11:10 +0800: 1155078437:$message
According to record, you\'ve registered session 22
Mon, 27 Mar 2017 14:16:50 +0800: 1155068333:$message
Sorry, the information you\'ve input is not correct.
Mon, 27 Mar 2017 14:17:23 +0800: 1155068333:$message
Good. Success. Thank you!
Mon, 27 Mar 2017 14:18:23 +0800: 1155079357:$message
According to record, you\'ve registered session 2
Mon, 27 Mar 2017 14:18:26 +0800: 1155078354:$message
Good. Success. Thank you!
Mon, 27 Mar 2017 14:19:58 +0800: 1155078412:$message
Good. Success. Thank you!
Mon, 27 Mar 2017 14:22:30 +0800: 1155078354:$message
Yes, you\'re already enrolled in session 5.
Mon, 27 Mar 2017 14:55:18 +0800: 1155070601:$message
According to record, you\'ve registered session 3
Mon, 27 Mar 2017 14:58:15 +0800: 1155070601:$message
Click OK to change to session 22. Click Cancel to Cancel
Mon, 27 Mar 2017 15:11:56 +0800: 1155078876:$message
Sorry, the information you\'ve input is not correct.
Mon, 27 Mar 2017 15:12:44 +0800: 1155078876:$message
Good. Success. Thank you!
Mon, 27 Mar 2017 15:13:15 +0800: 1155078047:$message
Sorry, the information you\'ve input is not correct.
Mon, 27 Mar 2017 15:13:42 +0800: 1155077310:$message
Sorry, the information you\'ve input is not correct.
Mon, 27 Mar 2017 15:13:43 +0800: 1155078047:$message
Sorry, the information you\'ve input is not correct.
Mon, 27 Mar 2017 15:13:49 +0800: 1155078153:$message
Good. Success. Thank you!
Mon, 27 Mar 2017 15:13:58 +0800: 1155078876:$message
Click OK to change to session 23. Click Cancel to Cancel
Mon, 27 Mar 2017 15:14:01 +0800: 1155077741:$message
Good. Success. Thank you!
Mon, 27 Mar 2017 15:14:01 +0800: 1155078876:$message
Good. Success. Thank you!
Mon, 27 Mar 2017 15:14:14 +0800: 1155078047:$message
Good. Success. Thank you!
Mon, 27 Mar 2017 15:14:16 +0800: 1155078153:$message
Your information is not entered correctly.
Mon, 27 Mar 2017 15:14:22 +0800: 1155077310:$message
Sorry, the information you\'ve input is not correct.
Mon, 27 Mar 2017 15:14:30 +0800: 1155077741:$message
According to record, you\'ve registered session 23
Mon, 27 Mar 2017 15:15:07 +0800: 1155078047:$message
According to record, you\'ve registered session 23
Mon, 27 Mar 2017 15:15:08 +0800: 1155077310:$message
Sorry, the information you\'ve input is not correct.
Mon, 27 Mar 2017 15:15:11 +0800: 1155078153:$message
According to record, you\'ve registered session 23
Mon, 27 Mar 2017 15:15:44 +0800: 1155077311:$message
Sorry, the information you\'ve input is not correct.
Mon, 27 Mar 2017 15:16:13 +0800: 1155077310:$message
Sorry, the information you\'ve input is not correct.
Mon, 27 Mar 2017 15:17:03 +0800: 1155077310:$message
Good. Success. Thank you!
Mon, 27 Mar 2017 15:20:56 +0800: 1155078887:$message
Sorry, the information you\'ve input is not correct.
Mon, 27 Mar 2017 15:22:28 +0800: 1155078887:$message
Sorry, the information you\'ve input is not correct.
Mon, 27 Mar 2017 15:23:01 +0800: 1155078133:$message
Sorry, the information you\'ve input is not correct.
Mon, 27 Mar 2017 15:23:08 +0800: 1155079732:$message
Good. Success. Thank you!
Mon, 27 Mar 2017 15:23:37 +0800: 1155078887:$message
Good. Success. Thank you!
Mon, 27 Mar 2017 15:23:38 +0800: 1155078133:$message
Good. Success. Thank you!
Mon, 27 Mar 2017 15:39:30 +0800: 1155077225:$message
Click OK to change to session 5. Click Cancel to Cancel
Mon, 27 Mar 2017 15:39:33 +0800: 1155077225:$message
Good. Success. Thank you!
Mon, 27 Mar 2017 15:46:42 +0800: 1155077225:$message
According to record, you\'ve registered session 5
Mon, 27 Mar 2017 15:48:39 +0800: 1155077225:$message
According to record, you\'ve registered session 5
Mon, 27 Mar 2017 16:42:01 +0800: 1155077870:$message
Good. Success. Thank you!
Mon, 27 Mar 2017 16:42:43 +0800: 1155077957:$message
Sorry, the information you\'ve input is not correct.
Mon, 27 Mar 2017 16:42:50 +0800: 1155079357:$message
According to record, you\'ve registered session 2
Mon, 27 Mar 2017 16:42:50 +0800: 1155078207:$message
Sorry, the information you\'ve input is not correct.
Mon, 27 Mar 2017 16:43:26 +0800: 1155078207:$message
Sorry, the information you\'ve input is not correct.
Mon, 27 Mar 2017 16:43:42 +0800: 1155077957:$message
Sorry, the information you\'ve input is not correct.
Mon, 27 Mar 2017 16:44:10 +0800: 1155078207:$message
Good. Success. Thank you!
Mon, 27 Mar 2017 16:44:18 +0800: 1155077957:$message
Good. Success. Thank you!
Mon, 27 Mar 2017 17:42:29 +0800: 1155077870:$message
According to record, you\'ve registered session 24
Mon, 27 Mar 2017 17:44:00 +0800: 1155078739:$message
Sorry, the information you\'ve input is not correct.
Mon, 27 Mar 2017 17:44:09 +0800: 1155079231:$message
No record found. Maybe you haven\'t registered.
Mon, 27 Mar 2017 17:44:43 +0800: 1155078739:$message
Sorry, the information you\'ve input is not correct.
Mon, 27 Mar 2017 17:45:03 +0800: 1155079231:$message
Sorry, the information you\'ve input is not correct.
Mon, 27 Mar 2017 17:45:36 +0800: 1155078739:$message
Good. Success. Thank you!
Mon, 27 Mar 2017 17:46:04 +0800: 1155079231:$message
Good. Success. Thank you!
Mon, 27 Mar 2017 19:34:22 +0800: 1155078831:$message
Good. Success. Thank you!
Mon, 27 Mar 2017 19:34:57 +0800: 1155078831:$message
According to record, you\'ve registered session 20
Mon, 27 Mar 2017 20:01:38 +0800: 1155076691:$message
Sorry, the information you\'ve input is not correct.
Mon, 27 Mar 2017 20:03:42 +0800: 1155076691:$message
Sorry, the information you\'ve input is not correct.
Mon, 27 Mar 2017 20:03:55 +0800: 1155076691:$message
No record found. Maybe you haven\'t registered.
Mon, 27 Mar 2017 20:05:03 +0800: 1155076691:$message
Sorry, the information you\'ve input is not correct.
Mon, 27 Mar 2017 20:05:18 +0800: 1155076691:$message
Good. Success. Thank you!
Mon, 27 Mar 2017 20:13:02 +0800: 1155079322:$message
Sorry, the information you\'ve input is not correct.
Mon, 27 Mar 2017 20:13:44 +0800: 1155079333:$message
Sorry, the information you\'ve input is not correct.
Mon, 27 Mar 2017 20:14:54 +0800: 1155079322:$message
Good. Success. Thank you!
Mon, 27 Mar 2017 20:41:09 +0800: 1155077995:$message
Sorry, the information you\'ve input is not correct.
Mon, 27 Mar 2017 20:41:42 +0800: 1155077995:$message
Sorry, the information you\'ve input is not correct.
Mon, 27 Mar 2017 20:42:18 +0800: 1155077995:$message
Sorry, the information you\'ve input is not correct.
Mon, 27 Mar 2017 20:42:48 +0800: 1155077995:$message
No record found. Maybe you haven\'t registered.
Mon, 27 Mar 2017 20:44:21 +0800: 1155077995:$message
Sorry, the information you\'ve input is not correct.
Mon, 27 Mar 2017 20:44:44 +0800: 1155077995:$message
Good. Success. Thank you!
Mon, 27 Mar 2017 22:01:39 +0800: 1155078647:$message
According to record, you\'ve registered session 3
Mon, 27 Mar 2017 22:10:14 +0800: 1155077729:$message
Good. Success. Thank you!
Mon, 27 Mar 2017 22:10:44 +0800: 1155077981:$message
No record found. Maybe you haven\'t registered.
Mon, 27 Mar 2017 22:10:46 +0800: 1155078816:$message
Sorry, the information you\'ve input is not correct.
Mon, 27 Mar 2017 22:11:13 +0800: 1155078816:$message
Sorry, the information you\'ve input is not correct.
Mon, 27 Mar 2017 22:11:29 +0800: 1155077981:$message
Sorry, the information you\'ve input is not correct.
Mon, 27 Mar 2017 22:11:50 +0800: 1155078816:$message
Good. Success. Thank you!
Mon, 27 Mar 2017 22:11:53 +0800: 1155077981:$message
Sorry, session full. Please pick another.
Mon, 27 Mar 2017 22:12:18 +0800: 1155077981:$message
Sorry, the information you\'ve input is not correct.
Mon, 27 Mar 2017 22:12:31 +0800: 1155077981:$message
Sorry, the information you\'ve input is not correct.
Mon, 27 Mar 2017 22:12:48 +0800: 1155077981:$message
Good. Success. Thank you!
Mon, 27 Mar 2017 22:13:06 +0800: 1155078816:$message
Click OK to change to session 9. Click Cancel to Cancel
Mon, 27 Mar 2017 22:13:13 +0800: 1155078816:$message
Good. Success. Thank you!
Mon, 27 Mar 2017 22:13:31 +0800: 1155077729:$message
Click OK to change to session 9. Click Cancel to Cancel
Mon, 27 Mar 2017 22:13:34 +0800: 1155077729:$message
Good. Success. Thank you!
Mon, 27 Mar 2017 22:14:26 +0800: 1155078816:$message
According to record, you\'ve registered session 9
