Sun, 09 Apr 2017 02:22:03 +0800: 1155079676:$SQL
SELECT * FROM DiscussionReg WHERE SID = 1155079676
Sun, 09 Apr 2017 02:22:03 +0800: 1155079676:$SQL
SELECT * FROM SID_LastName_List WHERE SID = 1155079676
Sun, 09 Apr 2017 02:22:03 +0800: 1155079676:$SQL
INSERT INTO `DiscussionReg` (`SID`, `FirstName`, `LastName`, `DiscussionSess`, `Phone`) VALUES (1155079676, 'Lok Hin', 'HUI', 19, 91727904)
Sun, 09 Apr 2017 02:22:46 +0800: 1155079676:$SQL
SELECT * FROM DiscussionReg WHERE SID = 1155079676
Sun, 09 Apr 2017 02:24:35 +0800: 1155079676:$SQL
SELECT * FROM DiscussionReg WHERE SID = 1155079676
Sun, 09 Apr 2017 02:24:38 +0800: 1155079676:$SQL
SELECT * FROM DiscussionReg WHERE SID = 1155079676
Sun, 09 Apr 2017 02:24:38 +0800: 1155079676:$SQL
UPDATE `DiscussionReg` SET `DiscussionSess` = 17 WHERE `DiscussionReg`.`SID` = 1155079676
Sun, 09 Apr 2017 16:52:29 +0800: 1155077725:$SQL
SELECT * FROM DiscussionReg WHERE SID = 1155077725
Sun, 09 Apr 2017 18:16:53 +0800: 1155078636:$SQL
SELECT * FROM DiscussionReg WHERE SID = 1155078636
Sun, 09 Apr 2017 18:17:20 +0800: 1155078636:$SQL
SELECT * FROM DiscussionReg WHERE SID = 1155078636
Sun, 09 Apr 2017 18:18:04 +0800: 1155077638:$SQL
SELECT * FROM DiscussionReg WHERE SID = 1155077638
Sun, 09 Apr 2017 18:18:05 +0800: 1155077638:$SQL
SELECT * FROM DiscussionReg WHERE SID = 1155077638
Sun, 09 Apr 2017 18:18:05 +0800: 1155077638:$SQL
SELECT * FROM DiscussionReg WHERE SID = 1155077638
Sun, 09 Apr 2017 18:19:00 +0800: 1155078636:$SQL
SELECT * FROM DiscussionReg WHERE SID = 1155078636
Sun, 09 Apr 2017 18:21:34 +0800: 1155068333:$SQL
SELECT * FROM DiscussionReg WHERE SID = 1155068333
Sun, 09 Apr 2017 21:43:34 +0800: 1155077049:$SQL
SELECT * FROM DiscussionReg WHERE SID = 1155077049
Sun, 09 Apr 2017 21:57:29 +0800: 1155070200:$SQL
SELECT * FROM DiscussionReg WHERE SID = 1155070200
Sun, 09 Apr 2017 21:57:45 +0800: 1155070200:$SQL
SELECT * FROM DiscussionReg WHERE SID = 1155070200
