Tue, 11 Apr 2017 00:00:12 +0800: 1155077375:$message
According to record, you\'ve registered session 2
Tue, 11 Apr 2017 00:00:34 +0800: 1155077375:$message
According to record, you\'ve registered session 2
Tue, 11 Apr 2017 01:04:15 +0800: 1155073338:$message
According to record, you\'ve registered session 2
Tue, 11 Apr 2017 01:20:09 +0800: 1155079645:$message
According to record, you\'ve registered session 17
Tue, 11 Apr 2017 01:33:59 +0800: 1155078218:$message
According to record, you\'ve registered session 17
Tue, 11 Apr 2017 02:20:27 +0800: 1155077870:$message
According to record, you\'ve registered session 24
Tue, 11 Apr 2017 02:33:19 +0800: 1155079910:$message
According to record, you\'ve registered session 12
Tue, 11 Apr 2017 02:41:18 +0800: 1155070200:$message
According to record, you\'ve registered session 13
Tue, 11 Apr 2017 10:32:12 +0800: 1155079784:$message
According to record, you\'ve registered session 6
Tue, 11 Apr 2017 10:41:35 +0800: 1155079868:$message
According to record, you\'ve registered session 4
Tue, 11 Apr 2017 10:42:32 +0800: 1155079868:$message
According to record, you\'ve registered session 4
Tue, 11 Apr 2017 10:46:52 +0800: 1155078764:$message
Your information is not entered correctly.
Tue, 11 Apr 2017 10:47:36 +0800: 1155070214:$message
According to record, you\'ve registered session 8
Tue, 11 Apr 2017 10:50:32 +0800: 1155078764:$message
According to record, you\'ve registered session 12
Tue, 11 Apr 2017 11:19:51 +0800: 1155078207:$message
Your information is not entered correctly.
Tue, 11 Apr 2017 11:20:32 +0800: 1155078207:$message
Your information is not entered correctly.
Tue, 11 Apr 2017 11:20:57 +0800: 1155078207:$message
According to record, you\'ve registered session 24
Tue, 11 Apr 2017 11:21:05 +0800: 1155078207:$message
According to record, you\'ve registered session 24
Tue, 11 Apr 2017 11:31:59 +0800: 1155076691:$message
According to record, you\'ve registered session 9
Tue, 11 Apr 2017 11:37:40 +0800: 1155078739:$message
Your information is not entered correctly.
Tue, 11 Apr 2017 11:38:06 +0800: 1155078739:$message
According to record, you\'ve registered session 10
Tue, 11 Apr 2017 12:09:52 +0800: 1155077908:$message
Your information is not entered correctly.
Tue, 11 Apr 2017 12:10:15 +0800: 1155077908:$message
According to record, you\'ve registered session 12
Tue, 11 Apr 2017 12:21:54 +0800: 1155079848:$message
Your information is not entered correctly.
Tue, 11 Apr 2017 12:22:10 +0800: 1155079848:$message
According to record, you\'ve registered session 25
Tue, 11 Apr 2017 12:32:52 +0800: 1155079357:$message
Your information is not entered correctly.
Tue, 11 Apr 2017 12:33:19 +0800: 1155079357:$message
According to record, you\'ve registered session 2
Tue, 11 Apr 2017 12:43:17 +0800: 1155078437:$message
According to record, you\'ve registered session 22
Tue, 11 Apr 2017 12:43:50 +0800: 1155079811:$message
Your information is not entered correctly.
Tue, 11 Apr 2017 12:45:25 +0800: 1155077725:$message
According to record, you\'ve registered session 7
Tue, 11 Apr 2017 13:02:15 +0800: 1155078636:$message
Your information is not entered correctly.
Tue, 11 Apr 2017 13:02:35 +0800: 1155078636:$message
Your information is not entered correctly.
Tue, 11 Apr 2017 13:02:49 +0800: 1155078636:$message
According to record, you\'ve registered session 6
Tue, 11 Apr 2017 13:13:12 +0800: 1155077750:$message
According to record, you\'ve registered session 8
Tue, 11 Apr 2017 13:29:23 +0800: 1155078753:$message
Your information is not entered correctly.
Tue, 11 Apr 2017 13:29:32 +0800: 1155079965:$message
Click OK to change to session . Click Cancel to Cancel
Tue, 11 Apr 2017 13:29:47 +0800: 1155079965:$message
According to record, you\'ve registered session 3
Tue, 11 Apr 2017 13:29:58 +0800: 1155078753:$message
According to record, you\'ve registered session 11
Tue, 11 Apr 2017 13:35:03 +0800: 1155078830:$message
According to record, you\'ve registered session 13
Tue, 11 Apr 2017 13:44:18 +0800: 1155077225:$message
According to record, you\'ve registered session 5
Tue, 11 Apr 2017 13:48:55 +0800: 1155078202:$message
According to record, you\'ve registered session 3
Tue, 11 Apr 2017 13:57:01 +0800: 1155077478:$message
Your information is not entered correctly.
Tue, 11 Apr 2017 13:57:27 +0800: 1155077478:$message
Your information is not entered correctly.
Tue, 11 Apr 2017 13:57:45 +0800: 1155078202:$message
According to record, you\'ve registered session 3
Tue, 11 Apr 2017 13:58:09 +0800: 1155077478:$message
Your information is not entered correctly.
Tue, 11 Apr 2017 14:00:49 +0800: 1155077352:$message
Good. Success. Thank you!
Tue, 11 Apr 2017 14:01:10 +0800: 1155077352:$message
Your information is not entered correctly.
Tue, 11 Apr 2017 14:03:17 +0800: 1155078237:$message
According to record, you\'ve registered session 12
Tue, 11 Apr 2017 14:07:44 +0800: 1155072413:$message
According to record, you\'ve registered session 13
Tue, 11 Apr 2017 14:20:29 +0800: 1155079102:$message
Your information is not entered correctly.
Tue, 11 Apr 2017 14:20:48 +0800: 1155079102:$message
Your information is not entered correctly.
Tue, 11 Apr 2017 14:21:11 +0800: 1155079102:$message
Your information is not entered correctly.
Tue, 11 Apr 2017 14:22:48 +0800: 1155079102:$message
Click OK to change to session . Click Cancel to Cancel
Tue, 11 Apr 2017 14:23:18 +0800: 1155079102:$message
According to record, you\'ve registered session 8
Tue, 11 Apr 2017 14:23:53 +0800: 1155079102:$message
Click OK to change to session . Click Cancel to Cancel
Tue, 11 Apr 2017 14:24:09 +0800: 1155079102:$message
According to record, you\'ve registered session 8
Tue, 11 Apr 2017 14:32:42 +0800: 1155034588:$message
According to record, you\'ve registered session 6
Tue, 11 Apr 2017 14:37:01 +0800: 1155034588:$message
Click OK to change to session . Click Cancel to Cancel
Tue, 11 Apr 2017 14:37:05 +0800: 1155034588:$message
Good. Success. Thank you!
Tue, 11 Apr 2017 14:44:02 +0800: 1155043099:$message
Sorry, the information you\'ve input is not correct.
Tue, 11 Apr 2017 14:47:08 +0800: 1155043099:$message
Sorry, the information you\'ve input is not correct.
Tue, 11 Apr 2017 14:47:38 +0800: 1155043099:$message
No record found. Maybe you haven\'t registered.
Tue, 11 Apr 2017 14:48:27 +0800: 1155043099:$message
Good. Success. Thank you!
Tue, 11 Apr 2017 14:49:10 +0800: 1155076008:$message
Your information is not entered correctly.
Tue, 11 Apr 2017 14:50:05 +0800: 1155076008:$message
According to record, you\'ve registered session 5
Tue, 11 Apr 2017 14:50:36 +0800: 1155043099:$message
According to record, you\'ve registered session 15
Tue, 11 Apr 2017 14:55:31 +0800: 1155080104:$message
Sorry, the information you\'ve input is not correct.
Tue, 11 Apr 2017 14:56:29 +0800: 1155080104:$message
Sorry, the information you\'ve input is not correct.
Tue, 11 Apr 2017 14:57:40 +0800: 1155080104:$message
Good. Success. Thank you!
Tue, 11 Apr 2017 15:31:53 +0800: 1155076691:$message
According to record, you\'ve registered session 9
Tue, 11 Apr 2017 15:50:55 +0800: 1155076691:$message
Click OK to change to session 15. Click Cancel to Cancel
Tue, 11 Apr 2017 15:50:57 +0800: 1155076691:$message
Good. Success. Thank you!
