Thu, 06 Apr 2017 00:53:37 +0800: 1155077280:$_POST
Array
(
    [SID] => 1155077280
    [FirstName] => 'Hon Man'
    [LastName] => 'WONG'
    [Phone] => 94822318
    [CheckBtn] => 'Check My Registration'
)

Thu, 06 Apr 2017 00:53:37 +0800: 1155077280:$_SERVER
Array
(
    [PATH] => /usr/local/bin:/usr/bin:/bin
    [PHP_FCGI_MAX_REQUESTS] => 10000
    [PHP_FCGI_CHILDREN] => 0
    [HTTP_HOST] => commonz.co.nf
    [SCRIPT_FILENAME] => /home/www/commonz.co.nf/2601/newReg.php
    [DOCUMENT_ROOT] => /home/domains
    [HTTP_ACCEPT_ENCODING] => gzip, deflate
    [SCRIPT_NAME] => /2601/newReg.php
    [REQUEST_URI] => /2601/newReg.php
    [QUERY_STRING] => 
    [REQUEST_METHOD] => POST
    [SERVER_PROTOCOL] => HTTP/1.1
    [GATEWAY_INTERFACE] => CGI/1.1
    [REMOTE_PORT] => 39421
    [SERVER_ADMIN] => [no address given]
    [REMOTE_ADDR] => 137.189.241.149
    [SERVER_PORT] => 80
    [SERVER_ADDR] => 185.176.43.61
    [SERVER_NAME] => commonz.co.nf
    [SERVER_SOFTWARE] => Apache
    [SERVER_SIGNATURE] => 
    [HTTP_ACCEPT_LANGUAGE] => en-US,en;q=0.8,zh-TW;q=0.6,zh;q=0.4
    [HTTP_REFERER] => http://commonz.co.nf/2601/newReg.php
    [HTTP_ACCEPT] => text/html,application/xhtml+xml,application/xml;q=0.9,image/webp,*/*;q=0.8
    [CONTENT_TYPE] => application/x-www-form-urlencoded
    [HTTP_USER_AGENT] => Mozilla/5.0 (Macintosh; Intel Mac OS X 10_11_6) AppleWebKit/537.36 (KHTML, like Gecko) Chrome/56.0.2924.87 Safari/537.36
    [HTTP_UPGRADE_INSECURE_REQUESTS] => 1
    [HTTP_ORIGIN] => http://commonz.co.nf
    [HTTP_CACHE_CONTROL] => max-age=0
    [CONTENT_LENGTH] => 92
    [HTTP_CONNECTION] => close
    [SCRIPT_URI] => http://commonz.co.nf/2601/newReg.php
    [SCRIPT_URL] => /2601/newReg.php
    [env_vhost] => commonz.co.nf
    [UNIQUE_ID] => WOUhEbmwKz0AAHmyTYgAAABi
    [FCGI_ROLE] => RESPONDER
    [PHP_SELF] => /2601/newReg.php
    [REQUEST_TIME_FLOAT] => 1491411217.67
    [REQUEST_TIME] => 1491411217
    [argv] => Array
        (
        )

    [argc] => 0
)

Thu, 06 Apr 2017 05:42:23 +0800: 1155079306:$_POST
Array
(
    [SID] => 1155079306
    [FirstName] => 'Ka Hin'
    [LastName] => 'TANG'
    [DiscussionSess] => 15
    [Phone] => 60645975
    [SubmitBtn] => 'New/Modify Registration'
)

Thu, 06 Apr 2017 05:42:23 +0800: 1155079306:$_SERVER
Array
(
    [PATH] => /usr/local/bin:/usr/bin:/bin
    [PHP_FCGI_MAX_REQUESTS] => 10000
    [PHP_FCGI_CHILDREN] => 0
    [HTTP_HOST] => commonz.co.nf
    [SCRIPT_FILENAME] => /home/www/commonz.co.nf/2601/newReg.php
    [DOCUMENT_ROOT] => /home/domains
    [HTTP_ACCEPT_ENCODING] => gzip, deflate
    [SCRIPT_NAME] => /2601/newReg.php
    [REQUEST_URI] => /2601/newReg.php
    [QUERY_STRING] => 
    [REQUEST_METHOD] => POST
    [SERVER_PROTOCOL] => HTTP/1.1
    [GATEWAY_INTERFACE] => CGI/1.1
    [REMOTE_PORT] => 49048
    [SERVER_ADMIN] => [no address given]
    [REMOTE_ADDR] => 123.255.103.127
    [SERVER_PORT] => 80
    [SERVER_ADDR] => 185.176.43.61
    [SERVER_NAME] => commonz.co.nf
    [SERVER_SOFTWARE] => Apache
    [SERVER_SIGNATURE] => 
    [HTTP_ACCEPT_LANGUAGE] => en-us
    [CONTENT_LENGTH] => 114
    [HTTP_REFERER] => http://commonz.co.nf/2601/newReg.php
    [HTTP_USER_AGENT] => Mozilla/5.0 (iPhone; CPU iPhone OS 10_2_1 like Mac OS X) AppleWebKit/602.4.6 (KHTML, like Gecko) Version/10.0 Mobile/14D27 Safari/602.1
    [HTTP_ACCEPT] => text/html,application/xhtml+xml,application/xml;q=0.9,*/*;q=0.8
    [HTTP_UPGRADE_INSECURE_REQUESTS] => 1
    [HTTP_CONNECTION] => close
    [HTTP_ORIGIN] => http://commonz.co.nf
    [CONTENT_TYPE] => application/x-www-form-urlencoded
    [SCRIPT_URI] => http://commonz.co.nf/2601/newReg.php
    [SCRIPT_URL] => /2601/newReg.php
    [env_vhost] => commonz.co.nf
    [UNIQUE_ID] => WOVkq7mwKz0AAEAVTYcAAAAm
    [FCGI_ROLE] => RESPONDER
    [PHP_SELF] => /2601/newReg.php
    [REQUEST_TIME_FLOAT] => 1491428543.91
    [REQUEST_TIME] => 1491428543
    [argv] => Array
        (
        )

    [argc] => 0
)

Thu, 06 Apr 2017 05:42:24 +0800: 1155079306:$_POST
Array
(
    [SID] => 1155079306
    [FirstName] => 'Ka Hin'
    [LastName] => 'TANG'
    [DiscussionSess] => 15
    [Phone] => 60645975
    [SubmitBtn] => 'New/Modify Registration'
)

Thu, 06 Apr 2017 05:42:24 +0800: 1155079306:$_SERVER
Array
(
    [PATH] => /usr/local/bin:/usr/bin:/bin
    [PHP_FCGI_MAX_REQUESTS] => 10000
    [PHP_FCGI_CHILDREN] => 0
    [HTTP_HOST] => commonz.co.nf
    [SCRIPT_FILENAME] => /home/www/commonz.co.nf/2601/newReg.php
    [DOCUMENT_ROOT] => /home/domains
    [HTTP_ACCEPT_ENCODING] => gzip, deflate
    [SCRIPT_NAME] => /2601/newReg.php
    [REQUEST_URI] => /2601/newReg.php
    [QUERY_STRING] => 
    [REQUEST_METHOD] => POST
    [SERVER_PROTOCOL] => HTTP/1.1
    [GATEWAY_INTERFACE] => CGI/1.1
    [REMOTE_PORT] => 26691
    [SERVER_ADMIN] => [no address given]
    [REMOTE_ADDR] => 123.255.103.127
    [SERVER_PORT] => 80
    [SERVER_ADDR] => 185.176.43.61
    [SERVER_NAME] => commonz.co.nf
    [SERVER_SOFTWARE] => Apache
    [SERVER_SIGNATURE] => 
    [HTTP_ACCEPT_LANGUAGE] => en-us
    [CONTENT_LENGTH] => 114
    [HTTP_REFERER] => http://commonz.co.nf/2601/newReg.php
    [HTTP_USER_AGENT] => Mozilla/5.0 (iPhone; CPU iPhone OS 10_2_1 like Mac OS X) AppleWebKit/602.4.6 (KHTML, like Gecko) Version/10.0 Mobile/14D27 Safari/602.1
    [HTTP_ACCEPT] => text/html,application/xhtml+xml,application/xml;q=0.9,*/*;q=0.8
    [HTTP_UPGRADE_INSECURE_REQUESTS] => 1
    [HTTP_CONNECTION] => close
    [HTTP_ORIGIN] => http://commonz.co.nf
    [CONTENT_TYPE] => application/x-www-form-urlencoded
    [SCRIPT_URI] => http://commonz.co.nf/2601/newReg.php
    [SCRIPT_URL] => /2601/newReg.php
    [env_vhost] => commonz.co.nf
    [UNIQUE_ID] => WOVkwLmwKz0AAD@RM5YAAAAY
    [FCGI_ROLE] => RESPONDER
    [PHP_SELF] => /2601/newReg.php
    [REQUEST_TIME_FLOAT] => 1491428544.83
    [REQUEST_TIME] => 1491428544
    [argv] => Array
        (
        )

    [argc] => 0
)

Thu, 06 Apr 2017 09:35:58 +0800: 1155079661:$_POST
Array
(
    [SID] => 1155079661
    [FirstName] => 'Kit Pong'
    [LastName] => 'CHAN'
    [DiscussionSess] => 17
    [Phone] => 92761004
    [SubmitBtn] => 'New/Modify Registration'
)

Thu, 06 Apr 2017 09:35:58 +0800: 1155079661:$_SERVER
Array
(
    [PATH] => /usr/local/bin:/usr/bin:/bin
    [PHP_FCGI_MAX_REQUESTS] => 10000
    [PHP_FCGI_CHILDREN] => 0
    [HTTP_HOST] => commonz.co.nf
    [SCRIPT_FILENAME] => /home/www/commonz.co.nf/2601/newReg.php
    [DOCUMENT_ROOT] => /home/domains
    [HTTP_ACCEPT_ENCODING] => gzip, deflate
    [SCRIPT_NAME] => /2601/newReg.php
    [REQUEST_URI] => /2601/newReg.php
    [QUERY_STRING] => 
    [REQUEST_METHOD] => POST
    [SERVER_PROTOCOL] => HTTP/1.1
    [GATEWAY_INTERFACE] => CGI/1.1
    [REMOTE_PORT] => 62518
    [SERVER_ADMIN] => [no address given]
    [REMOTE_ADDR] => 123.255.103.53
    [SERVER_PORT] => 80
    [SERVER_ADDR] => 185.176.43.61
    [SERVER_NAME] => commonz.co.nf
    [SERVER_SOFTWARE] => Apache
    [SERVER_SIGNATURE] => 
    [HTTP_ACCEPT_LANGUAGE] => zh-tw
    [HTTP_REFERER] => http://commonz.co.nf/2601/newReg.php
    [HTTP_USER_AGENT] => Mozilla/5.0 (iPhone; CPU iPhone OS 9_3_4 like Mac OS X) AppleWebKit/601.1.46 (KHTML, like Gecko) Version/9.0 Mobile/13G35 Safari/601.1
    [HTTP_ACCEPT] => text/html,application/xhtml+xml,application/xml;q=0.9,*/*;q=0.8
    [HTTP_CONNECTION] => close
    [CONTENT_LENGTH] => 116
    [HTTP_ORIGIN] => http://commonz.co.nf
    [CONTENT_TYPE] => application/x-www-form-urlencoded
    [SCRIPT_URI] => http://commonz.co.nf/2601/newReg.php
    [SCRIPT_URL] => /2601/newReg.php
    [env_vhost] => commonz.co.nf
    [UNIQUE_ID] => WOWbfrmwKz0AACxbt-MAAAAb
    [FCGI_ROLE] => RESPONDER
    [PHP_SELF] => /2601/newReg.php
    [REQUEST_TIME_FLOAT] => 1491442558.03
    [REQUEST_TIME] => 1491442558
    [argv] => Array
        (
        )

    [argc] => 0
)

Thu, 06 Apr 2017 11:05:43 +0800: 1155078218:$_POST
Array
(
    [SID] => 1155078218
    [FirstName] => 'Yu Yu '
    [LastName] => 'Chan '
    [DiscussionSess] => 17
    [Phone] => 60289829
    [SubmitBtn] => 'New/Modify Registration'
)

Thu, 06 Apr 2017 11:05:43 +0800: 1155078218:$_SERVER
Array
(
    [PATH] => /usr/local/bin:/usr/bin:/bin
    [PHP_FCGI_MAX_REQUESTS] => 10000
    [PHP_FCGI_CHILDREN] => 0
    [HTTP_HOST] => commonz.co.nf
    [SCRIPT_FILENAME] => /home/www/commonz.co.nf/2601/newReg.php
    [DOCUMENT_ROOT] => /home/domains
    [HTTP_ACCEPT_ENCODING] => gzip, deflate
    [SCRIPT_NAME] => /2601/newReg.php
    [REQUEST_URI] => /2601/newReg.php
    [QUERY_STRING] => 
    [REQUEST_METHOD] => POST
    [SERVER_PROTOCOL] => HTTP/1.1
    [GATEWAY_INTERFACE] => CGI/1.1
    [REMOTE_PORT] => 36240
    [SERVER_ADMIN] => [no address given]
    [REMOTE_ADDR] => 123.255.103.212
    [SERVER_PORT] => 80
    [SERVER_ADDR] => 185.176.43.61
    [SERVER_NAME] => commonz.co.nf
    [SERVER_SOFTWARE] => Apache
    [SERVER_SIGNATURE] => 
    [HTTP_ACCEPT_LANGUAGE] => en-us
    [CONTENT_LENGTH] => 115
    [HTTP_REFERER] => http://commonz.co.nf/2601/newReg.php
    [HTTP_USER_AGENT] => Mozilla/5.0 (Macintosh; Intel Mac OS X 10_12_3) AppleWebKit/602.4.8 (KHTML, like Gecko) Version/10.0.3 Safari/602.4.8
    [HTTP_ACCEPT] => text/html,application/xhtml+xml,application/xml;q=0.9,*/*;q=0.8
    [HTTP_UPGRADE_INSECURE_REQUESTS] => 1
    [HTTP_CONNECTION] => close
    [HTTP_ORIGIN] => http://commonz.co.nf
    [CONTENT_TYPE] => application/x-www-form-urlencoded
    [SCRIPT_URI] => http://commonz.co.nf/2601/newReg.php
    [SCRIPT_URL] => /2601/newReg.php
    [env_vhost] => commonz.co.nf
    [UNIQUE_ID] => WOWwh7mwKz0AACKCCkMAAAAA
    [FCGI_ROLE] => RESPONDER
    [PHP_SELF] => /2601/newReg.php
    [REQUEST_TIME_FLOAT] => 1491447943.69
    [REQUEST_TIME] => 1491447943
    [argv] => Array
        (
        )

    [argc] => 0
)

Thu, 06 Apr 2017 11:06:03 +0800: 1155078218:$_POST
Array
(
    [SID] => 1155078218
    [FirstName] => 'Yu Yu '
    [LastName] => 'CHAN'
    [DiscussionSess] => 17
    [Phone] => 60289829
    [SubmitBtn] => 'New/Modify Registration'
)

Thu, 06 Apr 2017 11:06:03 +0800: 1155078218:$_SERVER
Array
(
    [PATH] => /usr/local/bin:/usr/bin:/bin
    [PHP_FCGI_MAX_REQUESTS] => 10000
    [PHP_FCGI_CHILDREN] => 0
    [HTTP_HOST] => commonz.co.nf
    [SCRIPT_FILENAME] => /home/www/commonz.co.nf/2601/newReg.php
    [DOCUMENT_ROOT] => /home/domains
    [HTTP_ACCEPT_ENCODING] => gzip, deflate
    [SCRIPT_NAME] => /2601/newReg.php
    [REQUEST_URI] => /2601/newReg.php
    [QUERY_STRING] => 
    [REQUEST_METHOD] => POST
    [SERVER_PROTOCOL] => HTTP/1.1
    [GATEWAY_INTERFACE] => CGI/1.1
    [REMOTE_PORT] => 53113
    [SERVER_ADMIN] => [no address given]
    [REMOTE_ADDR] => 123.255.103.212
    [SERVER_PORT] => 80
    [SERVER_ADDR] => 185.176.43.61
    [SERVER_NAME] => commonz.co.nf
    [SERVER_SOFTWARE] => Apache
    [SERVER_SIGNATURE] => 
    [HTTP_ACCEPT_LANGUAGE] => en-us
    [CONTENT_LENGTH] => 114
    [HTTP_REFERER] => http://commonz.co.nf/2601/newReg.php
    [HTTP_USER_AGENT] => Mozilla/5.0 (Macintosh; Intel Mac OS X 10_12_3) AppleWebKit/602.4.8 (KHTML, like Gecko) Version/10.0.3 Safari/602.4.8
    [HTTP_ACCEPT] => text/html,application/xhtml+xml,application/xml;q=0.9,*/*;q=0.8
    [HTTP_UPGRADE_INSECURE_REQUESTS] => 1
    [HTTP_CONNECTION] => close
    [HTTP_ORIGIN] => http://commonz.co.nf
    [CONTENT_TYPE] => application/x-www-form-urlencoded
    [SCRIPT_URI] => http://commonz.co.nf/2601/newReg.php
    [SCRIPT_URL] => /2601/newReg.php
    [env_vhost] => commonz.co.nf
    [UNIQUE_ID] => WOWwm7mwKz0AAByewukAAAA6
    [FCGI_ROLE] => RESPONDER
    [PHP_SELF] => /2601/newReg.php
    [REQUEST_TIME_FLOAT] => 1491447963.12
    [REQUEST_TIME] => 1491447963
    [argv] => Array
        (
        )

    [argc] => 0
)

