Tue, 28 Mar 2017 00:58:50 +0800: 1155070200:$message
Good. Success. Thank you!
Tue, 28 Mar 2017 00:59:14 +0800: 1155070200:$message
According to record, you\'ve registered session 10
Tue, 28 Mar 2017 00:59:46 +0800: 1155070200:$message
Click OK to change to session 15. Click Cancel to Cancel
Tue, 28 Mar 2017 00:59:52 +0800: 1155070200:$message
Good. Success. Thank you!
Tue, 28 Mar 2017 01:50:31 +0800: 1155070200:$message
Click OK to change to session 13. Click Cancel to Cancel
Tue, 28 Mar 2017 01:50:34 +0800: 1155070200:$message
Good. Success. Thank you!
Tue, 28 Mar 2017 01:55:23 +0800: 1155077078:$message
No record found. Maybe you haven\'t registered.
Tue, 28 Mar 2017 01:56:10 +0800: 1155077078:$message
Sorry, the information you\'ve input is not correct.
Tue, 28 Mar 2017 01:56:50 +0800: 1155077078:$message
Good. Success. Thank you!
Tue, 28 Mar 2017 02:28:10 +0800: 1155079790:$message
Sorry, the information you\'ve input is not correct.
Tue, 28 Mar 2017 02:28:42 +0800: 1155079790:$message
Good. Success. Thank you!
Tue, 28 Mar 2017 02:35:19 +0800: 1155075502:$message
Good. Success. Thank you!
Tue, 28 Mar 2017 02:35:36 +0800: 1155075502:$message
According to record, you\'ve registered session 13
Tue, 28 Mar 2017 02:43:37 +0800: 1155070200:$message
According to record, you\'ve registered session 13
Tue, 28 Mar 2017 02:48:25 +0800: 1155078887:$message
According to record, you\'ve registered session 22
Tue, 28 Mar 2017 09:45:50 +0800: 1155079811:$message
Good. Success. Thank you!
Tue, 28 Mar 2017 09:46:25 +0800: 1155079811:$message
According to record, you\'ve registered session 8
Tue, 28 Mar 2017 10:14:12 +0800: 1155079848:$message
Sorry, the information you\'ve input is not correct.
Tue, 28 Mar 2017 10:15:11 +0800: 1155079848:$message
Good. Success. Thank you!
Tue, 28 Mar 2017 10:52:03 +0800: 1155078736:$message
Sorry, the information you\'ve input is not correct.
Tue, 28 Mar 2017 10:52:43 +0800: 1155078736:$message
Sorry, the information you\'ve input is not correct.
Tue, 28 Mar 2017 10:53:52 +0800: 1155078736:$message
Sorry, the information you\'ve input is not correct.
Tue, 28 Mar 2017 10:54:17 +0800: 1155078736:$message
Good. Success. Thank you!
Tue, 28 Mar 2017 11:56:49 +0800: 1155072413:$message
Sorry, the information you\'ve input is not correct.
Tue, 28 Mar 2017 11:57:28 +0800: 1155072413:$message
Good. Success. Thank you!
Tue, 28 Mar 2017 11:57:50 +0800: 1155072413:$message
According to record, you\'ve registered session 13
Tue, 28 Mar 2017 12:04:19 +0800: 1155077908:$message
Sorry, the information you\'ve input is not correct.
Tue, 28 Mar 2017 12:04:54 +0800: 1155077908:$message
Good. Success. Thank you!
Tue, 28 Mar 2017 12:05:51 +0800: 1155077908:$message
According to record, you\'ve registered session 12
Tue, 28 Mar 2017 12:10:51 +0800: 1155077049:$message
Good. Success. Thank you!
Tue, 28 Mar 2017 12:11:05 +0800: 1155077077:$message
Good. Success. Thank you!
Tue, 28 Mar 2017 12:43:05 +0800: 1155079925:$message
Your information is not entered correctly.
Tue, 28 Mar 2017 12:43:20 +0800: 1155079925:$message
According to record, you\'ve registered session 7
Tue, 28 Mar 2017 13:02:10 +0800: 1155079791:$message
Good. Success. Thank you!
Tue, 28 Mar 2017 13:02:44 +0800: 1155079791:$message
According to record, you\'ve registered session 9
Tue, 28 Mar 2017 13:05:35 +0800: 1155078237:$message
Sorry, the information you\'ve input is not correct.
Tue, 28 Mar 2017 13:06:10 +0800: 1155078237:$message
Good. Success. Thank you!
Tue, 28 Mar 2017 13:10:00 +0800: 1155079027:$message
Good. Success. Thank you!
Tue, 28 Mar 2017 13:10:30 +0800: 1155079791:$message
Click OK to change to session 16. Click Cancel to Cancel
Tue, 28 Mar 2017 13:10:37 +0800: 1155079791:$message
Good. Success. Thank you!
Tue, 28 Mar 2017 13:10:40 +0800: 1155079027:$message
According to record, you\'ve registered session 16
Tue, 28 Mar 2017 13:11:16 +0800: 1155077638:$message
Good. Success. Thank you!
Tue, 28 Mar 2017 13:12:19 +0800: 1155079791:$message
According to record, you\'ve registered session 16
Tue, 28 Mar 2017 13:12:31 +0800: 1155078315:$message
Good. Success. Thank you!
Tue, 28 Mar 2017 13:13:08 +0800: 1155078315:$message
According to record, you\'ve registered session 13
Tue, 28 Mar 2017 13:52:21 +0800: 1155077295:$message
Sorry, the information you\'ve input is not correct.
Tue, 28 Mar 2017 13:52:52 +0800: 1155077295:$message
Good. Success. Thank you!
Tue, 28 Mar 2017 14:02:06 +0800: 1155079645:$message
Sorry, the information you\'ve input is not correct.
Tue, 28 Mar 2017 14:02:44 +0800: 1155079645:$message
No record found. Maybe you haven\'t registered.
Tue, 28 Mar 2017 14:02:54 +0800: 1155079645:$message
Sorry, the information you\'ve input is not correct.
Tue, 28 Mar 2017 14:03:10 +0800: 1155079645:$message
Good. Success. Thank you!
Tue, 28 Mar 2017 14:03:27 +0800: 1155079645:$message
According to record, you\'ve registered session 17
Tue, 28 Mar 2017 14:29:16 +0800: 1155078926:$message
Sorry, the information you\'ve input is not correct.
Tue, 28 Mar 2017 14:29:44 +0800: 1155078926:$message
Good. Success. Thank you!
Tue, 28 Mar 2017 14:30:22 +0800: 1155078315:$message
Click OK to change to session 20. Click Cancel to Cancel
Tue, 28 Mar 2017 14:30:25 +0800: 1155078315:$message
Good. Success. Thank you!
Tue, 28 Mar 2017 15:30:52 +0800: 1155072741:$message
Good. Success. Thank you!
