Tue, 11 Apr 2017 00:00:12 +0800: 1155077375:$SQL
SELECT * FROM DiscussionReg WHERE SID = 1155077375
Tue, 11 Apr 2017 00:00:34 +0800: 1155077375:$SQL
SELECT * FROM DiscussionReg WHERE SID = 1155077375
Tue, 11 Apr 2017 01:04:15 +0800: 1155073338:$SQL
SELECT * FROM DiscussionReg WHERE SID = 1155073338
Tue, 11 Apr 2017 01:20:09 +0800: 1155079645:$SQL
SELECT * FROM DiscussionReg WHERE SID = 1155079645
Tue, 11 Apr 2017 01:33:59 +0800: 1155078218:$SQL
SELECT * FROM DiscussionReg WHERE SID = 1155078218
Tue, 11 Apr 2017 02:20:27 +0800: 1155077870:$SQL
SELECT * FROM DiscussionReg WHERE SID = 1155077870
Tue, 11 Apr 2017 02:33:19 +0800: 1155079910:$SQL
SELECT * FROM DiscussionReg WHERE SID = 1155079910
Tue, 11 Apr 2017 02:41:18 +0800: 1155070200:$SQL
SELECT * FROM DiscussionReg WHERE SID = 1155070200
Tue, 11 Apr 2017 10:32:12 +0800: 1155079784:$SQL
SELECT * FROM DiscussionReg WHERE SID = 1155079784
Tue, 11 Apr 2017 10:41:35 +0800: 1155079868:$SQL
SELECT * FROM DiscussionReg WHERE SID = 1155079868
Tue, 11 Apr 2017 10:42:32 +0800: 1155079868:$SQL
SELECT * FROM DiscussionReg WHERE SID = 1155079868
Tue, 11 Apr 2017 10:46:52 +0800: 1155078764:$SQL
SELECT * FROM DiscussionReg WHERE SID = 1155078764
Tue, 11 Apr 2017 10:47:36 +0800: 1155070214:$SQL
SELECT * FROM DiscussionReg WHERE SID = 1155070214
Tue, 11 Apr 2017 10:50:32 +0800: 1155078764:$SQL
SELECT * FROM DiscussionReg WHERE SID = 1155078764
Tue, 11 Apr 2017 11:19:51 +0800: 1155078207:$SQL
SELECT * FROM DiscussionReg WHERE SID = 1155078207
Tue, 11 Apr 2017 11:20:32 +0800: 1155078207:$SQL
SELECT * FROM DiscussionReg WHERE SID = 1155078207
Tue, 11 Apr 2017 11:20:57 +0800: 1155078207:$SQL
SELECT * FROM DiscussionReg WHERE SID = 1155078207
Tue, 11 Apr 2017 11:21:05 +0800: 1155078207:$SQL
SELECT * FROM DiscussionReg WHERE SID = 1155078207
Tue, 11 Apr 2017 11:31:59 +0800: 1155076691:$SQL
SELECT * FROM DiscussionReg WHERE SID = 1155076691
Tue, 11 Apr 2017 11:37:40 +0800: 1155078739:$SQL
SELECT * FROM DiscussionReg WHERE SID = 1155078739
Tue, 11 Apr 2017 11:38:06 +0800: 1155078739:$SQL
SELECT * FROM DiscussionReg WHERE SID = 1155078739
Tue, 11 Apr 2017 12:09:52 +0800: 1155077908:$SQL
SELECT * FROM DiscussionReg WHERE SID = 1155077908
Tue, 11 Apr 2017 12:10:15 +0800: 1155077908:$SQL
SELECT * FROM DiscussionReg WHERE SID = 1155077908
Tue, 11 Apr 2017 12:21:54 +0800: 1155079848:$SQL
SELECT * FROM DiscussionReg WHERE SID = 1155079848
Tue, 11 Apr 2017 12:22:10 +0800: 1155079848:$SQL
SELECT * FROM DiscussionReg WHERE SID = 1155079848
Tue, 11 Apr 2017 12:32:52 +0800: 1155079357:$SQL
SELECT * FROM DiscussionReg WHERE SID = 1155079357
Tue, 11 Apr 2017 12:33:19 +0800: 1155079357:$SQL
SELECT * FROM DiscussionReg WHERE SID = 1155079357
Tue, 11 Apr 2017 12:43:17 +0800: 1155078437:$SQL
SELECT * FROM DiscussionReg WHERE SID = 1155078437
Tue, 11 Apr 2017 12:43:50 +0800: 1155079811:$SQL
SELECT * FROM DiscussionReg WHERE SID = 1155079811
Tue, 11 Apr 2017 12:45:25 +0800: 1155077725:$SQL
SELECT * FROM DiscussionReg WHERE SID = 1155077725
Tue, 11 Apr 2017 13:02:15 +0800: 1155078636:$SQL
SELECT * FROM DiscussionReg WHERE SID = 1155078636
Tue, 11 Apr 2017 13:02:35 +0800: 1155078636:$SQL
SELECT * FROM DiscussionReg WHERE SID = 1155078636
Tue, 11 Apr 2017 13:02:49 +0800: 1155078636:$SQL
SELECT * FROM DiscussionReg WHERE SID = 1155078636
Tue, 11 Apr 2017 13:13:12 +0800: 1155077750:$SQL
SELECT * FROM DiscussionReg WHERE SID = 1155077750
Tue, 11 Apr 2017 13:29:23 +0800: 1155078753:$SQL
SELECT * FROM DiscussionReg WHERE SID = 1155078753
Tue, 11 Apr 2017 13:29:32 +0800: 1155079965:$SQL
SELECT * FROM DiscussionReg WHERE SID = 1155079965
Tue, 11 Apr 2017 13:29:47 +0800: 1155079965:$SQL
SELECT * FROM DiscussionReg WHERE SID = 1155079965
Tue, 11 Apr 2017 13:29:58 +0800: 1155078753:$SQL
SELECT * FROM DiscussionReg WHERE SID = 1155078753
Tue, 11 Apr 2017 13:35:03 +0800: 1155078830:$SQL
SELECT * FROM DiscussionReg WHERE SID = 1155078830
Tue, 11 Apr 2017 13:44:18 +0800: 1155077225:$SQL
SELECT * FROM DiscussionReg WHERE SID = 1155077225
Tue, 11 Apr 2017 13:48:55 +0800: 1155078202:$SQL
SELECT * FROM DiscussionReg WHERE SID = 1155078202
Tue, 11 Apr 2017 13:57:01 +0800: 1155077478:$SQL
SELECT * FROM DiscussionReg WHERE SID = 1155077478
Tue, 11 Apr 2017 13:57:27 +0800: 1155077478:$SQL
SELECT * FROM DiscussionReg WHERE SID = 1155077478
Tue, 11 Apr 2017 13:57:45 +0800: 1155078202:$SQL
SELECT * FROM DiscussionReg WHERE SID = 1155078202
Tue, 11 Apr 2017 13:58:09 +0800: 1155077478:$SQL
SELECT * FROM DiscussionReg WHERE SID = 1155077478
Tue, 11 Apr 2017 14:00:49 +0800: 1155077352:$SQL
SELECT * FROM DiscussionReg WHERE SID = 1155077352
Tue, 11 Apr 2017 14:00:49 +0800: 1155077352:$SQL
SELECT * FROM SID_LastName_List WHERE SID = 1155077352
Tue, 11 Apr 2017 14:00:49 +0800: 1155077352:$SQL
INSERT INTO `DiscussionReg` (`SID`, `FirstName`, `LastName`, `DiscussionSess`, `Phone`) VALUES (1155077352, 'Chi Yan', 'TANG', 13, 62188130)
Tue, 11 Apr 2017 14:01:10 +0800: 1155077352:$SQL
SELECT * FROM DiscussionReg WHERE SID = 1155077352
Tue, 11 Apr 2017 14:03:17 +0800: 1155078237:$SQL
SELECT * FROM DiscussionReg WHERE SID = 1155078237
Tue, 11 Apr 2017 14:07:44 +0800: 1155072413:$SQL
SELECT * FROM DiscussionReg WHERE SID = 1155072413
Tue, 11 Apr 2017 14:20:29 +0800: 1155079102:$SQL
SELECT * FROM DiscussionReg WHERE SID = 1155079102
Tue, 11 Apr 2017 14:20:48 +0800: 1155079102:$SQL
SELECT * FROM DiscussionReg WHERE SID = 1155079102
Tue, 11 Apr 2017 14:21:11 +0800: 1155079102:$SQL
SELECT * FROM DiscussionReg WHERE SID = 1155079102
Tue, 11 Apr 2017 14:22:48 +0800: 1155079102:$SQL
SELECT * FROM DiscussionReg WHERE SID = 1155079102
Tue, 11 Apr 2017 14:23:18 +0800: 1155079102:$SQL
SELECT * FROM DiscussionReg WHERE SID = 1155079102
Tue, 11 Apr 2017 14:23:53 +0800: 1155079102:$SQL
SELECT * FROM DiscussionReg WHERE SID = 1155079102
Tue, 11 Apr 2017 14:24:09 +0800: 1155079102:$SQL
SELECT * FROM DiscussionReg WHERE SID = 1155079102
Tue, 11 Apr 2017 14:32:42 +0800: 1155034588:$SQL
SELECT * FROM DiscussionReg WHERE SID = 1155034588
Tue, 11 Apr 2017 14:37:01 +0800: 1155034588:$SQL
SELECT * FROM DiscussionReg WHERE SID = 1155034588
Tue, 11 Apr 2017 14:37:05 +0800: 1155034588:$SQL
SELECT * FROM DiscussionReg WHERE SID = 1155034588
Tue, 11 Apr 2017 14:37:05 +0800: 1155034588:$SQL
UPDATE `DiscussionReg` SET `DiscussionSess` = '' WHERE `DiscussionReg`.`SID` = 1155034588
Tue, 11 Apr 2017 14:44:02 +0800: 1155043099:$SQL
SELECT * FROM DiscussionReg WHERE SID = 1155043099
Tue, 11 Apr 2017 14:44:02 +0800: 1155043099:$SQL
SELECT * FROM SID_LastName_List WHERE SID = 1155043099
Tue, 11 Apr 2017 14:47:08 +0800: 1155043099:$SQL
SELECT * FROM DiscussionReg WHERE SID = 1155043099
Tue, 11 Apr 2017 14:47:08 +0800: 1155043099:$SQL
SELECT * FROM SID_LastName_List WHERE SID = 1155043099
Tue, 11 Apr 2017 14:47:38 +0800: 1155043099:$SQL
SELECT * FROM DiscussionReg WHERE SID = 1155043099
Tue, 11 Apr 2017 14:48:27 +0800: 1155043099:$SQL
SELECT * FROM DiscussionReg WHERE SID = 1155043099
Tue, 11 Apr 2017 14:48:27 +0800: 1155043099:$SQL
SELECT * FROM SID_LastName_List WHERE SID = 1155043099
Tue, 11 Apr 2017 14:48:27 +0800: 1155043099:$SQL
INSERT INTO `DiscussionReg` (`SID`, `FirstName`, `LastName`, `DiscussionSess`, `Phone`) VALUES (1155043099, 'Chi Bun', 'CHAN', 15, 92097628)
Tue, 11 Apr 2017 14:49:10 +0800: 1155076008:$SQL
SELECT * FROM DiscussionReg WHERE SID = 1155076008
Tue, 11 Apr 2017 14:50:05 +0800: 1155076008:$SQL
SELECT * FROM DiscussionReg WHERE SID = 1155076008
Tue, 11 Apr 2017 14:50:36 +0800: 1155043099:$SQL
SELECT * FROM DiscussionReg WHERE SID = 1155043099
Tue, 11 Apr 2017 14:55:31 +0800: 1155080104:$SQL
SELECT * FROM DiscussionReg WHERE SID = 1155080104
Tue, 11 Apr 2017 14:55:31 +0800: 1155080104:$SQL
SELECT * FROM SID_LastName_List WHERE SID = 1155080104
Tue, 11 Apr 2017 14:56:29 +0800: 1155080104:$SQL
SELECT * FROM DiscussionReg WHERE SID = 1155080104
Tue, 11 Apr 2017 14:56:29 +0800: 1155080104:$SQL
SELECT * FROM SID_LastName_List WHERE SID = 1155080104
Tue, 11 Apr 2017 14:57:40 +0800: 1155080104:$SQL
SELECT * FROM DiscussionReg WHERE SID = 1155080104
Tue, 11 Apr 2017 14:57:40 +0800: 1155080104:$SQL
SELECT * FROM SID_LastName_List WHERE SID = 1155080104
Tue, 11 Apr 2017 14:57:40 +0800: 1155080104:$SQL
INSERT INTO `DiscussionReg` (`SID`, `FirstName`, `LastName`, `DiscussionSess`, `Phone`) VALUES (1155080104, 'Ho Hin', 'LAI', 15, 53094922)
Tue, 11 Apr 2017 15:31:53 +0800: 1155076691:$SQL
SELECT * FROM DiscussionReg WHERE SID = 1155076691
Tue, 11 Apr 2017 15:50:55 +0800: 1155076691:$SQL
SELECT * FROM DiscussionReg WHERE SID = 1155076691
Tue, 11 Apr 2017 15:50:57 +0800: 1155076691:$SQL
SELECT * FROM DiscussionReg WHERE SID = 1155076691
Tue, 11 Apr 2017 15:50:57 +0800: 1155076691:$SQL
UPDATE `DiscussionReg` SET `DiscussionSess` = 15 WHERE `DiscussionReg`.`SID` = 1155076691
