Sat, 25 Mar 2017 15:11:35 +0800: 1155077750:$_POST
Array
(
    [SID] => 1155077750
    [FirstName] => 'Cho Hang Jonatha'
    [LastName] => 'WONG'
    [DiscussionSess] => 8
    [Phone] => 92397364
    [SubmitBtn] => 'New/Modify Registration'
)

Sat, 25 Mar 2017 15:11:35 +0800: 1155077750:$_SERVER
Array
(
    [PATH] => /usr/local/bin:/usr/bin:/bin
    [PHP_FCGI_MAX_REQUESTS] => 10000
    [PHP_FCGI_CHILDREN] => 0
    [HTTP_HOST] => commonz.co.nf
    [SCRIPT_FILENAME] => /home/www/commonz.co.nf/2601/newReg.php
    [DOCUMENT_ROOT] => /home/domains
    [HTTP_ACCEPT_ENCODING] => gzip, deflate
    [SCRIPT_NAME] => /2601/newReg.php
    [REQUEST_URI] => /2601/newReg.php
    [QUERY_STRING] => 
    [REQUEST_METHOD] => POST
    [SERVER_PROTOCOL] => HTTP/1.1
    [GATEWAY_INTERFACE] => CGI/1.1
    [REMOTE_PORT] => 50094
    [SERVER_ADMIN] => [no address given]
    [REMOTE_ADDR] => 137.189.233.1
    [SERVER_PORT] => 80
    [SERVER_ADDR] => 185.176.43.61
    [SERVER_NAME] => commonz.co.nf
    [SERVER_SOFTWARE] => Apache
    [SERVER_SIGNATURE] => 
    [HTTP_ACCEPT_LANGUAGE] => zh-TW,zh;q=0.8,en-US;q=0.6,en;q=0.4,en-GB;q=0.2
    [HTTP_REFERER] => http://commonz.co.nf/2601/newReg.php
    [HTTP_ACCEPT] => text/html,application/xhtml+xml,application/xml;q=0.9,image/webp,*/*;q=0.8
    [CONTENT_TYPE] => application/x-www-form-urlencoded
    [HTTP_USER_AGENT] => Mozilla/5.0 (Windows NT 6.1; Win64; x64) AppleWebKit/537.36 (KHTML, like Gecko) Chrome/56.0.2924.87 Safari/537.36
    [HTTP_UPGRADE_INSECURE_REQUESTS] => 1
    [HTTP_ORIGIN] => http://commonz.co.nf
    [HTTP_CACHE_CONTROL] => max-age=0
    [CONTENT_LENGTH] => 123
    [HTTP_CONNECTION] => close
    [SCRIPT_URI] => http://commonz.co.nf/2601/newReg.php
    [SCRIPT_URL] => /2601/newReg.php
    [env_vhost] => commonz.co.nf
    [UNIQUE_ID] => WNYYJ7mwKz0AAAG56YwAAAAz
    [FCGI_ROLE] => RESPONDER
    [PHP_SELF] => /2601/newReg.php
    [REQUEST_TIME_FLOAT] => 1490425895.04
    [REQUEST_TIME] => 1490425895
    [argv] => Array
        (
        )

    [argc] => 0
)

Sat, 25 Mar 2017 15:11:54 +0800: 1155077750:$_POST
Array
(
    [SID] => 1155077750
    [FirstName] => ''
    [LastName] => 'WONG'
    [Phone] => 92397364
    [CheckBtn] => 'Check My Registration'
)

Sat, 25 Mar 2017 15:11:54 +0800: 1155077750:$_SERVER
Array
(
    [PATH] => /usr/local/bin:/usr/bin:/bin
    [PHP_FCGI_MAX_REQUESTS] => 10000
    [PHP_FCGI_CHILDREN] => 0
    [HTTP_HOST] => commonz.co.nf
    [SCRIPT_FILENAME] => /home/www/commonz.co.nf/2601/newReg.php
    [DOCUMENT_ROOT] => /home/domains
    [HTTP_ACCEPT_ENCODING] => gzip, deflate
    [SCRIPT_NAME] => /2601/newReg.php
    [REQUEST_URI] => /2601/newReg.php
    [QUERY_STRING] => 
    [REQUEST_METHOD] => POST
    [SERVER_PROTOCOL] => HTTP/1.1
    [GATEWAY_INTERFACE] => CGI/1.1
    [REMOTE_PORT] => 50096
    [SERVER_ADMIN] => [no address given]
    [REMOTE_ADDR] => 137.189.233.1
    [SERVER_PORT] => 80
    [SERVER_ADDR] => 185.176.43.61
    [SERVER_NAME] => commonz.co.nf
    [SERVER_SOFTWARE] => Apache
    [SERVER_SIGNATURE] => 
    [HTTP_ACCEPT_LANGUAGE] => zh-TW,zh;q=0.8,en-US;q=0.6,en;q=0.4,en-GB;q=0.2
    [HTTP_REFERER] => http://commonz.co.nf/2601/newReg.php
    [HTTP_ACCEPT] => text/html,application/xhtml+xml,application/xml;q=0.9,image/webp,*/*;q=0.8
    [CONTENT_TYPE] => application/x-www-form-urlencoded
    [HTTP_USER_AGENT] => Mozilla/5.0 (Windows NT 6.1; Win64; x64) AppleWebKit/537.36 (KHTML, like Gecko) Chrome/56.0.2924.87 Safari/537.36
    [HTTP_UPGRADE_INSECURE_REQUESTS] => 1
    [HTTP_ORIGIN] => http://commonz.co.nf
    [HTTP_CACHE_CONTROL] => max-age=0
    [CONTENT_LENGTH] => 85
    [HTTP_CONNECTION] => close
    [SCRIPT_URI] => http://commonz.co.nf/2601/newReg.php
    [SCRIPT_URL] => /2601/newReg.php
    [env_vhost] => commonz.co.nf
    [UNIQUE_ID] => WNYYOrmwKz0AABBXJiwAAAAr
    [FCGI_ROLE] => RESPONDER
    [PHP_SELF] => /2601/newReg.php
    [REQUEST_TIME_FLOAT] => 1490425914.08
    [REQUEST_TIME] => 1490425914
    [argv] => Array
        (
        )

    [argc] => 0
)

Sat, 25 Mar 2017 15:12:11 +0800: 1155077750:$_POST
Array
(
    [SID] => 1155077750
    [FirstName] => 'Cho Hang Jonatha'
    [LastName] => 'WONG'
    [Phone] => 92397364
    [CheckBtn] => 'Check My Registration'
)

Sat, 25 Mar 2017 15:12:11 +0800: 1155077750:$_SERVER
Array
(
    [PATH] => /usr/local/bin:/usr/bin:/bin
    [PHP_FCGI_MAX_REQUESTS] => 10000
    [PHP_FCGI_CHILDREN] => 0
    [HTTP_HOST] => commonz.co.nf
    [SCRIPT_FILENAME] => /home/www/commonz.co.nf/2601/newReg.php
    [DOCUMENT_ROOT] => /home/domains
    [HTTP_ACCEPT_ENCODING] => gzip, deflate
    [SCRIPT_NAME] => /2601/newReg.php
    [REQUEST_URI] => /2601/newReg.php
    [QUERY_STRING] => 
    [REQUEST_METHOD] => POST
    [SERVER_PROTOCOL] => HTTP/1.1
    [GATEWAY_INTERFACE] => CGI/1.1
    [REMOTE_PORT] => 50099
    [SERVER_ADMIN] => [no address given]
    [REMOTE_ADDR] => 137.189.233.1
    [SERVER_PORT] => 80
    [SERVER_ADDR] => 185.176.43.61
    [SERVER_NAME] => commonz.co.nf
    [SERVER_SOFTWARE] => Apache
    [SERVER_SIGNATURE] => 
    [HTTP_ACCEPT_LANGUAGE] => zh-TW,zh;q=0.8,en-US;q=0.6,en;q=0.4,en-GB;q=0.2
    [HTTP_REFERER] => http://commonz.co.nf/2601/newReg.php
    [HTTP_ACCEPT] => text/html,application/xhtml+xml,application/xml;q=0.9,image/webp,*/*;q=0.8
    [CONTENT_TYPE] => application/x-www-form-urlencoded
    [HTTP_USER_AGENT] => Mozilla/5.0 (Windows NT 6.1; Win64; x64) AppleWebKit/537.36 (KHTML, like Gecko) Chrome/56.0.2924.87 Safari/537.36
    [HTTP_UPGRADE_INSECURE_REQUESTS] => 1
    [HTTP_ORIGIN] => http://commonz.co.nf
    [HTTP_CACHE_CONTROL] => max-age=0
    [CONTENT_LENGTH] => 101
    [HTTP_CONNECTION] => close
    [SCRIPT_URI] => http://commonz.co.nf/2601/newReg.php
    [SCRIPT_URL] => /2601/newReg.php
    [env_vhost] => commonz.co.nf
    [UNIQUE_ID] => WNYYS7mwKz0AAAXFB1gAAAAa
    [FCGI_ROLE] => RESPONDER
    [PHP_SELF] => /2601/newReg.php
    [REQUEST_TIME_FLOAT] => 1490425931.15
    [REQUEST_TIME] => 1490425931
    [argv] => Array
        (
        )

    [argc] => 0
)

Sat, 25 Mar 2017 19:10:13 +0800: 1155070214:$_POST
Array
(
    [SID] => 1155070214
    [FirstName] => 'Chung Pan'
    [LastName] => 'CHAN'
    [Phone] => 63517562
    [CheckBtn] => 'Check My Registration'
)

Sat, 25 Mar 2017 19:10:13 +0800: 1155070214:$_SERVER
Array
(
    [PATH] => /usr/local/bin:/usr/bin:/bin
    [PHP_FCGI_MAX_REQUESTS] => 10000
    [PHP_FCGI_CHILDREN] => 0
    [HTTP_HOST] => commonz.co.nf
    [SCRIPT_FILENAME] => /home/www/commonz.co.nf/2601/newReg.php
    [DOCUMENT_ROOT] => /home/domains
    [HTTP_ACCEPT_ENCODING] => gzip, deflate
    [SCRIPT_NAME] => /2601/newReg.php
    [REQUEST_URI] => /2601/newReg.php
    [QUERY_STRING] => 
    [REQUEST_METHOD] => POST
    [SERVER_PROTOCOL] => HTTP/1.1
    [GATEWAY_INTERFACE] => CGI/1.1
    [REMOTE_PORT] => 1636
    [SERVER_ADMIN] => [no address given]
    [REMOTE_ADDR] => 137.189.230.1
    [SERVER_PORT] => 80
    [SERVER_ADDR] => 185.176.43.61
    [SERVER_NAME] => commonz.co.nf
    [SERVER_SOFTWARE] => Apache
    [SERVER_SIGNATURE] => 
    [HTTP_ACCEPT_LANGUAGE] => zh-TW,zh;q=0.8,en-US;q=0.6,en;q=0.4
    [HTTP_REFERER] => http://commonz.co.nf/2601/newReg.php
    [HTTP_ACCEPT] => text/html,application/xhtml+xml,application/xml;q=0.9,image/webp,*/*;q=0.8
    [CONTENT_TYPE] => application/x-www-form-urlencoded
    [HTTP_USER_AGENT] => Mozilla/5.0 (Windows NT 6.1; WOW64) AppleWebKit/537.36 (KHTML, like Gecko) Chrome/56.0.2924.87 Safari/537.36
    [HTTP_UPGRADE_INSECURE_REQUESTS] => 1
    [HTTP_ORIGIN] => http://commonz.co.nf
    [HTTP_CACHE_CONTROL] => max-age=0
    [CONTENT_LENGTH] => 94
    [HTTP_CONNECTION] => close
    [SCRIPT_URI] => http://commonz.co.nf/2601/newReg.php
    [SCRIPT_URL] => /2601/newReg.php
    [env_vhost] => commonz.co.nf
    [UNIQUE_ID] => WNZQFbmwKz0AAEsnIIYAAAA5
    [FCGI_ROLE] => RESPONDER
    [PHP_SELF] => /2601/newReg.php
    [REQUEST_TIME_FLOAT] => 1490440213.3
    [REQUEST_TIME] => 1490440213
    [argv] => Array
        (
        )

    [argc] => 0
)

