Fri, 24 Mar 2017 00:06:46 +0800: 1155078080:$_POST
Array
(
    [SID] => 1155078080
    [FirstName] => 'Kwok Chung'
    [LastName] => 'LEUNG'
    [DiscussionSess] => 25
    [Phone] => 65760035
    [SubmitBtn] => 'New/Modify Registration'
)

Fri, 24 Mar 2017 00:06:46 +0800: 1155078080:$_SERVER
Array
(
    [PATH] => /usr/local/bin:/usr/bin:/bin
    [PHP_FCGI_MAX_REQUESTS] => 10000
    [PHP_FCGI_CHILDREN] => 0
    [HTTP_HOST] => commonz.co.nf
    [SCRIPT_FILENAME] => /home/www/commonz.co.nf/2601/newReg.php
    [DOCUMENT_ROOT] => /home/domains
    [HTTP_ACCEPT_ENCODING] => gzip, deflate
    [SCRIPT_NAME] => /2601/newReg.php
    [REQUEST_URI] => /2601/newReg.php
    [QUERY_STRING] => 
    [REQUEST_METHOD] => POST
    [SERVER_PROTOCOL] => HTTP/1.1
    [GATEWAY_INTERFACE] => CGI/1.1
    [REMOTE_PORT] => 26604
    [SERVER_ADMIN] => [no address given]
    [REMOTE_ADDR] => 123.255.103.181
    [SERVER_PORT] => 80
    [SERVER_ADDR] => 185.176.43.61
    [SERVER_NAME] => commonz.co.nf
    [SERVER_SOFTWARE] => Apache
    [SERVER_SIGNATURE] => 
    [HTTP_ACCEPT_LANGUAGE] => zh-TW,zh;q=0.8,en-US;q=0.6,en;q=0.4,zh-CN;q=0.2
    [HTTP_REFERER] => http://commonz.co.nf/2601/newReg.php
    [HTTP_ACCEPT] => text/html,application/xhtml+xml,application/xml;q=0.9,image/webp,*/*;q=0.8
    [CONTENT_TYPE] => application/x-www-form-urlencoded
    [HTTP_USER_AGENT] => Mozilla/5.0 (Macintosh; Intel Mac OS X 10_12_3) AppleWebKit/537.36 (KHTML, like Gecko) Chrome/56.0.2924.87 Safari/537.36
    [HTTP_UPGRADE_INSECURE_REQUESTS] => 1
    [HTTP_ORIGIN] => http://commonz.co.nf
    [HTTP_CACHE_CONTROL] => max-age=0
    [CONTENT_LENGTH] => 119
    [HTTP_CONNECTION] => close
    [SCRIPT_URI] => http://commonz.co.nf/2601/newReg.php
    [SCRIPT_URL] => /2601/newReg.php
    [env_vhost] => commonz.co.nf
    [UNIQUE_ID] => WNPylbmwKz0AAChcRrUAAABH
    [FCGI_ROLE] => RESPONDER
    [PHP_SELF] => /2601/newReg.php
    [REQUEST_TIME_FLOAT] => 1490285206.03
    [REQUEST_TIME] => 1490285206
    [argv] => Array
        (
        )

    [argc] => 0
)

Fri, 24 Mar 2017 00:47:53 +0800: 1155070601:$_POST
Array
(
    [SID] => 1155070601
    [FirstName] => 'Malvin'
    [LastName] => 'KIMAN'
    [DiscussionSess] => 3
    [Phone] => 53628137
    [CheckBtn] => 'Check My Registration'
)

Fri, 24 Mar 2017 00:47:53 +0800: 1155070601:$_SERVER
Array
(
    [PATH] => /usr/local/bin:/usr/bin:/bin
    [PHP_FCGI_MAX_REQUESTS] => 10000
    [PHP_FCGI_CHILDREN] => 0
    [HTTP_HOST] => commonz.co.nf
    [SCRIPT_FILENAME] => /home/www/commonz.co.nf/2601/newReg.php
    [DOCUMENT_ROOT] => /home/domains
    [HTTP_ACCEPT_ENCODING] => gzip, deflate
    [SCRIPT_NAME] => /2601/newReg.php
    [REQUEST_URI] => /2601/newReg.php
    [QUERY_STRING] => 
    [REQUEST_METHOD] => POST
    [SERVER_PROTOCOL] => HTTP/1.1
    [GATEWAY_INTERFACE] => CGI/1.1
    [REMOTE_PORT] => 29941
    [SERVER_ADMIN] => [no address given]
    [REMOTE_ADDR] => 123.255.103.107
    [SERVER_PORT] => 80
    [SERVER_ADDR] => 185.176.43.61
    [SERVER_NAME] => commonz.co.nf
    [SERVER_SOFTWARE] => Apache
    [SERVER_SIGNATURE] => 
    [HTTP_USER_AGENT] => Mozilla/5.0 (iPad; CPU OS 9_3_2 like Mac OS X) AppleWebKit/601.1.46 (KHTML, like Gecko) Version/9.0 Mobile/13F69 Safari/601.1
    [HTTP_DNT] => 1
    [HTTP_CONNECTION] => close
    [CONTENT_LENGTH] => 109
    [HTTP_ORIGIN] => http://commonz.co.nf
    [HTTP_ACCEPT_LANGUAGE] => en-us
    [HTTP_ACCEPT] => text/html,application/xhtml+xml,application/xml;q=0.9,*/*;q=0.8
    [CONTENT_TYPE] => application/x-www-form-urlencoded
    [HTTP_REFERER] => http://commonz.co.nf/2601/newReg.php
    [SCRIPT_URI] => http://commonz.co.nf/2601/newReg.php
    [SCRIPT_URL] => /2601/newReg.php
    [env_vhost] => commonz.co.nf
    [UNIQUE_ID] => WNP8ObmwKz0AAHQqgmMAAAAc
    [FCGI_ROLE] => RESPONDER
    [PHP_SELF] => /2601/newReg.php
    [REQUEST_TIME_FLOAT] => 1490287673.28
    [REQUEST_TIME] => 1490287673
    [argv] => Array
        (
        )

    [argc] => 0
)

Fri, 24 Mar 2017 00:48:24 +0800: 1155070601:$_POST
Array
(
    [SID] => 1155070601
    [FirstName] => 'Malvin'
    [LastName] => 'KIMAN'
    [DiscussionSess] => 3
    [Phone] => 53628137
    [SubmitBtn] => 'New/Modify Registration'
)

Fri, 24 Mar 2017 00:48:24 +0800: 1155070601:$_SERVER
Array
(
    [PATH] => /usr/local/bin:/usr/bin:/bin
    [PHP_FCGI_MAX_REQUESTS] => 10000
    [PHP_FCGI_CHILDREN] => 0
    [HTTP_HOST] => commonz.co.nf
    [SCRIPT_FILENAME] => /home/www/commonz.co.nf/2601/newReg.php
    [DOCUMENT_ROOT] => /home/domains
    [HTTP_ACCEPT_ENCODING] => gzip, deflate
    [SCRIPT_NAME] => /2601/newReg.php
    [REQUEST_URI] => /2601/newReg.php
    [QUERY_STRING] => 
    [REQUEST_METHOD] => POST
    [SERVER_PROTOCOL] => HTTP/1.1
    [GATEWAY_INTERFACE] => CGI/1.1
    [REMOTE_PORT] => 30610
    [SERVER_ADMIN] => [no address given]
    [REMOTE_ADDR] => 123.255.103.107
    [SERVER_PORT] => 80
    [SERVER_ADDR] => 185.176.43.61
    [SERVER_NAME] => commonz.co.nf
    [SERVER_SOFTWARE] => Apache
    [SERVER_SIGNATURE] => 
    [HTTP_USER_AGENT] => Mozilla/5.0 (iPad; CPU OS 9_3_2 like Mac OS X) AppleWebKit/601.1.46 (KHTML, like Gecko) Version/9.0 Mobile/13F69 Safari/601.1
    [HTTP_DNT] => 1
    [HTTP_CONNECTION] => close
    [CONTENT_LENGTH] => 114
    [HTTP_ORIGIN] => http://commonz.co.nf
    [HTTP_ACCEPT_LANGUAGE] => en-us
    [HTTP_ACCEPT] => text/html,application/xhtml+xml,application/xml;q=0.9,*/*;q=0.8
    [CONTENT_TYPE] => application/x-www-form-urlencoded
    [HTTP_REFERER] => http://commonz.co.nf/2601/newReg.php
    [SCRIPT_URI] => http://commonz.co.nf/2601/newReg.php
    [SCRIPT_URL] => /2601/newReg.php
    [env_vhost] => commonz.co.nf
    [UNIQUE_ID] => WNP8WLmwKz0AAGW9GWIAAAAL
    [FCGI_ROLE] => RESPONDER
    [PHP_SELF] => /2601/newReg.php
    [REQUEST_TIME_FLOAT] => 1490287704.39
    [REQUEST_TIME] => 1490287704
    [argv] => Array
        (
        )

    [argc] => 0
)

Fri, 24 Mar 2017 00:49:01 +0800: 1155070601:$_POST
Array
(
    [SID] => 1155070601
    [FirstName] => ''
    [LastName] => 'KIMAN'
    [Phone] => 53628137
    [CheckBtn] => 'Check My Registration'
)

Fri, 24 Mar 2017 00:49:01 +0800: 1155070601:$_SERVER
Array
(
    [PATH] => /usr/local/bin:/usr/bin:/bin
    [PHP_FCGI_MAX_REQUESTS] => 10000
    [PHP_FCGI_CHILDREN] => 0
    [HTTP_HOST] => commonz.co.nf
    [SCRIPT_FILENAME] => /home/www/commonz.co.nf/2601/newReg.php
    [DOCUMENT_ROOT] => /home/domains
    [HTTP_ACCEPT_ENCODING] => gzip, deflate
    [SCRIPT_NAME] => /2601/newReg.php
    [REQUEST_URI] => /2601/newReg.php
    [QUERY_STRING] => 
    [REQUEST_METHOD] => POST
    [SERVER_PROTOCOL] => HTTP/1.1
    [GATEWAY_INTERFACE] => CGI/1.1
    [REMOTE_PORT] => 48116
    [SERVER_ADMIN] => [no address given]
    [REMOTE_ADDR] => 123.255.103.107
    [SERVER_PORT] => 80
    [SERVER_ADDR] => 185.176.43.61
    [SERVER_NAME] => commonz.co.nf
    [SERVER_SOFTWARE] => Apache
    [SERVER_SIGNATURE] => 
    [HTTP_USER_AGENT] => Mozilla/5.0 (iPad; CPU OS 9_3_2 like Mac OS X) AppleWebKit/601.1.46 (KHTML, like Gecko) Version/9.0 Mobile/13F69 Safari/601.1
    [HTTP_DNT] => 1
    [HTTP_CONNECTION] => close
    [CONTENT_LENGTH] => 86
    [HTTP_ORIGIN] => http://commonz.co.nf
    [HTTP_ACCEPT_LANGUAGE] => en-us
    [HTTP_ACCEPT] => text/html,application/xhtml+xml,application/xml;q=0.9,*/*;q=0.8
    [CONTENT_TYPE] => application/x-www-form-urlencoded
    [HTTP_REFERER] => http://commonz.co.nf/2601/newReg.php
    [SCRIPT_URI] => http://commonz.co.nf/2601/newReg.php
    [SCRIPT_URL] => /2601/newReg.php
    [env_vhost] => commonz.co.nf
    [UNIQUE_ID] => WNP8fbmwKz0AAGpAjsUAAAAf
    [FCGI_ROLE] => RESPONDER
    [PHP_SELF] => /2601/newReg.php
    [REQUEST_TIME_FLOAT] => 1490287741.34
    [REQUEST_TIME] => 1490287741
    [argv] => Array
        (
        )

    [argc] => 0
)

