Tue, 21 Mar 2017 16:13:39 +0800: 1155078753:$SQL
SELECT * FROM DiscussionReg WHERE SID = 1155078753
Tue, 21 Mar 2017 16:13:39 +0800: 1155078753:$SQL
SELECT * FROM SID_LastName_List WHERE SID = 1155078753
Tue, 21 Mar 2017 16:14:14 +0800: 1155078753:$SQL
SELECT * FROM DiscussionReg WHERE SID = 1155078753
Tue, 21 Mar 2017 16:14:14 +0800: 1155078753:$SQL
SELECT * FROM SID_LastName_List WHERE SID = 1155078753
Tue, 21 Mar 2017 16:14:20 +0800: 1155079003:$SQL
SELECT * FROM DiscussionReg WHERE SID = 1155079003
Tue, 21 Mar 2017 16:14:20 +0800: 1155079003:$SQL
SELECT * FROM SID_LastName_List WHERE SID = 1155079003
Tue, 21 Mar 2017 16:14:21 +0800: 1155079003:$SQL
INSERT INTO `DiscussionReg` (`SID`, `FirstName`, `LastName`, `DiscussionSess`, `Phone`) VALUES (1155079003, 'Ka Chun', 'YIP', 1, 51189737)
Tue, 21 Mar 2017 16:14:26 +0800: 1155078794:$SQL
SELECT * FROM DiscussionReg WHERE SID = 1155078794
Tue, 21 Mar 2017 16:14:26 +0800: 1155078794:$SQL
SELECT * FROM SID_LastName_List WHERE SID = 1155078794
Tue, 21 Mar 2017 16:14:27 +0800: 1155078794:$SQL
INSERT INTO `DiscussionReg` (`SID`, `FirstName`, `LastName`, `DiscussionSess`, `Phone`) VALUES (1155078794, 'Ching Jei', 'CHENG', 1, 91841312)
Tue, 21 Mar 2017 16:14:47 +0800: 1155078753:$SQL
SELECT * FROM DiscussionReg WHERE SID = 1155078753
Tue, 21 Mar 2017 16:14:47 +0800: 1155078753:$SQL
SELECT * FROM SID_LastName_List WHERE SID = 1155078753
Tue, 21 Mar 2017 16:14:47 +0800: 1155078753:$SQL
INSERT INTO `DiscussionReg` (`SID`, `FirstName`, `LastName`, `DiscussionSess`, `Phone`) VALUES (1155078753, 'Tung Lam', 'KWOK', 11, 56289098)
Tue, 21 Mar 2017 16:14:49 +0800: 1155078794:$SQL
SELECT * FROM DiscussionReg WHERE SID = 1155078794
Tue, 21 Mar 2017 16:14:56 +0800: 1155078516:$SQL
SELECT * FROM DiscussionReg WHERE SID = 1155078516
Tue, 21 Mar 2017 16:14:56 +0800: 1155078516:$SQL
SELECT * FROM SID_LastName_List WHERE SID = 1155078516
Tue, 21 Mar 2017 16:14:56 +0800: 1155078516:$SQL
INSERT INTO `DiscussionReg` (`SID`, `FirstName`, `LastName`, `DiscussionSess`, `Phone`) VALUES (1155078516, 'Tsz Ho', 'CHUI', 11, 65746729)
Tue, 21 Mar 2017 16:14:58 +0800: 1155078664:$SQL
SELECT * FROM DiscussionReg WHERE SID = 1155078664
Tue, 21 Mar 2017 16:14:58 +0800: 1155078664:$SQL
SELECT * FROM SID_LastName_List WHERE SID = 1155078664
Tue, 21 Mar 2017 16:14:58 +0800: 1155078664:$SQL
INSERT INTO `DiscussionReg` (`SID`, `FirstName`, `LastName`, `DiscussionSess`, `Phone`) VALUES (1155078664, 'Tsz Ho', 'CHEUNG', 11, 90819096)
Tue, 21 Mar 2017 16:15:08 +0800: 1155078794:$SQL
SELECT * FROM DiscussionReg WHERE SID = 1155078794
Tue, 21 Mar 2017 16:15:15 +0800: 1155078516:$SQL
SELECT * FROM DiscussionReg WHERE SID = 1155078516
Tue, 21 Mar 2017 16:15:22 +0800: 1155078664:$SQL
SELECT * FROM DiscussionReg WHERE SID = 1155078664
Tue, 21 Mar 2017 16:15:27 +0800: 1155079841:$SQL
SELECT * FROM DiscussionReg WHERE SID = 1155079841
Tue, 21 Mar 2017 16:15:27 +0800: 1155079841:$SQL
SELECT * FROM SID_LastName_List WHERE SID = 1155079841
Tue, 21 Mar 2017 16:15:27 +0800: 1155079841:$SQL
INSERT INTO `DiscussionReg` (`SID`, `FirstName`, `LastName`, `DiscussionSess`, `Phone`) VALUES (1155079841, 'Wing Hang', 'HO', 20, 68555484)
Tue, 21 Mar 2017 16:15:42 +0800: 1155078794:$SQL
SELECT * FROM DiscussionReg WHERE SID = 1155078794
Tue, 21 Mar 2017 16:15:52 +0800: 1155079917:$SQL
SELECT * FROM DiscussionReg WHERE SID = 1155079917
Tue, 21 Mar 2017 16:15:52 +0800: 1155079917:$SQL
SELECT * FROM SID_LastName_List WHERE SID = 1155079917
Tue, 21 Mar 2017 16:16:08 +0800: 1155077630:$SQL
SELECT * FROM DiscussionReg WHERE SID = 1155077630
Tue, 21 Mar 2017 16:16:10 +0800: 1155068001:$SQL
SELECT * FROM DiscussionReg WHERE SID = 1155068001
Tue, 21 Mar 2017 16:16:30 +0800: 1155078794:$SQL
SELECT * FROM DiscussionReg WHERE SID = 1155078794
Tue, 21 Mar 2017 16:16:31 +0800: 1155079917:$SQL
SELECT * FROM DiscussionReg WHERE SID = 1155079917
Tue, 21 Mar 2017 16:16:31 +0800: 1155079917:$SQL
SELECT * FROM SID_LastName_List WHERE SID = 1155079917
Tue, 21 Mar 2017 16:16:31 +0800: 1155079917:$SQL
INSERT INTO `DiscussionReg` (`SID`, `FirstName`, `LastName`, `DiscussionSess`, `Phone`) VALUES (1155079917, 'Chi Sang', 'TONG', 1, 61739952)
Tue, 21 Mar 2017 16:16:34 +0800: 1155077630:$SQL
SELECT * FROM DiscussionReg WHERE SID = 1155077630
Tue, 21 Mar 2017 16:16:34 +0800: 1155077630:$SQL
SELECT * FROM SID_LastName_List WHERE SID = 1155077630
Tue, 21 Mar 2017 16:16:48 +0800: 1155077375:$SQL
SELECT * FROM DiscussionReg WHERE SID = 1155077375
Tue, 21 Mar 2017 16:16:48 +0800: 1155077375:$SQL
SELECT * FROM SID_LastName_List WHERE SID = 1155077375
Tue, 21 Mar 2017 16:16:57 +0800: 1155078794:$SQL
SELECT * FROM DiscussionReg WHERE SID = 1155078794
Tue, 21 Mar 2017 16:16:58 +0800: 1155077630:$SQL
SELECT * FROM DiscussionReg WHERE SID = 1155077630
Tue, 21 Mar 2017 16:16:58 +0800: 1155077630:$SQL
SELECT * FROM SID_LastName_List WHERE SID = 1155077630
Tue, 21 Mar 2017 16:16:58 +0800: 1155077630:$SQL
INSERT INTO `DiscussionReg` (`SID`, `FirstName`, `LastName`, `DiscussionSess`, `Phone`) VALUES (1155077630, 'Tsz Wing', 'CHEUNG', 1, 61264942)
Tue, 21 Mar 2017 16:17:05 +0800: 1155079003:$SQL
SELECT * FROM DiscussionReg WHERE SID = 1155079003
Tue, 21 Mar 2017 16:17:12 +0800: 1155077375:$SQL
SELECT * FROM DiscussionReg WHERE SID = 1155077375
Tue, 21 Mar 2017 16:17:12 +0800: 1155077375:$SQL
SELECT * FROM SID_LastName_List WHERE SID = 1155077375
Tue, 21 Mar 2017 16:17:15 +0800: 1155068096:$SQL
SELECT * FROM DiscussionReg WHERE SID = 1155068096
Tue, 21 Mar 2017 16:17:15 +0800: 1155068096:$SQL
SELECT * FROM SID_LastName_List WHERE SID = 1155068096
Tue, 21 Mar 2017 16:17:24 +0800: 1155073338:$SQL
SELECT * FROM DiscussionReg WHERE SID = 1155073338
Tue, 21 Mar 2017 16:17:24 +0800: 1155073338:$SQL
SELECT * FROM SID_LastName_List WHERE SID = 1155073338
Tue, 21 Mar 2017 16:17:28 +0800: 1155078794:$SQL
SELECT * FROM DiscussionReg WHERE SID = 1155078794
Tue, 21 Mar 2017 16:17:38 +0800: 1155079784:$SQL
SELECT * FROM DiscussionReg WHERE SID = 1155079784
Tue, 21 Mar 2017 16:17:38 +0800: 1155079784:$SQL
SELECT * FROM SID_LastName_List WHERE SID = 1155079784
Tue, 21 Mar 2017 16:17:38 +0800: 1155079784:$SQL
INSERT INTO `DiscussionReg` (`SID`, `FirstName`, `LastName`, `DiscussionSess`, `Phone`) VALUES (1155079784, 'KING HANG', 'SIU', 6, 59889741)
Tue, 21 Mar 2017 16:17:50 +0800: 1155034588:$SQL
SELECT * FROM DiscussionReg WHERE SID = 1155034588
Tue, 21 Mar 2017 16:17:50 +0800: 1155034588:$SQL
SELECT * FROM SID_LastName_List WHERE SID = 1155034588
Tue, 21 Mar 2017 16:18:10 +0800: 1155077375:$SQL
SELECT * FROM DiscussionReg WHERE SID = 1155077375
Tue, 21 Mar 2017 16:18:10 +0800: 1155077375:$SQL
SELECT * FROM SID_LastName_List WHERE SID = 1155077375
Tue, 21 Mar 2017 16:18:17 +0800: 1155079784:$SQL
SELECT * FROM DiscussionReg WHERE SID = 1155079784
Tue, 21 Mar 2017 16:18:23 +0800: 1155077375:$SQL
SELECT * FROM DiscussionReg WHERE SID = 1155077375
Tue, 21 Mar 2017 16:18:23 +0800: 1155077375:$SQL
SELECT * FROM SID_LastName_List WHERE SID = 1155077375
Tue, 21 Mar 2017 16:18:23 +0800: 1155077375:$SQL
INSERT INTO `DiscussionReg` (`SID`, `FirstName`, `LastName`, `DiscussionSess`, `Phone`) VALUES (1155077375, 'King Ho', 'SHEK', 2, 62364428)
Tue, 21 Mar 2017 16:18:44 +0800: 1155073338:$SQL
SELECT * FROM DiscussionReg WHERE SID = 1155073338
Tue, 21 Mar 2017 16:18:44 +0800: 1155073338:$SQL
SELECT * FROM SID_LastName_List WHERE SID = 1155073338
Tue, 21 Mar 2017 16:18:44 +0800: 1155073338:$SQL
INSERT INTO `DiscussionReg` (`SID`, `FirstName`, `LastName`, `DiscussionSess`, `Phone`) VALUES (1155073338, 'Ka Ching', 'TO', 2, 67382218)
Tue, 21 Mar 2017 16:18:46 +0800: 1155079784:$SQL
SELECT * FROM DiscussionReg WHERE SID = 1155079784
Tue, 21 Mar 2017 16:18:47 +0800: 1155068096:$SQL
SELECT * FROM DiscussionReg WHERE SID = 1155068096
Tue, 21 Mar 2017 16:18:47 +0800: 1155068096:$SQL
SELECT * FROM SID_LastName_List WHERE SID = 1155068096
Tue, 21 Mar 2017 16:18:47 +0800: 1155068096:$SQL
INSERT INTO `DiscussionReg` (`SID`, `FirstName`, `LastName`, `DiscussionSess`, `Phone`) VALUES (1155068096, 'Chi Hang', 'LAO', 2, 66836077)
Tue, 21 Mar 2017 16:19:02 +0800: 1155077629:$SQL
SELECT * FROM DiscussionReg WHERE SID = 1155077629
Tue, 21 Mar 2017 16:19:02 +0800: 1155077629:$SQL
SELECT * FROM SID_LastName_List WHERE SID = 1155077629
Tue, 21 Mar 2017 16:19:02 +0800: 1155077629:$SQL
INSERT INTO `DiscussionReg` (`SID`, `FirstName`, `LastName`, `DiscussionSess`, `Phone`) VALUES (1155077629, 'Man Yin', 'LAM', 1, 67026984)
Tue, 21 Mar 2017 16:19:03 +0800: 1155068001:$SQL
SELECT * FROM DiscussionReg WHERE SID = 1155068001
Tue, 21 Mar 2017 16:19:03 +0800: 1155068001:$SQL
SELECT * FROM SID_LastName_List WHERE SID = 1155068001
Tue, 21 Mar 2017 16:19:03 +0800: 1155068001:$SQL
INSERT INTO `DiscussionReg` (`SID`, `FirstName`, `LastName`, `DiscussionSess`, `Phone`) VALUES (1155068001, 'Keng I', 'LAM', 7, 65437631)
Tue, 21 Mar 2017 16:19:17 +0800: 1155079784:$SQL
SELECT * FROM DiscussionReg WHERE SID = 1155079784
Tue, 21 Mar 2017 16:19:33 +0800: 1155079925:$SQL
SELECT * FROM DiscussionReg WHERE SID = 1155079925
Tue, 21 Mar 2017 16:19:33 +0800: 1155079925:$SQL
SELECT * FROM SID_LastName_List WHERE SID = 1155079925
Tue, 21 Mar 2017 16:19:33 +0800: 1155079925:$SQL
INSERT INTO `DiscussionReg` (`SID`, `FirstName`, `LastName`, `DiscussionSess`, `Phone`) VALUES (1155079925, 'Chun Yin', 'LAM', 7, 91235736)
Tue, 21 Mar 2017 16:19:36 +0800: 1155078888:$SQL
SELECT * FROM DiscussionReg WHERE SID = 1155078888
Tue, 21 Mar 2017 16:19:36 +0800: 1155078888:$SQL
SELECT * FROM SID_LastName_List WHERE SID = 1155078888
Tue, 21 Mar 2017 16:19:36 +0800: 1155078888:$SQL
INSERT INTO `DiscussionReg` (`SID`, `FirstName`, `LastName`, `DiscussionSess`, `Phone`) VALUES (1155078888, 'Yau Hang', 'CHAN', 2, 96044070)
Tue, 21 Mar 2017 16:19:48 +0800: 1155034588:$SQL
SELECT * FROM DiscussionReg WHERE SID = 1155034588
Tue, 21 Mar 2017 16:19:48 +0800: 1155034588:$SQL
SELECT * FROM SID_LastName_List WHERE SID = 1155034588
Tue, 21 Mar 2017 16:20:34 +0800: 1155034588:$SQL
SELECT * FROM DiscussionReg WHERE SID = 1155034588
Tue, 21 Mar 2017 16:20:34 +0800: 1155034588:$SQL
SELECT * FROM SID_LastName_List WHERE SID = 1155034588
Tue, 21 Mar 2017 16:20:34 +0800: 1155034588:$SQL
INSERT INTO `DiscussionReg` (`SID`, `FirstName`, `LastName`, `DiscussionSess`, `Phone`) VALUES (1155034588, 'Man Ying', 'TONG', 6, 66910080)
Tue, 21 Mar 2017 16:20:58 +0800: 1155078627:$SQL
SELECT * FROM DiscussionReg WHERE SID = 1155078627
Tue, 21 Mar 2017 16:20:58 +0800: 1155078627:$SQL
SELECT * FROM SID_LastName_List WHERE SID = 1155078627
Tue, 21 Mar 2017 16:20:58 +0800: 1155078627:$SQL
INSERT INTO `DiscussionReg` (`SID`, `FirstName`, `LastName`, `DiscussionSess`, `Phone`) VALUES (1155078627, 'JinZhong', 'TAN', 7, 65730684)
Tue, 21 Mar 2017 16:21:15 +0800: 1155079792:$SQL
SELECT * FROM DiscussionReg WHERE SID = 1155079792
Tue, 21 Mar 2017 16:21:47 +0800: 1155079792:$SQL
SELECT * FROM DiscussionReg WHERE SID = 1155079792
Tue, 21 Mar 2017 16:21:47 +0800: 1155079792:$SQL
SELECT * FROM SID_LastName_List WHERE SID = 1155079792
Tue, 21 Mar 2017 16:22:16 +0800: 1155078526:$SQL
SELECT * FROM DiscussionReg WHERE SID = 1155078526
Tue, 21 Mar 2017 16:22:16 +0800: 1155078526:$SQL
SELECT * FROM SID_LastName_List WHERE SID = 1155078526
Tue, 21 Mar 2017 16:22:40 +0800: 1155078526:$SQL
SELECT * FROM DiscussionReg WHERE SID = 1155078526
Tue, 21 Mar 2017 16:22:40 +0800: 1155078526:$SQL
SELECT * FROM SID_LastName_List WHERE SID = 1155078526
Tue, 21 Mar 2017 16:22:40 +0800: 1155078526:$SQL
INSERT INTO `DiscussionReg` (`SID`, `FirstName`, `LastName`, `DiscussionSess`, `Phone`) VALUES (1155078526, 'Shing Yan', 'CHAN', 7, 69295032)
Tue, 21 Mar 2017 16:22:46 +0800: 1155079792:$SQL
SELECT * FROM DiscussionReg WHERE SID = 1155079792
Tue, 21 Mar 2017 16:22:46 +0800: 1155079792:$SQL
SELECT * FROM SID_LastName_List WHERE SID = 1155079792
Tue, 21 Mar 2017 16:22:50 +0800: 1155079292:$SQL
SELECT * FROM DiscussionReg WHERE SID = 1155079292
Tue, 21 Mar 2017 16:22:50 +0800: 1155079292:$SQL
SELECT * FROM SID_LastName_List WHERE SID = 1155079292
Tue, 21 Mar 2017 16:23:33 +0800: 1155079792:$SQL
SELECT * FROM DiscussionReg WHERE SID = 1155079792
Tue, 21 Mar 2017 16:23:33 +0800: 1155079792:$SQL
SELECT * FROM SID_LastName_List WHERE SID = 1155079792
Tue, 21 Mar 2017 16:23:37 +0800: 1155079592:$SQL
SELECT * FROM DiscussionReg WHERE SID = 1155079592
Tue, 21 Mar 2017 16:23:37 +0800: 1155079592:$SQL
SELECT * FROM SID_LastName_List WHERE SID = 1155079592
Tue, 21 Mar 2017 16:23:37 +0800: 1155079592:$SQL
INSERT INTO `DiscussionReg` (`SID`, `FirstName`, `LastName`, `DiscussionSess`, `Phone`) VALUES (1155079592, 'Kai Yiu', 'FONG', 6, 67505331)
Tue, 21 Mar 2017 16:24:18 +0800: 1155079792:$SQL
SELECT * FROM DiscussionReg WHERE SID = 1155079792
Tue, 21 Mar 2017 16:24:18 +0800: 1155079792:$SQL
SELECT * FROM SID_LastName_List WHERE SID = 1155079792
Tue, 21 Mar 2017 16:24:18 +0800: 1155079792:$SQL
INSERT INTO `DiscussionReg` (`SID`, `FirstName`, `LastName`, `DiscussionSess`, `Phone`) VALUES (1155079792, 'Lap Chun', 'LUK', 15, 91317616)
Tue, 21 Mar 2017 16:24:23 +0800: 1155077718:$SQL
SELECT * FROM DiscussionReg WHERE SID = 1155077718
Tue, 21 Mar 2017 16:24:23 +0800: 1155077718:$SQL
SELECT * FROM SID_LastName_List WHERE SID = 1155077718
Tue, 21 Mar 2017 16:25:46 +0800: 1155077718:$SQL
SELECT * FROM DiscussionReg WHERE SID = 1155077718
Tue, 21 Mar 2017 16:25:46 +0800: 1155077718:$SQL
SELECT * FROM SID_LastName_List WHERE SID = 1155077718
Tue, 21 Mar 2017 16:25:46 +0800: 1155077718:$SQL
INSERT INTO `DiscussionReg` (`SID`, `FirstName`, `LastName`, `DiscussionSess`, `Phone`) VALUES (1155077718, 'Kin Hang', 'HUI', 11, 98478566)
Tue, 21 Mar 2017 16:25:48 +0800: 1155078735:$SQL
SELECT * FROM DiscussionReg WHERE SID = 1155078735
Tue, 21 Mar 2017 16:25:48 +0800: 1155078735:$SQL
SELECT * FROM SID_LastName_List WHERE SID = 1155078735
Tue, 21 Mar 2017 16:25:52 +0800: 1155077617:$SQL
SELECT * FROM DiscussionReg WHERE SID = 1155077617
Tue, 21 Mar 2017 16:25:52 +0800: 1155077617:$SQL
SELECT * FROM SID_LastName_List WHERE SID = 1155077617
Tue, 21 Mar 2017 16:26:12 +0800: 1155078735:$SQL
SELECT * FROM DiscussionReg WHERE SID = 1155078735
Tue, 21 Mar 2017 16:26:12 +0800: 1155078735:$SQL
SELECT * FROM SID_LastName_List WHERE SID = 1155078735
Tue, 21 Mar 2017 16:26:18 +0800: 1155079792:$SQL
SELECT * FROM DiscussionReg WHERE SID = 1155079792
Tue, 21 Mar 2017 16:26:26 +0800: 1155079792:$SQL
SELECT * FROM DiscussionReg WHERE SID = 1155079792
Tue, 21 Mar 2017 16:26:26 +0800: 1155079792:$SQL
UPDATE `DiscussionReg` SET `DiscussionSess` = 2 WHERE `DiscussionReg`.`SID` = 1155079792
Tue, 21 Mar 2017 16:27:02 +0800: 1155078735:$SQL
SELECT * FROM DiscussionReg WHERE SID = 1155078735
Tue, 21 Mar 2017 16:27:02 +0800: 1155078735:$SQL
SELECT * FROM SID_LastName_List WHERE SID = 1155078735
Tue, 21 Mar 2017 16:27:05 +0800: 1155077617:$SQL
SELECT * FROM DiscussionReg WHERE SID = 1155077617
Tue, 21 Mar 2017 16:27:05 +0800: 1155077617:$SQL
SELECT * FROM SID_LastName_List WHERE SID = 1155077617
Tue, 21 Mar 2017 16:27:18 +0800: 1155079792:$SQL
SELECT * FROM DiscussionReg WHERE SID = 1155079792
Tue, 21 Mar 2017 16:27:23 +0800: 1155078735:$SQL
SELECT * FROM DiscussionReg WHERE SID = 1155078735
Tue, 21 Mar 2017 16:27:23 +0800: 1155078735:$SQL
SELECT * FROM SID_LastName_List WHERE SID = 1155078735
Tue, 21 Mar 2017 16:27:23 +0800: 1155078735:$SQL
INSERT INTO `DiscussionReg` (`SID`, `FirstName`, `LastName`, `DiscussionSess`, `Phone`) VALUES (1155078735, 'Cheuk Yin', 'SIU', 11, 66910737)
Tue, 21 Mar 2017 16:27:41 +0800: 1155077617:$SQL
SELECT * FROM DiscussionReg WHERE SID = 1155077617
Tue, 21 Mar 2017 16:27:41 +0800: 1155077617:$SQL
SELECT * FROM SID_LastName_List WHERE SID = 1155077617
Tue, 21 Mar 2017 16:27:41 +0800: 1155077617:$SQL
INSERT INTO `DiscussionReg` (`SID`, `FirstName`, `LastName`, `DiscussionSess`, `Phone`) VALUES (1155077617, 'Chun Ping', 'LAM', 6, 96232187)
Tue, 21 Mar 2017 16:27:56 +0800: 1155079792:$SQL
SELECT * FROM DiscussionReg WHERE SID = 1155079792
Tue, 21 Mar 2017 16:31:50 +0800: 1155078636:$SQL
SELECT * FROM DiscussionReg WHERE SID = 1155078636
Tue, 21 Mar 2017 16:31:50 +0800: 1155078636:$SQL
SELECT * FROM SID_LastName_List WHERE SID = 1155078636
Tue, 21 Mar 2017 16:32:13 +0800: 1155078636:$SQL
SELECT * FROM DiscussionReg WHERE SID = 1155078636
Tue, 21 Mar 2017 16:32:13 +0800: 1155078636:$SQL
SELECT * FROM SID_LastName_List WHERE SID = 1155078636
Tue, 21 Mar 2017 16:32:13 +0800: 1155078636:$SQL
INSERT INTO `DiscussionReg` (`SID`, `FirstName`, `LastName`, `DiscussionSess`, `Phone`) VALUES (1155078636, 'KA YIU', 'HUI', 6, 64112016)
Tue, 21 Mar 2017 16:33:34 +0800: 1155079792:$SQL
SELECT * FROM DiscussionReg WHERE SID = 1155079792
Tue, 21 Mar 2017 16:34:03 +0800: 1155079792:$SQL
SELECT * FROM DiscussionReg WHERE SID = 1155079792
Tue, 21 Mar 2017 16:34:13 +0800: 1155077617:$SQL
SELECT * FROM DiscussionReg WHERE SID = 1155077617
Tue, 21 Mar 2017 16:38:18 +0800: 1155077725:$SQL
SELECT * FROM DiscussionReg WHERE SID = 1155077725
Tue, 21 Mar 2017 16:38:34 +0800: 1155077725:$SQL
SELECT * FROM DiscussionReg WHERE SID = 1155077725
Tue, 21 Mar 2017 16:38:34 +0800: 1155077725:$SQL
SELECT * FROM SID_LastName_List WHERE SID = 1155077725
Tue, 21 Mar 2017 16:39:02 +0800: 1155077725:$SQL
SELECT * FROM DiscussionReg WHERE SID = 1155077725
Tue, 21 Mar 2017 16:39:02 +0800: 1155077725:$SQL
SELECT * FROM SID_LastName_List WHERE SID = 1155077725
Tue, 21 Mar 2017 16:39:02 +0800: 1155077725:$SQL
INSERT INTO `DiscussionReg` (`SID`, `FirstName`, `LastName`, `DiscussionSess`, `Phone`) VALUES (1155077725, 'Ting Bong Eric', 'WONG', 7, 65497890)
Tue, 21 Mar 2017 16:39:12 +0800: 1155078918:$SQL
SELECT * FROM DiscussionReg WHERE SID = 1155078918
Tue, 21 Mar 2017 16:39:12 +0800: 1155078918:$SQL
SELECT * FROM SID_LastName_List WHERE SID = 1155078918
Tue, 21 Mar 2017 16:39:12 +0800: 1155078918:$SQL
INSERT INTO `DiscussionReg` (`SID`, `FirstName`, `LastName`, `DiscussionSess`, `Phone`) VALUES (1155078918, 'Ho Yin', 'CHEUNG', 22, 97271048)
Tue, 21 Mar 2017 16:39:30 +0800: 1155077725:$SQL
SELECT * FROM DiscussionReg WHERE SID = 1155077725
Tue, 21 Mar 2017 16:39:30 +0800: 1155078918:$SQL
SELECT * FROM DiscussionReg WHERE SID = 1155078918
Tue, 21 Mar 2017 16:39:48 +0800: 1155077725:$SQL
SELECT * FROM DiscussionReg WHERE SID = 1155077725
Tue, 21 Mar 2017 16:42:38 +0800: 1155079182:$SQL
SELECT * FROM DiscussionReg WHERE SID = 1155079182
Tue, 21 Mar 2017 16:42:38 +0800: 1155079182:$SQL
SELECT * FROM SID_LastName_List WHERE SID = 1155079182
Tue, 21 Mar 2017 16:42:41 +0800: 1155079306:$SQL
SELECT * FROM DiscussionReg WHERE SID = 1155079306
Tue, 21 Mar 2017 16:43:34 +0800: 1155078306:$SQL
SELECT * FROM DiscussionReg WHERE SID = 1155078306
Tue, 21 Mar 2017 16:44:09 +0800: 1155079306:$SQL
SELECT * FROM DiscussionReg WHERE SID = 1155079306
Tue, 21 Mar 2017 16:44:51 +0800: 1155079182:$SQL
SELECT * FROM DiscussionReg WHERE SID = 1155079182
Tue, 21 Mar 2017 16:44:51 +0800: 1155079182:$SQL
SELECT * FROM SID_LastName_List WHERE SID = 1155079182
Tue, 21 Mar 2017 16:45:13 +0800: 1155079182:$SQL
SELECT * FROM DiscussionReg WHERE SID = 1155079182
Tue, 21 Mar 2017 16:45:58 +0800: 1155079182:$SQL
SELECT * FROM DiscussionReg WHERE SID = 1155079182
Tue, 21 Mar 2017 16:45:58 +0800: 1155079182:$SQL
SELECT * FROM SID_LastName_List WHERE SID = 1155079182
Tue, 21 Mar 2017 16:45:58 +0800: 1155079182:$SQL
INSERT INTO `DiscussionReg` (`SID`, `FirstName`, `LastName`, `DiscussionSess`, `Phone`) VALUES (1155079182, 'Yat San', 'YU', 22, 65868322)
Tue, 21 Mar 2017 16:46:18 +0800: 1155079182:$SQL
SELECT * FROM DiscussionReg WHERE SID = 1155079182
Tue, 21 Mar 2017 16:55:09 +0800: 1155079306:$SQL
SELECT * FROM DiscussionReg WHERE SID = 1155079306
Tue, 21 Mar 2017 17:02:15 +0800: 1155077725:$SQL
SELECT * FROM DiscussionReg WHERE SID = 1155077725
Tue, 21 Mar 2017 18:25:01 +0800: 1155077478:$SQL
SELECT * FROM DiscussionReg WHERE SID = 1155077478
Tue, 21 Mar 2017 18:25:01 +0800: 1155077478:$SQL
SELECT * FROM SID_LastName_List WHERE SID = 1155077478
Tue, 21 Mar 2017 18:25:01 +0800: 1155077478:$SQL
INSERT INTO `DiscussionReg` (`SID`, `FirstName`, `LastName`, `DiscussionSess`, `Phone`) VALUES (1155077478, 'Man Hung', 'LAW ', 3, 93002040)
Tue, 21 Mar 2017 18:25:28 +0800: 1155078647:$SQL
SELECT * FROM DiscussionReg WHERE SID = 1155078647
Tue, 21 Mar 2017 18:25:28 +0800: 1155078647:$SQL
SELECT * FROM SID_LastName_List WHERE SID = 1155078647
Tue, 21 Mar 2017 18:25:28 +0800: 1155078647:$SQL
INSERT INTO `DiscussionReg` (`SID`, `FirstName`, `LastName`, `DiscussionSess`, `Phone`) VALUES (1155078647, 'Ka Yiu', 'LAU', 3, 68917467)
Tue, 21 Mar 2017 18:39:12 +0800: 1155077849:$SQL
SELECT * FROM DiscussionReg WHERE SID = 1155077849
Tue, 21 Mar 2017 18:39:12 +0800: 1155077849:$SQL
SELECT * FROM SID_LastName_List WHERE SID = 1155077849
Tue, 21 Mar 2017 18:39:56 +0800: 1155077849:$SQL
SELECT * FROM DiscussionReg WHERE SID = 1155077849
Tue, 21 Mar 2017 18:39:56 +0800: 1155077849:$SQL
SELECT * FROM SID_LastName_List WHERE SID = 1155077849
Tue, 21 Mar 2017 18:39:56 +0800: 1155077849:$SQL
INSERT INTO `DiscussionReg` (`SID`, `FirstName`, `LastName`, `DiscussionSess`, `Phone`) VALUES (1155077849, 'Chun Fung', 'CHAN', 22, 54034201)
Tue, 21 Mar 2017 18:41:11 +0800: 1155077849:$SQL
SELECT * FROM DiscussionReg WHERE SID = 1155077849
Tue, 21 Mar 2017 18:41:11 +0800: 1155078918:$SQL
SELECT * FROM DiscussionReg WHERE SID = 1155078918
Tue, 21 Mar 2017 18:41:15 +0800: 1155078918:$SQL
SELECT * FROM DiscussionReg WHERE SID = 1155078918
Tue, 21 Mar 2017 18:41:15 +0800: 1155078918:$SQL
UPDATE `DiscussionReg` SET `DiscussionSess` = 21 WHERE `DiscussionReg`.`SID` = 1155078918
Tue, 21 Mar 2017 18:41:19 +0800: 1155077849:$SQL
SELECT * FROM DiscussionReg WHERE SID = 1155077849
Tue, 21 Mar 2017 18:41:19 +0800: 1155077849:$SQL
UPDATE `DiscussionReg` SET `DiscussionSess` = 21 WHERE `DiscussionReg`.`SID` = 1155077849
Tue, 21 Mar 2017 19:04:00 +0800: 1155078918:$SQL
SELECT * FROM DiscussionReg WHERE SID = 1155078918
Tue, 21 Mar 2017 21:00:47 +0800: 1155079182:$SQL
SELECT * FROM DiscussionReg WHERE SID = 1155079182
Tue, 21 Mar 2017 21:00:54 +0800: 1155079182:$SQL
SELECT * FROM DiscussionReg WHERE SID = 1155079182
Tue, 21 Mar 2017 21:00:54 +0800: 1155079182:$SQL
UPDATE `DiscussionReg` SET `DiscussionSess` = 21 WHERE `DiscussionReg`.`SID` = 1155079182
Tue, 21 Mar 2017 21:21:07 +0800: 1155078202:$SQL
SELECT * FROM DiscussionReg WHERE SID = 1155078202
Tue, 21 Mar 2017 21:21:07 +0800: 1155078202:$SQL
SELECT * FROM SID_LastName_List WHERE SID = 1155078202
Tue, 21 Mar 2017 21:21:07 +0800: 1155078202:$SQL
INSERT INTO `DiscussionReg` (`SID`, `FirstName`, `LastName`, `DiscussionSess`, `Phone`) VALUES (1155078202, 'Chi Hin', 'WONG', 3, 61475218)
