Thu, 23 Mar 2017 22:29:19 +0800: 1155079122:$message
Sorry, the information you\'ve input is not correct.
Thu, 23 Mar 2017 22:29:52 +0800: 1155079122:$message
Good. Success. Thank you!
Thu, 23 Mar 2017 22:36:58 +0800: 1155078945:$message
Sorry, the information you\'ve input is not correct.
Thu, 23 Mar 2017 22:37:31 +0800: 1155078945:$message
Good. Success. Thank you!
Thu, 23 Mar 2017 23:50:12 +0800: 1155077535:$message
Sorry, the information you\'ve input is not correct.
Thu, 23 Mar 2017 23:50:27 +0800: 1155079926:$message
Sorry, the information you\'ve input is not correct.
Thu, 23 Mar 2017 23:50:41 +0800: 1155077535:$message
Sorry, the information you\'ve input is not correct.
Thu, 23 Mar 2017 23:51:08 +0800: 1155077535:$message
No record found. Maybe you haven\'t registered.
Thu, 23 Mar 2017 23:51:09 +0800: 1155079926:$message
Sorry, the information you\'ve input is not correct.
Thu, 23 Mar 2017 23:51:33 +0800: 1155079926:$message
Good. Success. Thank you!
Thu, 23 Mar 2017 23:51:41 +0800: 1155077535:$message
Sorry, the information you\'ve input is not correct.
Thu, 23 Mar 2017 23:51:57 +0800: 1155079926:$message
According to record, you\'ve registered session 25
Thu, 23 Mar 2017 23:53:07 +0800: 1155077535:$message
Good. Success. Thank you!
