Wed, 29 Mar 2017 00:41:15 +0800: 1155078828:$_POST
Array
(
    [SID] => 1155078828
    [FirstName] => 'Hiu Leung'
    [LastName] => 'WONG'
    [DiscussionSess] => 16
    [Phone] => 66766314
    [SubmitBtn] => 'New/Modify Registration'
)

Wed, 29 Mar 2017 00:41:15 +0800: 1155078828:$_SERVER
Array
(
    [PATH] => /usr/local/bin:/usr/bin:/bin
    [PHP_FCGI_MAX_REQUESTS] => 10000
    [PHP_FCGI_CHILDREN] => 0
    [HTTP_HOST] => commonz.co.nf
    [SCRIPT_FILENAME] => /home/www/commonz.co.nf/2601/newReg.php
    [DOCUMENT_ROOT] => /home/domains
    [HTTP_ACCEPT_ENCODING] => gzip, deflate
    [SCRIPT_NAME] => /2601/newReg.php
    [REQUEST_URI] => /2601/newReg.php
    [QUERY_STRING] => 
    [REQUEST_METHOD] => POST
    [SERVER_PROTOCOL] => HTTP/1.1
    [GATEWAY_INTERFACE] => CGI/1.1
    [REMOTE_PORT] => 23823
    [SERVER_ADMIN] => [no address given]
    [REMOTE_ADDR] => 123.255.103.63
    [SERVER_PORT] => 80
    [SERVER_ADDR] => 185.176.43.61
    [SERVER_NAME] => commonz.co.nf
    [SERVER_SOFTWARE] => Apache
    [SERVER_SIGNATURE] => 
    [HTTP_ACCEPT_LANGUAGE] => zh-tw
    [CONTENT_LENGTH] => 117
    [HTTP_REFERER] => http://commonz.co.nf/2601/newReg.php
    [HTTP_USER_AGENT] => Mozilla/5.0 (Macintosh; Intel Mac OS X 10_12_1) AppleWebKit/602.2.14 (KHTML, like Gecko) Version/10.0.1 Safari/602.2.14
    [HTTP_ACCEPT] => text/html,application/xhtml+xml,application/xml;q=0.9,*/*;q=0.8
    [HTTP_UPGRADE_INSECURE_REQUESTS] => 1
    [HTTP_CONNECTION] => close
    [HTTP_ORIGIN] => http://commonz.co.nf
    [CONTENT_TYPE] => application/x-www-form-urlencoded
    [SCRIPT_URI] => http://commonz.co.nf/2601/newReg.php
    [SCRIPT_URL] => /2601/newReg.php
    [env_vhost] => commonz.co.nf
    [UNIQUE_ID] => WNqSK7mwKz0AAEtXWcUAAAAm
    [FCGI_ROLE] => RESPONDER
    [PHP_SELF] => /2601/newReg.php
    [REQUEST_TIME_FLOAT] => 1490719275.8
    [REQUEST_TIME] => 1490719275
    [argv] => Array
        (
        )

    [argc] => 0
)

Wed, 29 Mar 2017 00:42:25 +0800: 1155078828:$_POST
Array
(
    [SID] => 1155078828
    [FirstName] => 'Hiu Leung'
    [LastName] => 'WONG'
    [Phone] => 66766314
    [CheckBtn] => 'Check My Registration'
)

Wed, 29 Mar 2017 00:42:25 +0800: 1155078828:$_SERVER
Array
(
    [PATH] => /usr/local/bin:/usr/bin:/bin
    [PHP_FCGI_MAX_REQUESTS] => 10000
    [PHP_FCGI_CHILDREN] => 0
    [HTTP_HOST] => commonz.co.nf
    [SCRIPT_FILENAME] => /home/www/commonz.co.nf/2601/newReg.php
    [DOCUMENT_ROOT] => /home/domains
    [HTTP_ACCEPT_ENCODING] => gzip, deflate
    [SCRIPT_NAME] => /2601/newReg.php
    [REQUEST_URI] => /2601/newReg.php
    [QUERY_STRING] => 
    [REQUEST_METHOD] => POST
    [SERVER_PROTOCOL] => HTTP/1.1
    [GATEWAY_INTERFACE] => CGI/1.1
    [REMOTE_PORT] => 6618
    [SERVER_ADMIN] => [no address given]
    [REMOTE_ADDR] => 123.255.103.63
    [SERVER_PORT] => 80
    [SERVER_ADDR] => 185.176.43.61
    [SERVER_NAME] => commonz.co.nf
    [SERVER_SOFTWARE] => Apache
    [SERVER_SIGNATURE] => 
    [HTTP_ACCEPT_LANGUAGE] => zh-tw
    [CONTENT_LENGTH] => 94
    [HTTP_REFERER] => http://commonz.co.nf/2601/newReg.php
    [HTTP_USER_AGENT] => Mozilla/5.0 (Macintosh; Intel Mac OS X 10_12_1) AppleWebKit/602.2.14 (KHTML, like Gecko) Version/10.0.1 Safari/602.2.14
    [HTTP_ACCEPT] => text/html,application/xhtml+xml,application/xml;q=0.9,*/*;q=0.8
    [HTTP_UPGRADE_INSECURE_REQUESTS] => 1
    [HTTP_CONNECTION] => close
    [HTTP_ORIGIN] => http://commonz.co.nf
    [CONTENT_TYPE] => application/x-www-form-urlencoded
    [SCRIPT_URI] => http://commonz.co.nf/2601/newReg.php
    [SCRIPT_URL] => /2601/newReg.php
    [env_vhost] => commonz.co.nf
    [UNIQUE_ID] => WNqScbmwKz0AAEmoMzoAAAAP
    [FCGI_ROLE] => RESPONDER
    [PHP_SELF] => /2601/newReg.php
    [REQUEST_TIME_FLOAT] => 1490719345.05
    [REQUEST_TIME] => 1490719345
    [argv] => Array
        (
        )

    [argc] => 0
)

