0001_0061_0041_0028_0028.jpg 1 61 41 28 28
0002_0017_0047_0035_0035.jpg 1 17 47 35 35
0003_0041_0006_0052_0052.jpg 1 41 6 52 52
0004_0034_0025_0060_0060.jpg 1 34 25 60 60
0005_0019_0010_0067_0067.jpg 1 19 10 67 67
0006_0024_0011_0053_0053.jpg 1 24 11 53 53
0007_0027_0009_0065_0065.jpg 1 27 9 65 65
0008_0023_0041_0045_0045.jpg 1 23 41 45 45
0009_0038_0023_0045_0045.jpg 1 38 23 45 45
0010_0012_0031_0058_0058.jpg 1 12 31 58 58
0011_0004_0010_0062_0062.jpg 1 4 10 62 62
0012_0034_0050_0040_0040.jpg 1 34 50 40 40
0013_0024_0024_0057_0057.jpg 1 24 24 57 57
0014_0053_0054_0028_0028.jpg 1 53 54 28 28
0015_0033_0045_0024_0024.jpg 1 33 45 24 24
0016_0018_0028_0053_0053.jpg 1 18 28 53 53
0017_0037_0011_0055_0055.jpg 1 37 11 55 55
0018_0003_0029_0067_0067.jpg 1 3 29 67 67
0019_0027_0018_0056_0056.jpg 1 27 18 56 56
0020_0033_0028_0038_0038.jpg 1 33 28 38 38
0021_0025_0006_0066_0066.jpg 1 25 6 66 66
0022_0032_0026_0063_0063.jpg 1 32 26 63 63
0023_0012_0017_0061_0061.jpg 1 12 17 61 61
0024_0004_0022_0055_0055.jpg 1 4 22 55 55
0025_0020_0020_0034_0034.jpg 1 20 20 34 34
0026_0010_0009_0060_0060.jpg 1 10 9 60 60
0027_0020_0032_0036_0036.jpg 1 20 32 36 36
0028_0014_0003_0067_0067.jpg 1 14 3 67 67
0029_0011_0012_0049_0049.jpg 1 11 12 49 49
0030_0006_0027_0035_0035.jpg 1 6 27 35 35
0031_0063_0049_0025_0025.jpg 1 63 49 25 25
0032_0012_0005_0065_0065.jpg 1 12 5 65 65
0033_0039_0038_0039_0039.jpg 1 39 38 39 39
0034_0023_0007_0059_0059.jpg 1 23 7 59 59
0035_0018_0013_0069_0069.jpg 1 18 13 69 69
0036_0027_0018_0062_0062.jpg 1 27 18 62 62
0037_0007_0023_0068_0068.jpg 1 7 23 68 68
0038_0020_0019_0061_0061.jpg 1 20 19 61 61
0039_0008_0026_0053_0053.jpg 1 8 26 53 53
0040_0051_0016_0042_0042.jpg 1 51 16 42 42
0041_0034_0042_0052_0052.jpg 1 34 42 52 52
0042_0017_0022_0066_0066.jpg 1 17 22 66 66
0043_0040_0038_0052_0052.jpg 1 40 38 52 52
0044_0005_0011_0068_0068.jpg 1 5 11 68 68
0045_0009_0037_0031_0031.jpg 1 9 37 31 31
0046_0038_0033_0028_0028.jpg 1 38 33 28 28
0047_0045_0025_0048_0048.jpg 1 45 25 48 48
0048_0025_0029_0060_0060.jpg 1 25 29 60 60
0049_0010_0026_0069_0069.jpg 1 10 26 69 69
0050_0035_0037_0047_0047.jpg 1 35 37 47 47
0051_0036_0039_0025_0025.jpg 1 36 39 25 25
0052_0006_0023_0055_0055.jpg 1 6 23 55 55
0053_0028_0028_0052_0052.jpg 1 28 28 52 52
0054_0017_0030_0064_0064.jpg 1 17 30 64 64
0055_0010_0008_0059_0059.jpg 1 10 8 59 59
0056_0025_0010_0064_0064.jpg 1 25 10 64 64
0057_0004_0026_0067_0067.jpg 1 4 26 67 67
0058_0052_0034_0025_0025.jpg 1 52 34 25 25
0059_0014_0018_0068_0068.jpg 1 14 18 68 68
0060_0017_0036_0058_0058.jpg 1 17 36 58 58
0061_0028_0050_0029_0029.jpg 1 28 50 29 29
0062_0017_0046_0037_0037.jpg 1 17 46 37 37
0063_0020_0055_0024_0024.jpg 1 20 55 24 24
0064_0048_0062_0028_0028.jpg 1 48 62 28 28
0065_0043_0060_0027_0027.jpg 1 43 60 27 27
0066_0009_0019_0041_0041.jpg 1 9 19 41 41
0067_0048_0048_0045_0045.jpg 1 48 48 45 45
0068_0018_0022_0044_0044.jpg 1 18 22 44 44
0069_0040_0059_0031_0031.jpg 1 40 59 31 31
0070_0015_0043_0031_0031.jpg 1 15 43 31 31
0071_0050_0027_0040_0040.jpg 1 50 27 40 40
0072_0039_0010_0037_0037.jpg 1 39 10 37 37
0073_0043_0039_0051_0051.jpg 1 43 39 51 51
0074_0046_0039_0030_0030.jpg 1 46 39 30 30
0075_0012_0038_0054_0054.jpg 1 12 38 54 54
0076_0051_0015_0024_0024.jpg 1 51 15 24 24
0077_0006_0027_0059_0059.jpg 1 6 27 59 59
0078_0044_0018_0035_0035.jpg 1 44 18 35 35
0079_0015_0029_0047_0047.jpg 1 15 29 47 47
0080_0037_0038_0055_0055.jpg 1 37 38 55 55
0081_0054_0020_0024_0024.jpg 1 54 20 24 24
0082_0052_0044_0025_0025.jpg 1 52 44 25 25
0083_0019_0007_0040_0040.jpg 1 19 7 40 40
0084_0012_0006_0043_0043.jpg 1 12 6 43 43
0085_0029_0039_0050_0050.jpg 1 29 39 50 50
0086_0042_0043_0037_0037.jpg 1 42 43 37 37
0087_0023_0036_0037_0037.jpg 1 23 36 37 37
0088_0020_0020_0063_0063.jpg 1 20 20 63 63
0089_0024_0027_0049_0049.jpg 1 24 27 49 49
0090_0010_0032_0057_0057.jpg 1 10 32 57 57
0091_0010_0058_0033_0033.jpg 1 10 58 33 33
0092_0012_0027_0033_0033.jpg 1 12 27 33 33
0093_0036_0054_0028_0028.jpg 1 36 54 28 28
0094_0049_0017_0027_0027.jpg 1 49 17 27 27
0095_0021_0055_0024_0024.jpg 1 21 55 24 24
0096_0058_0047_0033_0033.jpg 1 58 47 33 33
0097_0052_0056_0030_0030.jpg 1 52 56 30 30
0098_0019_0030_0066_0066.jpg 1 19 30 66 66
0099_0015_0045_0039_0039.jpg 1 15 45 39 39
0100_0011_0040_0055_0055.jpg 1 11 40 55 55
0101_0015_0023_0065_0065.jpg 1 15 23 65 65
0102_0029_0058_0027_0027.jpg 1 29 58 27 27
0103_0038_0045_0025_0025.jpg 1 38 45 25 25
0104_0003_0009_0067_0067.jpg 1 3 9 67 67
0105_0008_0029_0027_0027.jpg 1 8 29 27 27
0106_0031_0010_0065_0065.jpg 1 31 10 65 65
0107_0022_0027_0060_0060.jpg 1 22 27 60 60
0108_0016_0050_0036_0036.jpg 1 16 50 36 36
0109_0027_0022_0047_0047.jpg 1 27 22 47 47
0110_0011_0009_0050_0050.jpg 1 11 9 50 50
0111_0014_0015_0053_0053.jpg 1 14 15 53 53
0112_0039_0037_0051_0051.jpg 1 39 37 51 51
0113_0026_0015_0063_0063.jpg 1 26 15 63 63
0114_0022_0015_0048_0048.jpg 1 22 15 48 48
0115_0015_0032_0061_0061.jpg 1 15 32 61 61
0116_0046_0036_0031_0031.jpg 1 46 36 31 31
0117_0048_0029_0027_0027.jpg 1 48 29 27 27
0118_0018_0040_0027_0027.jpg 1 18 40 27 27
0119_0045_0012_0032_0032.jpg 1 45 12 32 32
0120_0026_0016_0046_0046.jpg 1 26 16 46 46
0121_0030_0027_0064_0064.jpg 1 30 27 64 64
0122_0048_0009_0039_0039.jpg 1 48 9 39 39
0123_0013_0020_0064_0064.jpg 1 13 20 64 64
0124_0006_0008_0046_0046.jpg 1 6 8 46 46
0125_0051_0050_0032_0032.jpg 1 51 50 32 32
0126_0023_0035_0054_0054.jpg 1 23 35 54 54
0127_0037_0035_0054_0054.jpg 1 37 35 54 54
0128_0029_0018_0066_0066.jpg 1 29 18 66 66
0129_0025_0027_0054_0054.jpg 1 25 27 54 54
0130_0004_0024_0061_0061.jpg 1 4 24 61 61
0131_0018_0017_0052_0052.jpg 1 18 17 52 52
0132_0048_0007_0031_0031.jpg 1 48 7 31 31
0133_0027_0008_0066_0066.jpg 1 27 8 66 66
0134_0032_0019_0031_0031.jpg 1 32 19 31 31
0135_0027_0007_0048_0048.jpg 1 27 7 48 48
0136_0046_0012_0040_0040.jpg 1 46 12 40 40
0137_0003_0019_0069_0069.jpg 1 3 19 69 69
0138_0018_0025_0061_0061.jpg 1 18 25 61 61
0139_0006_0027_0045_0045.jpg 1 6 27 45 45
0140_0020_0011_0049_0049.jpg 1 20 11 49 49
0141_0044_0041_0030_0030.jpg 1 44 41 30 30
0142_0047_0015_0045_0045.jpg 1 47 15 45 45
0143_0036_0021_0040_0040.jpg 1 36 21 40 40
0144_0025_0038_0043_0043.jpg 1 25 38 43 43
0145_0025_0055_0024_0024.jpg 1 25 55 24 24
0146_0015_0027_0027_0027.jpg 1 15 27 27 27
0147_0022_0010_0031_0031.jpg 1 22 10 31 31
0148_0026_0022_0038_0038.jpg 1 26 22 38 38
0149_0016_0027_0066_0066.jpg 1 16 27 66 66
0150_0022_0015_0057_0057.jpg 1 22 15 57 57
0151_0025_0023_0045_0045.jpg 1 25 23 45 45
0152_0023_0015_0038_0038.jpg 1 23 15 38 38
0153_0051_0047_0032_0032.jpg 1 51 47 32 32
0154_0025_0025_0048_0048.jpg 1 25 25 48 48
0155_0026_0021_0053_0053.jpg 1 26 21 53 53
0156_0047_0041_0046_0046.jpg 1 47 41 46 46
0157_0015_0030_0063_0063.jpg 1 15 30 63 63
0158_0033_0040_0049_0049.jpg 1 33 40 49 49
0159_0030_0020_0061_0061.jpg 1 30 20 61 61
0160_0046_0034_0029_0029.jpg 1 46 34 29 29
0161_0048_0008_0044_0044.jpg 1 48 8 44 44
0162_0037_0041_0029_0029.jpg 1 37 41 29 29
0163_0022_0024_0063_0063.jpg 1 22 24 63 63
0164_0030_0026_0064_0064.jpg 1 30 26 64 64
0165_0034_0025_0048_0048.jpg 1 34 25 48 48
0166_0012_0026_0041_0041.jpg 1 12 26 41 41
0167_0016_0023_0031_0031.jpg 1 16 23 31 31
0168_0022_0007_0028_0028.jpg 1 22 7 28 28
0169_0005_0029_0059_0059.jpg 1 5 29 59 59
0170_0050_0049_0028_0028.jpg 1 50 49 28 28
0171_0026_0018_0055_0055.jpg 1 26 18 55 55
0172_0036_0006_0046_0046.jpg 1 36 6 46 46
0173_0015_0023_0065_0065.jpg 1 15 23 65 65
0174_0033_0029_0059_0059.jpg 1 33 29 59 59
0175_0036_0018_0025_0025.jpg 1 36 18 25 25
0176_0007_0015_0056_0056.jpg 1 7 15 56 56
0177_0031_0018_0029_0029.jpg 1 31 18 29 29
0178_0032_0017_0061_0061.jpg 1 32 17 61 61
0179_0012_0004_0065_0065.jpg 1 12 4 65 65
0180_0010_0040_0041_0041.jpg 1 10 40 41 41
0181_0039_0010_0036_0036.jpg 1 39 10 36 36
0182_0021_0020_0068_0068.jpg 1 21 20 68 68
0183_0020_0066_0024_0024.jpg 1 20 66 24 24
0184_0019_0024_0065_0065.jpg 1 19 24 65 65
0185_0010_0041_0045_0045.jpg 1 10 41 45 45
0186_0008_0028_0058_0058.jpg 1 8 28 58 58
0187_0045_0027_0039_0039.jpg 1 45 27 39 39
0188_0015_0040_0026_0026.jpg 1 15 40 26 26
0189_0020_0010_0065_0065.jpg 1 20 10 65 65
0190_0023_0006_0049_0049.jpg 1 23 6 49 49
0191_0010_0008_0052_0052.jpg 1 10 8 52 52
0192_0019_0066_0024_0024.jpg 1 19 66 24 24
0193_0012_0019_0069_0069.jpg 1 12 19 69 69
0194_0049_0055_0030_0030.jpg 1 49 55 30 30
0195_0010_0029_0062_0062.jpg 1 10 29 62 62
0196_0010_0020_0066_0066.jpg 1 10 20 66 66
0197_0041_0029_0047_0047.jpg 1 41 29 47 47
0198_0033_0010_0043_0043.jpg 1 33 10 43 43
0199_0031_0016_0062_0062.jpg 1 31 16 62 62
0200_0025_0013_0047_0047.jpg 1 25 13 47 47
0201_0016_0024_0059_0059.jpg 1 16 24 59 59
0202_0019_0038_0053_0053.jpg 1 19 38 53 53
0203_0022_0039_0043_0043.jpg 1 22 39 43 43
0204_0022_0028_0046_0046.jpg 1 22 28 46 46
0205_0028_0034_0035_0035.jpg 1 28 34 35 35
0206_0009_0018_0029_0029.jpg 1 9 18 29 29
0207_0012_0035_0051_0051.jpg 1 12 35 51 51
0208_0034_0022_0056_0056.jpg 1 34 22 56 56
0209_0018_0007_0063_0063.jpg 1 18 7 63 63
0210_0006_0020_0069_0069.jpg 1 6 20 69 69
0211_0017_0019_0025_0025.jpg 1 17 19 25 25
0212_0014_0027_0061_0061.jpg 1 14 27 61 61
0213_0015_0020_0065_0065.jpg 1 15 20 65 65
0214_0024_0005_0064_0064.jpg 1 24 5 64 64
0215_0022_0015_0051_0051.jpg 1 22 15 51 51
0216_0033_0026_0059_0059.jpg 1 33 26 59 59
0217_0019_0033_0056_0056.jpg 1 19 33 56 56
0218_0018_0006_0045_0045.jpg 1 18 6 45 45
0219_0010_0027_0062_0062.jpg 1 10 27 62 62
0220_0031_0035_0059_0059.jpg 1 31 35 59 59
0221_0034_0006_0039_0039.jpg 1 34 6 39 39
0222_0025_0008_0057_0057.jpg 1 25 8 57 57
0223_0048_0044_0024_0024.jpg 1 48 44 24 24
0224_0027_0007_0060_0060.jpg 1 27 7 60 60
0225_0012_0040_0040_0040.jpg 1 12 40 40 40
0226_0020_0007_0056_0056.jpg 1 20 7 56 56
0227_0023_0022_0053_0053.jpg 1 23 22 53 53
0228_0011_0024_0061_0061.jpg 1 11 24 61 61
0229_0037_0027_0027_0027.jpg 1 37 27 27 27
0230_0005_0016_0062_0062.jpg 1 5 16 62 62
0231_0029_0015_0040_0040.jpg 1 29 15 40 40
0232_0037_0029_0057_0057.jpg 1 37 29 57 57
0233_0010_0009_0062_0062.jpg 1 10 9 62 62
0234_0050_0048_0026_0026.jpg 1 50 48 26 26
0235_0062_0057_0031_0031.jpg 1 62 57 31 31
0236_0032_0008_0033_0033.jpg 1 32 8 33 33
0237_0033_0019_0051_0051.jpg 1 33 19 51 51
0238_0057_0039_0034_0034.jpg 1 57 39 34 34
0239_0057_0049_0025_0025.jpg 1 57 49 25 25
0240_0025_0054_0035_0035.jpg 1 25 54 35 35
0241_0019_0005_0061_0061.jpg 1 19 5 61 61
0242_0023_0010_0048_0048.jpg 1 23 10 48 48
0243_0003_0016_0065_0065.jpg 1 3 16 65 65
0244_0052_0044_0038_0038.jpg 1 52 44 38 38
0245_0007_0037_0042_0042.jpg 1 7 37 42 42
0246_0026_0019_0066_0066.jpg 1 26 19 66 66
0247_0018_0019_0025_0025.jpg 1 18 19 25 25
0248_0021_0038_0053_0053.jpg 1 21 38 53 53
0249_0061_0056_0025_0025.jpg 1 61 56 25 25
0250_0033_0047_0034_0034.jpg 1 33 47 34 34
0251_0019_0008_0048_0048.jpg 1 19 8 48 48
0252_0035_0017_0060_0060.jpg 1 35 17 60 60
0253_0042_0033_0034_0034.jpg 1 42 33 34 34
0254_0029_0005_0055_0055.jpg 1 29 5 55 55
0255_0015_0012_0031_0031.jpg 1 15 12 31 31
0256_0009_0011_0053_0053.jpg 1 9 11 53 53
0257_0045_0044_0046_0046.jpg 1 45 44 46 46
0258_0006_0010_0066_0066.jpg 1 6 10 66 66
0259_0032_0035_0024_0024.jpg 1 32 35 24 24
0260_0053_0008_0030_0030.jpg 1 53 8 30 30
0261_0039_0020_0045_0045.jpg 1 39 20 45 45
0262_0019_0020_0064_0064.jpg 1 19 20 64 64
0263_0024_0003_0067_0067.jpg 1 24 3 67 67
0264_0010_0003_0069_0069.jpg 1 10 3 69 69
0265_0032_0013_0058_0058.jpg 1 32 13 58 58
0266_0036_0010_0046_0046.jpg 1 36 10 46 46
0267_0037_0006_0052_0052.jpg 1 37 6 52 52
0268_0006_0012_0068_0068.jpg 1 6 12 68 68
0269_0021_0033_0056_0056.jpg 1 21 33 56 56
0270_0007_0027_0067_0067.jpg 1 7 27 67 67
0271_0004_0005_0061_0061.jpg 1 4 5 61 61
0272_0028_0045_0034_0034.jpg 1 28 45 34 34
0273_0017_0011_0059_0059.jpg 1 17 11 59 59
0274_0007_0019_0047_0047.jpg 1 7 19 47 47
0275_0036_0007_0036_0036.jpg 1 36 7 36 36
0276_0003_0015_0068_0068.jpg 1 3 15 68 68
0277_0040_0042_0052_0052.jpg 1 40 42 52 52
0278_0026_0040_0052_0052.jpg 1 26 40 52 52
0279_0061_0042_0031_0031.jpg 1 61 42 31 31
0280_0049_0007_0033_0033.jpg 1 49 7 33 33
0281_0022_0013_0066_0066.jpg 1 22 13 66 66
0282_0054_0015_0034_0034.jpg 1 54 15 34 34
0283_0007_0015_0068_0068.jpg 1 7 15 68 68
0284_0031_0008_0059_0059.jpg 1 31 8 59 59
0285_0034_0041_0025_0025.jpg 1 34 41 25 25
0286_0016_0031_0064_0064.jpg 1 16 31 64 64
0287_0008_0027_0061_0061.jpg 1 8 27 61 61
0288_0056_0038_0032_0032.jpg 1 56 38 32 32
0289_0020_0014_0061_0061.jpg 1 20 14 61 61
0290_0034_0031_0053_0053.jpg 1 34 31 53 53
0291_0021_0008_0051_0051.jpg 1 21 8 51 51
0292_0024_0035_0037_0037.jpg 1 24 35 37 37
0293_0022_0010_0024_0024.jpg 1 22 10 24 24
0294_0025_0034_0028_0028.jpg 1 25 34 28 28
0295_0028_0024_0065_0065.jpg 1 28 24 65 65
0296_0029_0057_0036_0036.jpg 1 29 57 36 36
0297_0017_0010_0033_0033.jpg 1 17 10 33 33
0298_0024_0035_0040_0040.jpg 1 24 35 40 40
0299_0010_0018_0054_0054.jpg 1 10 18 54 54
0300_0019_0013_0033_0033.jpg 1 19 13 33 33
0301_0052_0048_0026_0026.jpg 1 52 48 26 26
0302_0051_0008_0028_0028.jpg 1 51 8 28 28
0303_0016_0045_0045_0045.jpg 1 16 45 45 45
0304_0027_0023_0068_0068.jpg 1 27 23 68 68
0305_0007_0059_0033_0033.jpg 1 7 59 33 33
0306_0040_0017_0046_0046.jpg 1 40 17 46 46
0307_0040_0042_0051_0051.jpg 1 40 42 51 51
0308_0035_0013_0056_0056.jpg 1 35 13 56 56
0309_0008_0057_0025_0025.jpg 1 8 57 25 25
0310_0011_0050_0025_0025.jpg 1 11 50 25 25
0311_0004_0021_0066_0066.jpg 1 4 21 66 66
0312_0029_0034_0057_0057.jpg 1 29 34 57 57
0313_0033_0022_0027_0027.jpg 1 33 22 27 27
0314_0021_0038_0030_0030.jpg 1 21 38 30 30
0315_0011_0005_0060_0060.jpg 1 11 5 60 60
0316_0009_0048_0040_0040.jpg 1 9 48 40 40
0317_0028_0017_0066_0066.jpg 1 28 17 66 66
0318_0024_0026_0066_0066.jpg 1 24 26 66 66
0319_0024_0013_0059_0059.jpg 1 24 13 59 59
0320_0006_0003_0066_0066.jpg 1 6 3 66 66
0321_0024_0032_0026_0026.jpg 1 24 32 26 26
0322_0026_0041_0031_0031.jpg 1 26 41 31 31
0323_0024_0010_0036_0036.jpg 1 24 10 36 36
0324_0025_0025_0061_0061.jpg 1 25 25 61 61
0325_0029_0020_0066_0066.jpg 1 29 20 66 66
0326_0039_0046_0036_0036.jpg 1 39 46 36 36
0327_0020_0026_0028_0028.jpg 1 20 26 28 28
0328_0027_0011_0066_0066.jpg 1 27 11 66 66
0329_0024_0019_0067_0067.jpg 1 24 19 67 67
0330_0024_0010_0066_0066.jpg 1 24 10 66 66
0331_0030_0005_0053_0053.jpg 1 30 5 53 53
0332_0018_0026_0054_0054.jpg 1 18 26 54 54
0333_0021_0011_0061_0061.jpg 1 21 11 61 61
0334_0055_0022_0031_0031.jpg 1 55 22 31 31
0335_0012_0020_0061_0061.jpg 1 12 20 61 61
0336_0031_0020_0053_0053.jpg 1 31 20 53 53
0337_0015_0035_0039_0039.jpg 1 15 35 39 39
0338_0044_0021_0026_0026.jpg 1 44 21 26 26
0339_0034_0022_0053_0053.jpg 1 34 22 53 53
0340_0015_0033_0026_0026.jpg 1 15 33 26 26
0341_0019_0011_0064_0064.jpg 1 19 11 64 64
0342_0004_0031_0062_0062.jpg 1 4 31 62 62
0343_0017_0028_0045_0045.jpg 1 17 28 45 45
0344_0032_0049_0037_0037.jpg 1 32 49 37 37
0345_0023_0046_0046_0046.jpg 1 23 46 46 46
0346_0048_0014_0045_0045.jpg 1 48 14 45 45
0347_0014_0062_0025_0025.jpg 1 14 62 25 25
0348_0023_0016_0031_0031.jpg 1 23 16 31 31
0349_0010_0013_0068_0068.jpg 1 10 13 68 68
0350_0011_0031_0050_0050.jpg 1 11 31 50 50
0351_0037_0043_0051_0051.jpg 1 37 43 51 51
0352_0051_0055_0026_0026.jpg 1 51 55 26 26
0353_0022_0010_0067_0067.jpg 1 22 10 67 67
0354_0013_0058_0025_0025.jpg 1 13 58 25 25
0355_0018_0046_0036_0036.jpg 1 18 46 36 36
0356_0014_0025_0038_0038.jpg 1 14 25 38 38
0357_0050_0023_0032_0032.jpg 1 50 23 32 32
0358_0030_0023_0047_0047.jpg 1 30 23 47 47
0359_0035_0047_0040_0040.jpg 1 35 47 40 40
0360_0045_0015_0046_0046.jpg 1 45 15 46 46
0361_0017_0021_0041_0041.jpg 1 17 21 41 41
0362_0042_0044_0049_0049.jpg 1 42 44 49 49
0363_0049_0047_0030_0030.jpg 1 49 47 30 30
0364_0028_0061_0027_0027.jpg 1 28 61 27 27
0365_0043_0017_0037_0037.jpg 1 43 17 37 37
0366_0048_0040_0034_0034.jpg 1 48 40 34 34
0367_0006_0033_0048_0048.jpg 1 6 33 48 48
0368_0015_0008_0065_0065.jpg 1 15 8 65 65
0369_0022_0009_0061_0061.jpg 1 22 9 61 61
0370_0035_0035_0059_0059.jpg 1 35 35 59 59
0371_0048_0052_0040_0040.jpg 1 48 52 40 40
0372_0009_0003_0067_0067.jpg 1 9 3 67 67
0373_0022_0005_0058_0058.jpg 1 22 5 58 58
0374_0027_0012_0036_0036.jpg 1 27 12 36 36
0375_0024_0052_0029_0029.jpg 1 24 52 29 29
0376_0032_0033_0061_0061.jpg 1 32 33 61 61
0377_0018_0043_0045_0045.jpg 1 18 43 45 45
0378_0064_0056_0024_0024.jpg 1 64 56 24 24
0379_0034_0031_0052_0052.jpg 1 34 31 52 52
0380_0020_0004_0059_0059.jpg 1 20 4 59 59
0381_0020_0041_0052_0052.jpg 1 20 41 52 52
0382_0019_0012_0054_0054.jpg 1 19 12 54 54
0383_0007_0055_0035_0035.jpg 1 7 55 35 35
0384_0027_0014_0062_0062.jpg 1 27 14 62 62
0385_0018_0008_0069_0069.jpg 1 18 8 69 69
0386_0044_0026_0049_0049.jpg 1 44 26 49 49
0387_0023_0032_0046_0046.jpg 1 23 32 46 46
0388_0018_0004_0058_0058.jpg 1 18 4 58 58
0389_0019_0010_0068_0068.jpg 1 19 10 68 68
0390_0024_0015_0068_0068.jpg 1 24 15 68 68
0391_0016_0022_0030_0030.jpg 1 16 22 30 30
0392_0037_0011_0026_0026.jpg 1 37 11 26 26
0393_0039_0040_0048_0048.jpg 1 39 40 48 48
0394_0034_0042_0029_0029.jpg 1 34 42 29 29
0395_0031_0024_0053_0053.jpg 1 31 24 53 53
0396_0037_0036_0049_0049.jpg 1 37 36 49 49
0397_0034_0026_0054_0054.jpg 1 34 26 54 54
0398_0017_0035_0043_0043.jpg 1 17 35 43 43
0399_0034_0028_0048_0048.jpg 1 34 28 48 48
0400_0022_0021_0058_0058.jpg 1 22 21 58 58
0401_0025_0034_0041_0041.jpg 1 25 34 41 41
0402_0005_0034_0058_0058.jpg 1 5 34 58 58
0403_0022_0045_0044_0044.jpg 1 22 45 44 44
0404_0015_0026_0037_0037.jpg 1 15 26 37 37
0405_0013_0011_0025_0025.jpg 1 13 11 25 25
0406_0046_0042_0028_0028.jpg 1 46 42 28 28
0407_0022_0010_0036_0036.jpg 1 22 10 36 36
0408_0029_0040_0050_0050.jpg 1 29 40 50 50
0409_0017_0008_0043_0043.jpg 1 17 8 43 43
0410_0024_0012_0055_0055.jpg 1 24 12 55 55
0411_0028_0016_0048_0048.jpg 1 28 16 48 48
0412_0016_0014_0058_0058.jpg 1 16 14 58 58
0413_0022_0027_0056_0056.jpg 1 22 27 56 56
0414_0013_0027_0040_0040.jpg 1 13 27 40 40
0415_0007_0006_0039_0039.jpg 1 7 6 39 39
0416_0019_0021_0041_0041.jpg 1 19 21 41 41
0417_0017_0016_0033_0033.jpg 1 17 16 33 33
0418_0015_0048_0032_0032.jpg 1 15 48 32 32
0419_0013_0026_0026_0026.jpg 1 13 26 26 26
0420_0045_0041_0034_0034.jpg 1 45 41 34 34
0421_0013_0013_0068_0068.jpg 1 13 13 68 68
0422_0025_0006_0068_0068.jpg 1 25 6 68 68
0423_0018_0050_0044_0044.jpg 1 18 50 44 44
0424_0014_0005_0048_0048.jpg 1 14 5 48 48
0425_0039_0020_0039_0039.jpg 1 39 20 39 39
0426_0007_0031_0045_0045.jpg 1 7 31 45 45
0427_0050_0059_0026_0026.jpg 1 50 59 26 26
0428_0010_0027_0059_0059.jpg 1 10 27 59 59
0429_0018_0010_0048_0048.jpg 1 18 10 48 48
0430_0043_0032_0049_0049.jpg 1 43 32 49 49
0431_0017_0024_0055_0055.jpg 1 17 24 55 55
0432_0021_0010_0064_0064.jpg 1 21 10 64 64
0433_0004_0033_0060_0060.jpg 1 4 33 60 60
0434_0006_0044_0048_0048.jpg 1 6 44 48 48
0435_0013_0008_0064_0064.jpg 1 13 8 64 64
0436_0023_0030_0033_0033.jpg 1 23 30 33 33
0437_0010_0025_0055_0055.jpg 1 10 25 55 55
0438_0033_0007_0042_0042.jpg 1 33 7 42 42
0439_0013_0017_0046_0046.jpg 1 13 17 46 46
0440_0055_0022_0038_0038.jpg 1 55 22 38 38
0441_0020_0018_0068_0068.jpg 1 20 18 68 68
0442_0043_0027_0046_0046.jpg 1 43 27 46 46
0443_0010_0015_0052_0052.jpg 1 10 15 52 52
0444_0012_0061_0025_0025.jpg 1 12 61 25 25
0445_0052_0036_0039_0039.jpg 1 52 36 39 39
0446_0046_0022_0029_0029.jpg 1 46 22 29 29
0447_0033_0029_0025_0025.jpg 1 33 29 25 25
0448_0038_0032_0049_0049.jpg 1 38 32 49 49
0449_0045_0045_0047_0047.jpg 1 45 45 47 47
0450_0009_0028_0045_0045.jpg 1 9 28 45 45
0451_0019_0028_0062_0062.jpg 1 19 28 62 62
0452_0008_0022_0060_0060.jpg 1 8 22 60 60
0453_0032_0042_0044_0044.jpg 1 32 42 44 44
0454_0050_0041_0024_0024.jpg 1 50 41 24 24
0455_0027_0021_0040_0040.jpg 1 27 21 40 40
0456_0004_0030_0066_0066.jpg 1 4 30 66 66
0457_0023_0032_0025_0025.jpg 1 23 32 25 25
0458_0045_0032_0042_0042.jpg 1 45 32 42 42
0459_0049_0047_0042_0042.jpg 1 49 47 42 42
0460_0026_0042_0037_0037.jpg 1 26 42 37 37
0461_0036_0009_0051_0051.jpg 1 36 9 51 51
0462_0046_0050_0029_0029.jpg 1 46 50 29 29
0463_0047_0033_0044_0044.jpg 1 47 33 44 44
0464_0005_0025_0069_0069.jpg 1 5 25 69 69
0465_0018_0042_0041_0041.jpg 1 18 42 41 41
0466_0007_0012_0044_0044.jpg 1 7 12 44 44
0467_0028_0032_0053_0053.jpg 1 28 32 53 53
0468_0007_0009_0068_0068.jpg 1 7 9 68 68
0469_0013_0008_0069_0069.jpg 1 13 8 69 69
0470_0022_0020_0046_0046.jpg 1 22 20 46 46
0471_0010_0040_0041_0041.jpg 1 10 40 41 41
0472_0014_0024_0069_0069.jpg 1 14 24 69 69
0473_0032_0019_0046_0046.jpg 1 32 19 46 46
0474_0023_0044_0045_0045.jpg 1 23 44 45 45
0475_0031_0009_0047_0047.jpg 1 31 9 47 47
0476_0005_0045_0046_0046.jpg 1 5 45 46 46
0477_0020_0020_0063_0063.jpg 1 20 20 63 63
0478_0006_0030_0062_0062.jpg 1 6 30 62 62
0479_0026_0023_0055_0055.jpg 1 26 23 55 55
0480_0009_0047_0038_0038.jpg 1 9 47 38 38
0481_0021_0053_0038_0038.jpg 1 21 53 38 38
0482_0027_0003_0068_0068.jpg 1 27 3 68 68
0483_0050_0048_0032_0032.jpg 1 50 48 32 32
0484_0037_0027_0051_0051.jpg 1 37 27 51 51
0485_0024_0007_0037_0037.jpg 1 24 7 37 37
0486_0007_0037_0031_0031.jpg 1 7 37 31 31
0487_0003_0003_0068_0068.jpg 1 3 3 68 68
0488_0013_0013_0063_0063.jpg 1 13 13 63 63
0489_0014_0047_0040_0040.jpg 1 14 47 40 40
0490_0020_0042_0043_0043.jpg 1 20 42 43 43
0491_0012_0014_0056_0056.jpg 1 12 14 56 56
0492_0014_0010_0045_0045.jpg 1 14 10 45 45
0493_0054_0040_0035_0035.jpg 1 54 40 35 35
0494_0017_0025_0053_0053.jpg 1 17 25 53 53
0495_0016_0030_0063_0063.jpg 1 16 30 63 63
0496_0023_0006_0048_0048.jpg 1 23 6 48 48
0497_0012_0050_0037_0037.jpg 1 12 50 37 37
0498_0037_0013_0026_0026.jpg 1 37 13 26 26
0499_0014_0004_0065_0065.jpg 1 14 4 65 65
0500_0032_0012_0057_0057.jpg 1 32 12 57 57
0501_0037_0031_0044_0044.jpg 1 37 31 44 44
0502_0004_0021_0061_0061.jpg 1 4 21 61 61
0503_0020_0008_0048_0048.jpg 1 20 8 48 48
0504_0026_0048_0032_0032.jpg 1 26 48 32 32
0505_0056_0034_0037_0037.jpg 1 56 34 37 37
0506_0052_0029_0031_0031.jpg 1 52 29 31 31
0507_0025_0043_0049_0049.jpg 1 25 43 49 49
0508_0015_0044_0050_0050.jpg 1 15 44 50 50
0509_0023_0013_0063_0063.jpg 1 23 13 63 63
0510_0016_0033_0029_0029.jpg 1 16 33 29 29
0511_0014_0053_0036_0036.jpg 1 14 53 36 36
0512_0019_0039_0053_0053.jpg 1 19 39 53 53
0513_0036_0008_0058_0058.jpg 1 36 8 58 58
0514_0043_0022_0041_0041.jpg 1 43 22 41 41
0515_0044_0016_0040_0040.jpg 1 44 16 40 40
0516_0023_0026_0039_0039.jpg 1 23 26 39 39
0517_0015_0007_0058_0058.jpg 1 15 7 58 58
0518_0027_0038_0034_0034.jpg 1 27 38 34 34
0519_0025_0017_0053_0053.jpg 1 25 17 53 53
0520_0009_0007_0066_0066.jpg 1 9 7 66 66
0521_0008_0009_0049_0049.jpg 1 8 9 49 49
0522_0020_0039_0040_0040.jpg 1 20 39 40 40
0523_0046_0020_0044_0044.jpg 1 46 20 44 44
0524_0016_0014_0063_0063.jpg 1 16 14 63 63
0525_0018_0012_0060_0060.jpg 1 18 12 60 60
0526_0022_0048_0028_0028.jpg 1 22 48 28 28
0527_0019_0005_0065_0065.jpg 1 19 5 65 65
0528_0049_0014_0032_0032.jpg 1 49 14 32 32
0529_0036_0024_0037_0037.jpg 1 36 24 37 37
0530_0016_0006_0061_0061.jpg 1 16 6 61 61
0531_0047_0036_0035_0035.jpg 1 47 36 35 35
0532_0063_0008_0025_0025.jpg 1 63 8 25 25
0533_0029_0007_0051_0051.jpg 1 29 7 51 51
0534_0021_0031_0061_0061.jpg 1 21 31 61 61
0535_0022_0020_0050_0050.jpg 1 22 20 50 50
0536_0032_0017_0030_0030.jpg 1 32 17 30 30
0537_0014_0006_0068_0068.jpg 1 14 6 68 68
0538_0039_0048_0037_0037.jpg 1 39 48 37 37
0539_0042_0010_0050_0050.jpg 1 42 10 50 50
0540_0016_0018_0059_0059.jpg 1 16 18 59 59
0541_0017_0018_0060_0060.jpg 1 17 18 60 60
0542_0038_0038_0056_0056.jpg 1 38 38 56 56
0543_0033_0012_0058_0058.jpg 1 33 12 58 58
0544_0026_0020_0056_0056.jpg 1 26 20 56 56
0545_0019_0024_0059_0059.jpg 1 19 24 59 59
0546_0014_0031_0057_0057.jpg 1 14 31 57 57
0547_0020_0009_0052_0052.jpg 1 20 9 52 52
0548_0030_0056_0036_0036.jpg 1 30 56 36 36
0549_0005_0023_0066_0066.jpg 1 5 23 66 66
0550_0016_0014_0036_0036.jpg 1 16 14 36 36
0551_0030_0033_0041_0041.jpg 1 30 33 41 41
0552_0049_0030_0032_0032.jpg 1 49 30 32 32
0553_0006_0028_0068_0068.jpg 1 6 28 68 68
0554_0038_0009_0056_0056.jpg 1 38 9 56 56
0555_0028_0033_0047_0047.jpg 1 28 33 47 47
0556_0019_0029_0046_0046.jpg 1 19 29 46 46
0557_0017_0031_0039_0039.jpg 1 17 31 39 39
0558_0040_0032_0035_0035.jpg 1 40 32 35 35
0559_0025_0006_0062_0062.jpg 1 25 6 62 62
0560_0025_0017_0030_0030.jpg 1 25 17 30 30
0561_0023_0048_0039_0039.jpg 1 23 48 39 39
0562_0035_0018_0061_0061.jpg 1 35 18 61 61
0563_0027_0016_0035_0035.jpg 1 27 16 35 35
0564_0040_0037_0046_0046.jpg 1 40 37 46 46
0565_0026_0009_0035_0035.jpg 1 26 9 35 35
0566_0055_0029_0036_0036.jpg 1 55 29 36 36
0567_0059_0052_0030_0030.jpg 1 59 52 30 30
0568_0049_0062_0026_0026.jpg 1 49 62 26 26
0569_0024_0007_0063_0063.jpg 1 24 7 63 63
0570_0006_0026_0068_0068.jpg 1 6 26 68 68
0571_0044_0007_0046_0046.jpg 1 44 7 46 46
0572_0016_0021_0034_0034.jpg 1 16 21 34 34
0573_0015_0035_0056_0056.jpg 1 15 35 56 56
0574_0030_0028_0047_0047.jpg 1 30 28 47 47
0575_0008_0031_0054_0054.jpg 1 8 31 54 54
0576_0028_0012_0038_0038.jpg 1 28 12 38 38
0577_0039_0049_0034_0034.jpg 1 39 49 34 34
0578_0043_0040_0028_0028.jpg 1 43 40 28 28
0579_0023_0035_0031_0031.jpg 1 23 35 31 31
0580_0020_0013_0048_0048.jpg 1 20 13 48 48
0581_0007_0025_0059_0059.jpg 1 7 25 59 59
0582_0045_0050_0041_0041.jpg 1 45 50 41 41
0583_0009_0006_0066_0066.jpg 1 9 6 66 66
0584_0042_0015_0031_0031.jpg 1 42 15 31 31
0585_0011_0017_0056_0056.jpg 1 11 17 56 56
0586_0009_0057_0029_0029.jpg 1 9 57 29 29
0587_0026_0031_0042_0042.jpg 1 26 31 42 42
0588_0045_0026_0043_0043.jpg 1 45 26 43 43
0589_0009_0016_0064_0064.jpg 1 9 16 64 64
0590_0029_0029_0033_0033.jpg 1 29 29 33 33
0591_0010_0017_0031_0031.jpg 1 10 17 31 31
0592_0011_0043_0031_0031.jpg 1 11 43 31 31
0593_0034_0040_0039_0039.jpg 1 34 40 39 39
0594_0031_0040_0041_0041.jpg 1 31 40 41 41
0595_0005_0008_0057_0057.jpg 1 5 8 57 57
0596_0024_0009_0056_0056.jpg 1 24 9 56 56
0597_0005_0023_0067_0067.jpg 1 5 23 67 67
0598_0006_0025_0060_0060.jpg 1 6 25 60 60
0599_0029_0028_0029_0029.jpg 1 29 28 29 29
0600_0060_0053_0029_0029.jpg 1 60 53 29 29
0601_0020_0019_0066_0066.jpg 1 20 19 66 66
0602_0036_0040_0040_0040.jpg 1 36 40 40 40
0603_0041_0015_0035_0035.jpg 1 41 15 35 35
0604_0019_0023_0069_0069.jpg 1 19 23 69 69
0605_0036_0010_0048_0048.jpg 1 36 10 48 48
0606_0010_0039_0044_0044.jpg 1 10 39 44 44
0607_0015_0011_0051_0051.jpg 1 15 11 51 51
0608_0053_0054_0039_0039.jpg 1 53 54 39 39
0609_0020_0010_0047_0047.jpg 1 20 10 47 47
0610_0054_0058_0031_0031.jpg 1 54 58 31 31
0611_0026_0037_0052_0052.jpg 1 26 37 52 52
0612_0026_0029_0065_0065.jpg 1 26 29 65 65
0613_0014_0011_0026_0026.jpg 1 14 11 26 26
0614_0016_0018_0044_0044.jpg 1 16 18 44 44
0615_0020_0007_0067_0067.jpg 1 20 7 67 67
0616_0022_0012_0062_0062.jpg 1 22 12 62 62
0617_0022_0021_0064_0064.jpg 1 22 21 64 64
0618_0035_0034_0029_0029.jpg 1 35 34 29 29
0619_0009_0038_0050_0050.jpg 1 9 38 50 50
0620_0012_0022_0060_0060.jpg 1 12 22 60 60
0621_0036_0032_0047_0047.jpg 1 36 32 47 47
0622_0007_0008_0046_0046.jpg 1 7 8 46 46
0623_0041_0020_0046_0046.jpg 1 41 20 46 46
0624_0017_0014_0064_0064.jpg 1 17 14 64 64
0625_0041_0058_0031_0031.jpg 1 41 58 31 31
0626_0029_0026_0050_0050.jpg 1 29 26 50 50
0627_0034_0010_0056_0056.jpg 1 34 10 56 56
0628_0022_0011_0068_0068.jpg 1 22 11 68 68
0629_0017_0032_0063_0063.jpg 1 17 32 63 63
0630_0028_0011_0055_0055.jpg 1 28 11 55 55
0631_0008_0019_0068_0068.jpg 1 8 19 68 68
0632_0042_0011_0053_0053.jpg 1 42 11 53 53
0633_0024_0036_0047_0047.jpg 1 24 36 47 47
0634_0018_0017_0045_0045.jpg 1 18 17 45 45
0635_0036_0007_0036_0036.jpg 1 36 7 36 36
0636_0029_0008_0060_0060.jpg 1 29 8 60 60
0637_0031_0009_0062_0062.jpg 1 31 9 62 62
0638_0018_0042_0049_0049.jpg 1 18 42 49 49
0639_0038_0034_0054_0054.jpg 1 38 34 54 54
0640_0016_0019_0049_0049.jpg 1 16 19 49 49
0641_0046_0046_0036_0036.jpg 1 46 46 36 36
0642_0016_0060_0030_0030.jpg 1 16 60 30 30
0643_0005_0027_0042_0042.jpg 1 5 27 42 42
0644_0014_0027_0069_0069.jpg 1 14 27 69 69
0645_0005_0023_0064_0064.jpg 1 5 23 64 64
0646_0007_0017_0057_0057.jpg 1 7 17 57 57
0647_0028_0038_0044_0044.jpg 1 28 38 44 44
0648_0049_0026_0032_0032.jpg 1 49 26 32 32
0649_0010_0046_0037_0037.jpg 1 10 46 37 37
0650_0047_0009_0046_0046.jpg 1 47 9 46 46
0651_0022_0014_0052_0052.jpg 1 22 14 52 52
0652_0005_0019_0055_0055.jpg 1 5 19 55 55
0653_0029_0012_0062_0062.jpg 1 29 12 62 62
0654_0051_0014_0035_0035.jpg 1 51 14 35 35
0655_0041_0029_0036_0036.jpg 1 41 29 36 36
0656_0048_0027_0045_0045.jpg 1 48 27 45 45
0657_0019_0010_0068_0068.jpg 1 19 10 68 68
0658_0042_0021_0039_0039.jpg 1 42 21 39 39
0659_0033_0052_0038_0038.jpg 1 33 52 38 38
0660_0024_0025_0039_0039.jpg 1 24 25 39 39
0661_0029_0028_0059_0059.jpg 1 29 28 59 59
0662_0055_0013_0031_0031.jpg 1 55 13 31 31
0663_0022_0023_0068_0068.jpg 1 22 23 68 68
0664_0025_0030_0052_0052.jpg 1 25 30 52 52
0665_0016_0017_0061_0061.jpg 1 16 17 61 61
0666_0031_0054_0039_0039.jpg 1 31 54 39 39
0667_0005_0031_0052_0052.jpg 1 5 31 52 52
0668_0018_0031_0057_0057.jpg 1 18 31 57 57
0669_0044_0025_0047_0047.jpg 1 44 25 47 47
0670_0038_0031_0054_0054.jpg 1 38 31 54 54
0671_0022_0047_0038_0038.jpg 1 22 47 38 38
0672_0005_0011_0055_0055.jpg 1 5 11 55 55
0673_0013_0052_0028_0028.jpg 1 13 52 28 28
0674_0016_0006_0058_0058.jpg 1 16 6 58 58
0675_0022_0059_0024_0024.jpg 1 22 59 24 24
0676_0037_0036_0051_0051.jpg 1 37 36 51 51
0677_0033_0025_0062_0062.jpg 1 33 25 62 62
0678_0010_0007_0034_0034.jpg 1 10 7 34 34
0679_0020_0024_0058_0058.jpg 1 20 24 58 58
0680_0008_0034_0057_0057.jpg 1 8 34 57 57
0681_0029_0030_0039_0039.jpg 1 29 30 39 39
0682_0039_0032_0055_0055.jpg 1 39 32 55 55
0683_0033_0016_0051_0051.jpg 1 33 16 51 51
0684_0008_0014_0046_0046.jpg 1 8 14 46 46
0685_0006_0009_0036_0036.jpg 1 6 9 36 36
0686_0012_0029_0054_0054.jpg 1 12 29 54 54
0687_0045_0019_0045_0045.jpg 1 45 19 45 45
0688_0063_0043_0027_0027.jpg 1 63 43 27 27
0689_0023_0017_0045_0045.jpg 1 23 17 45 45
0690_0011_0013_0067_0067.jpg 1 11 13 67 67
0691_0033_0028_0054_0054.jpg 1 33 28 54 54
0692_0018_0007_0061_0061.jpg 1 18 7 61 61
0693_0039_0010_0049_0049.jpg 1 39 10 49 49
0694_0015_0044_0028_0028.jpg 1 15 44 28 28
0695_0020_0014_0056_0056.jpg 1 20 14 56 56
0696_0022_0012_0049_0049.jpg 1 22 12 49 49
0697_0043_0013_0043_0043.jpg 1 43 13 43 43
0698_0011_0010_0069_0069.jpg 1 11 10 69 69
0699_0040_0041_0038_0038.jpg 1 40 41 38 38
0700_0028_0038_0041_0041.jpg 1 28 38 41 41
0701_0019_0059_0027_0027.jpg 1 19 59 27 27
0702_0035_0014_0053_0053.jpg 1 35 14 53 53
0703_0044_0049_0039_0039.jpg 1 44 49 39 39
0704_0036_0024_0027_0027.jpg 1 36 24 27 27
0705_0026_0023_0068_0068.jpg 1 26 23 68 68
0706_0045_0007_0032_0032.jpg 1 45 7 32 32
0707_0046_0016_0029_0029.jpg 1 46 16 29 29
0708_0016_0014_0043_0043.jpg 1 16 14 43 43
0709_0018_0026_0039_0039.jpg 1 18 26 39 39
0710_0059_0050_0026_0026.jpg 1 59 50 26 26
0711_0036_0032_0052_0052.jpg 1 36 32 52 52
0712_0040_0034_0045_0045.jpg 1 40 34 45 45
0713_0043_0033_0046_0046.jpg 1 43 33 46 46
0714_0029_0018_0036_0036.jpg 1 29 18 36 36
0715_0020_0013_0058_0058.jpg 1 20 13 58 58
0716_0007_0055_0028_0028.jpg 1 7 55 28 28
0717_0006_0045_0047_0047.jpg 1 6 45 47 47
0718_0008_0048_0029_0029.jpg 1 8 48 29 29
0719_0044_0018_0046_0046.jpg 1 44 18 46 46
0720_0053_0034_0035_0035.jpg 1 53 34 35 35
0721_0017_0025_0067_0067.jpg 1 17 25 67 67
0722_0025_0021_0024_0024.jpg 1 25 21 24 24
0723_0031_0011_0058_0058.jpg 1 31 11 58 58
0724_0043_0043_0051_0051.jpg 1 43 43 51 51
0725_0039_0013_0027_0027.jpg 1 39 13 27 27
0726_0030_0007_0040_0040.jpg 1 30 7 40 40
0727_0032_0048_0045_0045.jpg 1 32 48 45 45
0728_0021_0022_0055_0055.jpg 1 21 22 55 55
0729_0015_0041_0027_0027.jpg 1 15 41 27 27
0730_0052_0060_0030_0030.jpg 1 52 60 30 30
0731_0006_0017_0056_0056.jpg 1 6 17 56 56
0732_0015_0014_0063_0063.jpg 1 15 14 63 63
0733_0014_0024_0051_0051.jpg 1 14 24 51 51
0734_0021_0017_0036_0036.jpg 1 21 17 36 36
0735_0029_0007_0032_0032.jpg 1 29 7 32 32
0736_0008_0022_0061_0061.jpg 1 8 22 61 61
0737_0035_0016_0047_0047.jpg 1 35 16 47 47
0738_0016_0026_0033_0033.jpg 1 16 26 33 33
0739_0031_0026_0030_0030.jpg 1 31 26 30 30
0740_0020_0056_0024_0024.jpg 1 20 56 24 24
0741_0016_0035_0026_0026.jpg 1 16 35 26 26
0742_0053_0056_0034_0034.jpg 1 53 56 34 34
0743_0027_0024_0068_0068.jpg 1 27 24 68 68
0744_0032_0040_0049_0049.jpg 1 32 40 49 49
0745_0021_0054_0039_0039.jpg 1 21 54 39 39
0746_0026_0013_0033_0033.jpg 1 26 13 33 33
0747_0020_0008_0061_0061.jpg 1 20 8 61 61
0748_0013_0014_0050_0050.jpg 1 13 14 50 50
0749_0013_0010_0046_0046.jpg 1 13 10 46 46
0750_0045_0034_0038_0038.jpg 1 45 34 38 38
0751_0022_0034_0050_0050.jpg 1 22 34 50 50
0752_0039_0022_0025_0025.jpg 1 39 22 25 25
0753_0021_0012_0056_0056.jpg 1 21 12 56 56
0754_0033_0026_0061_0061.jpg 1 33 26 61 61
0755_0013_0014_0066_0066.jpg 1 13 14 66 66
0756_0010_0013_0026_0026.jpg 1 10 13 26 26
0757_0022_0021_0061_0061.jpg 1 22 21 61 61
0758_0014_0031_0054_0054.jpg 1 14 31 54 54
0759_0042_0037_0035_0035.jpg 1 42 37 35 35
0760_0028_0012_0058_0058.jpg 1 28 12 58 58
0761_0027_0034_0059_0059.jpg 1 27 34 59 59
0762_0018_0030_0058_0058.jpg 1 18 30 58 58
0763_0024_0012_0062_0062.jpg 1 24 12 62 62
0764_0046_0006_0045_0045.jpg 1 46 6 45 45
0765_0030_0021_0066_0066.jpg 1 30 21 66 66
0766_0032_0017_0038_0038.jpg 1 32 17 38 38
0767_0017_0039_0046_0046.jpg 1 17 39 46 46
0768_0015_0015_0056_0056.jpg 1 15 15 56 56
0769_0064_0039_0027_0027.jpg 1 64 39 27 27
0770_0016_0050_0036_0036.jpg 1 16 50 36 36
0771_0036_0031_0037_0037.jpg 1 36 31 37 37
0772_0034_0046_0046_0046.jpg 1 34 46 46 46
0773_0018_0005_0056_0056.jpg 1 18 5 56 56
0774_0025_0024_0055_0055.jpg 1 25 24 55 55
0775_0033_0007_0038_0038.jpg 1 33 7 38 38
0776_0031_0019_0053_0053.jpg 1 31 19 53 53
0777_0019_0008_0035_0035.jpg 1 19 8 35 35
0778_0058_0054_0032_0032.jpg 1 58 54 32 32
0779_0050_0013_0033_0033.jpg 1 50 13 33 33
0780_0061_0058_0027_0027.jpg 1 61 58 27 27
0781_0031_0056_0037_0037.jpg 1 31 56 37 37
0782_0021_0007_0038_0038.jpg 1 21 7 38 38
0783_0034_0034_0042_0042.jpg 1 34 34 42 42
0784_0018_0009_0066_0066.jpg 1 18 9 66 66
0785_0046_0014_0048_0048.jpg 1 46 14 48 48
0786_0028_0016_0055_0055.jpg 1 28 16 55 55
0787_0030_0032_0038_0038.jpg 1 30 32 38 38
0788_0038_0057_0032_0032.jpg 1 38 57 32 32
0789_0012_0027_0067_0067.jpg 1 12 27 67 67
0790_0024_0044_0028_0028.jpg 1 24 44 28 28
0791_0018_0017_0063_0063.jpg 1 18 17 63 63
0792_0012_0037_0052_0052.jpg 1 12 37 52 52
0793_0010_0011_0068_0068.jpg 1 10 11 68 68
0794_0006_0008_0037_0037.jpg 1 6 8 37 37
0795_0054_0017_0039_0039.jpg 1 54 17 39 39
0796_0047_0059_0030_0030.jpg 1 47 59 30 30
0797_0005_0041_0052_0052.jpg 1 5 41 52 52
0798_0012_0026_0065_0065.jpg 1 12 26 65 65
0799_0048_0012_0040_0040.jpg 1 48 12 40 40
0800_0026_0009_0067_0067.jpg 1 26 9 67 67
0801_0025_0013_0066_0066.jpg 1 25 13 66 66
0802_0026_0014_0052_0052.jpg 1 26 14 52 52
0803_0014_0007_0046_0046.jpg 1 14 7 46 46
0804_0004_0017_0065_0065.jpg 1 4 17 65 65
0805_0046_0029_0024_0024.jpg 1 46 29 24 24
0806_0026_0037_0030_0030.jpg 1 26 37 30 30
0807_0037_0058_0028_0028.jpg 1 37 58 28 28
0808_0038_0015_0038_0038.jpg 1 38 15 38 38
0809_0007_0006_0064_0064.jpg 1 7 6 64 64
0810_0013_0016_0048_0048.jpg 1 13 16 48 48
0811_0018_0013_0063_0063.jpg 1 18 13 63 63
0812_0006_0015_0051_0051.jpg 1 6 15 51 51
0813_0026_0021_0029_0029.jpg 1 26 21 29 29
0814_0037_0023_0041_0041.jpg 1 37 23 41 41
0815_0010_0034_0050_0050.jpg 1 10 34 50 50
0816_0063_0026_0029_0029.jpg 1 63 26 29 29
0817_0021_0017_0045_0045.jpg 1 21 17 45 45
0818_0033_0041_0034_0034.jpg 1 33 41 34 34
0819_0045_0028_0045_0045.jpg 1 45 28 45 45
0820_0031_0008_0059_0059.jpg 1 31 8 59 59
0821_0018_0005_0057_0057.jpg 1 18 5 57 57
0822_0021_0016_0066_0066.jpg 1 21 16 66 66
0823_0019_0044_0047_0047.jpg 1 19 44 47 47
0824_0005_0011_0059_0059.jpg 1 5 11 59 59
0825_0011_0023_0047_0047.jpg 1 11 23 47 47
0826_0028_0005_0050_0050.jpg 1 28 5 50 50
0827_0008_0045_0032_0032.jpg 1 8 45 32 32
0828_0024_0010_0028_0028.jpg 1 24 10 28 28
0829_0031_0027_0052_0052.jpg 1 31 27 52 52
0830_0006_0023_0044_0044.jpg 1 6 23 44 44
0831_0052_0062_0027_0027.jpg 1 52 62 27 27
0832_0021_0023_0060_0060.jpg 1 21 23 60 60
0833_0032_0035_0053_0053.jpg 1 32 35 53 53
0834_0020_0040_0040_0040.jpg 1 20 40 40 40
0835_0007_0021_0063_0063.jpg 1 7 21 63 63
0836_0014_0016_0065_0065.jpg 1 14 16 65 65
0837_0042_0023_0047_0047.jpg 1 42 23 47 47
0838_0006_0028_0059_0059.jpg 1 6 28 59 59
0839_0047_0031_0045_0045.jpg 1 47 31 45 45
0840_0034_0048_0037_0037.jpg 1 34 48 37 37
0841_0030_0015_0051_0051.jpg 1 30 15 51 51
0842_0009_0028_0037_0037.jpg 1 9 28 37 37
0843_0026_0011_0063_0063.jpg 1 26 11 63 63
0844_0053_0018_0036_0036.jpg 1 53 18 36 36
0845_0014_0013_0063_0063.jpg 1 14 13 63 63
0846_0008_0011_0060_0060.jpg 1 8 11 60 60
0847_0030_0013_0061_0061.jpg 1 30 13 61 61
0848_0046_0007_0025_0025.jpg 1 46 7 25 25
0849_0021_0016_0068_0068.jpg 1 21 16 68 68
0850_0017_0021_0065_0065.jpg 1 17 21 65 65
0851_0041_0014_0048_0048.jpg 1 41 14 48 48
0852_0019_0021_0039_0039.jpg 1 19 21 39 39
0853_0044_0020_0044_0044.jpg 1 44 20 44 44
0854_0036_0031_0059_0059.jpg 1 36 31 59 59
0855_0004_0007_0061_0061.jpg 1 4 7 61 61
0856_0047_0046_0024_0024.jpg 1 47 46 24 24
0857_0042_0028_0030_0030.jpg 1 42 28 30 30
0858_0026_0020_0051_0051.jpg 1 26 20 51 51
0859_0016_0041_0049_0049.jpg 1 16 41 49 49
0860_0045_0039_0049_0049.jpg 1 45 39 49 49
0861_0014_0028_0061_0061.jpg 1 14 28 61 61
0862_0062_0039_0025_0025.jpg 1 62 39 25 25
0863_0026_0016_0051_0051.jpg 1 26 16 51 51
0864_0014_0012_0047_0047.jpg 1 14 12 47 47
0865_0015_0007_0054_0054.jpg 1 15 7 54 54
0866_0013_0056_0027_0027.jpg 1 13 56 27 27
0867_0022_0009_0053_0053.jpg 1 22 9 53 53
0868_0012_0035_0060_0060.jpg 1 12 35 60 60
0869_0008_0047_0044_0044.jpg 1 8 47 44 44
0870_0004_0009_0059_0059.jpg 1 4 9 59 59
0871_0005_0032_0053_0053.jpg 1 5 32 53 53
0872_0013_0022_0036_0036.jpg 1 13 22 36 36
0873_0045_0022_0038_0038.jpg 1 45 22 38 38
0874_0013_0024_0057_0057.jpg 1 13 24 57 57
0875_0014_0053_0024_0024.jpg 1 14 53 24 24
0876_0051_0033_0032_0032.jpg 1 51 33 32 32
0877_0030_0013_0041_0041.jpg 1 30 13 41 41
0878_0017_0056_0025_0025.jpg 1 17 56 25 25
0879_0027_0046_0034_0034.jpg 1 27 46 34 34
0880_0016_0031_0063_0063.jpg 1 16 31 63 63
0881_0044_0009_0039_0039.jpg 1 44 9 39 39
0882_0023_0026_0067_0067.jpg 1 23 26 67 67
0883_0043_0048_0042_0042.jpg 1 43 48 42 42
0884_0005_0032_0056_0056.jpg 1 5 32 56 56
0885_0025_0007_0033_0033.jpg 1 25 7 33 33
0886_0034_0037_0037_0037.jpg 1 34 37 37 37
0887_0043_0027_0047_0047.jpg 1 43 27 47 47
0888_0007_0014_0050_0050.jpg 1 7 14 50 50
0889_0061_0016_0027_0027.jpg 1 61 16 27 27
0890_0023_0033_0035_0035.jpg 1 23 33 35 35
0891_0007_0007_0037_0037.jpg 1 7 7 37 37
0892_0009_0007_0034_0034.jpg 1 9 7 34 34
0893_0020_0060_0031_0031.jpg 1 20 60 31 31
0894_0033_0036_0032_0032.jpg 1 33 36 32 32
0895_0012_0033_0059_0059.jpg 1 12 33 59 59
0896_0016_0048_0031_0031.jpg 1 16 48 31 31
0897_0014_0013_0025_0025.jpg 1 14 13 25 25
0898_0013_0033_0028_0028.jpg 1 13 33 28 28
0899_0017_0035_0048_0048.jpg 1 17 35 48 48
0900_0037_0035_0031_0031.jpg 1 37 35 31 31
0901_0021_0018_0055_0055.jpg 1 21 18 55 55
0902_0028_0026_0033_0033.jpg 1 28 26 33 33
0903_0010_0028_0052_0052.jpg 1 10 28 52 52
0904_0033_0053_0033_0033.jpg 1 33 53 33 33
0905_0009_0037_0047_0047.jpg 1 9 37 47 47
0906_0055_0057_0031_0031.jpg 1 55 57 31 31
0907_0011_0035_0045_0045.jpg 1 11 35 45 45
0908_0008_0037_0032_0032.jpg 1 8 37 32 32
0909_0017_0056_0028_0028.jpg 1 17 56 28 28
0910_0025_0042_0053_0053.jpg 1 25 42 53 53
0911_0013_0020_0041_0041.jpg 1 13 20 41 41
0912_0026_0014_0069_0069.jpg 1 26 14 69 69
0913_0009_0040_0052_0052.jpg 1 9 40 52 52
0914_0038_0026_0034_0034.jpg 1 38 26 34 34
0915_0009_0013_0041_0041.jpg 1 9 13 41 41
0916_0031_0022_0043_0043.jpg 1 31 22 43 43
0917_0030_0032_0062_0062.jpg 1 30 32 62 62
0918_0054_0023_0034_0034.jpg 1 54 23 34 34
0919_0028_0006_0043_0043.jpg 1 28 6 43 43
0920_0056_0025_0031_0031.jpg 1 56 25 31 31
0921_0014_0021_0057_0057.jpg 1 14 21 57 57
0922_0041_0016_0042_0042.jpg 1 41 16 42 42
0923_0032_0026_0031_0031.jpg 1 32 26 31 31
0924_0011_0020_0039_0039.jpg 1 11 20 39 39
0925_0008_0006_0044_0044.jpg 1 8 6 44 44
0926_0031_0025_0026_0026.jpg 1 31 25 26 26
0927_0032_0007_0062_0062.jpg 1 32 7 62 62
0928_0053_0011_0027_0027.jpg 1 53 11 27 27
0929_0019_0006_0043_0043.jpg 1 19 6 43 43
0930_0021_0048_0027_0027.jpg 1 21 48 27 27
0931_0023_0012_0054_0054.jpg 1 23 12 54 54
0932_0034_0052_0038_0038.jpg 1 34 52 38 38
0933_0035_0025_0059_0059.jpg 1 35 25 59 59
0934_0038_0021_0047_0047.jpg 1 38 21 47 47
0935_0055_0040_0031_0031.jpg 1 55 40 31 31
0936_0030_0014_0058_0058.jpg 1 30 14 58 58
0937_0013_0007_0067_0067.jpg 1 13 7 67 67
0938_0047_0009_0027_0027.jpg 1 47 9 27 27
0939_0052_0062_0025_0025.jpg 1 52 62 25 25
0940_0013_0018_0032_0032.jpg 1 13 18 32 32
0941_0020_0031_0043_0043.jpg 1 20 31 43 43
0942_0024_0035_0036_0036.jpg 1 24 35 36 36
0943_0008_0015_0060_0060.jpg 1 8 15 60 60
0944_0054_0023_0038_0038.jpg 1 54 23 38 38
0945_0020_0022_0050_0050.jpg 1 20 22 50 50
0946_0007_0026_0069_0069.jpg 1 7 26 69 69
0947_0011_0035_0047_0047.jpg 1 11 35 47 47
0948_0040_0029_0054_0054.jpg 1 40 29 54 54
0949_0059_0041_0024_0024.jpg 1 59 41 24 24
0950_0038_0010_0046_0046.jpg 1 38 10 46 46
0951_0037_0031_0052_0052.jpg 1 37 31 52 52
0952_0032_0038_0053_0053.jpg 1 32 38 53 53
0953_0035_0040_0024_0024.jpg 1 35 40 24 24
0954_0016_0053_0028_0028.jpg 1 16 53 28 28
0955_0027_0018_0069_0069.jpg 1 27 18 69 69
0956_0036_0026_0025_0025.jpg 1 36 26 25 25
0957_0006_0013_0063_0063.jpg 1 6 13 63 63
0958_0028_0013_0065_0065.jpg 1 28 13 65 65
0959_0018_0016_0044_0044.jpg 1 18 16 44 44
0960_0030_0036_0052_0052.jpg 1 30 36 52 52
0961_0011_0031_0038_0038.jpg 1 11 31 38 38
0962_0015_0021_0059_0059.jpg 1 15 21 59 59
0963_0038_0020_0049_0049.jpg 1 38 20 49 49
0964_0064_0019_0024_0024.jpg 1 64 19 24 24
0965_0020_0030_0048_0048.jpg 1 20 30 48 48
0966_0008_0036_0029_0029.jpg 1 8 36 29 29
0967_0011_0012_0045_0045.jpg 1 11 12 45 45
0968_0042_0041_0052_0052.jpg 1 42 41 52 52
0969_0026_0006_0069_0069.jpg 1 26 6 69 69
0970_0026_0007_0066_0066.jpg 1 26 7 66 66
0971_0011_0021_0056_0056.jpg 1 11 21 56 56
0972_0019_0029_0055_0055.jpg 1 19 29 55 55
0973_0034_0016_0027_0027.jpg 1 34 16 27 27
0974_0032_0033_0049_0049.jpg 1 32 33 49 49
0975_0017_0059_0031_0031.jpg 1 17 59 31 31
0976_0033_0024_0033_0033.jpg 1 33 24 33 33
0977_0007_0004_0066_0066.jpg 1 7 4 66 66
0978_0030_0019_0062_0062.jpg 1 30 19 62 62
0979_0008_0010_0042_0042.jpg 1 8 10 42 42
0980_0036_0023_0038_0038.jpg 1 36 23 38 38
0981_0037_0036_0048_0048.jpg 1 37 36 48 48
0982_0006_0028_0058_0058.jpg 1 6 28 58 58
0983_0015_0015_0050_0050.jpg 1 15 15 50 50
0984_0035_0026_0052_0052.jpg 1 35 26 52 52
0985_0030_0030_0045_0045.jpg 1 30 30 45 45
0986_0025_0015_0055_0055.jpg 1 25 15 55 55
0987_0010_0025_0069_0069.jpg 1 10 25 69 69
0988_0051_0043_0037_0037.jpg 1 51 43 37 37
0989_0059_0044_0031_0031.jpg 1 59 44 31 31
0990_0050_0030_0042_0042.jpg 1 50 30 42 42
0991_0015_0040_0050_0050.jpg 1 15 40 50 50
0992_0057_0008_0035_0035.jpg 1 57 8 35 35
0993_0037_0017_0042_0042.jpg 1 37 17 42 42
0994_0027_0020_0030_0030.jpg 1 27 20 30 30
0995_0033_0055_0026_0026.jpg 1 33 55 26 26
0996_0019_0039_0027_0027.jpg 1 19 39 27 27
0997_0046_0008_0025_0025.jpg 1 46 8 25 25
0998_0019_0019_0036_0036.jpg 1 19 19 36 36
0999_0044_0039_0036_0036.jpg 1 44 39 36 36
1000_0022_0012_0069_0069.jpg 1 22 12 69 69
1001_0016_0018_0059_0059.jpg 1 16 18 59 59
1002_0010_0049_0044_0044.jpg 1 10 49 44 44
1003_0015_0043_0043_0043.jpg 1 15 43 43 43
1004_0012_0031_0060_0060.jpg 1 12 31 60 60
1005_0012_0042_0046_0046.jpg 1 12 42 46 46
1006_0059_0047_0027_0027.jpg 1 59 47 27 27
1007_0036_0010_0039_0039.jpg 1 36 10 39 39
1008_0006_0046_0036_0036.jpg 1 6 46 36 36
1009_0027_0009_0058_0058.jpg 1 27 9 58 58
1010_0056_0053_0024_0024.jpg 1 56 53 24 24
1011_0023_0030_0052_0052.jpg 1 23 30 52 52
1012_0040_0036_0031_0031.jpg 1 40 36 31 31
1013_0015_0047_0036_0036.jpg 1 15 47 36 36
1014_0041_0029_0043_0043.jpg 1 41 29 43 43
1015_0028_0025_0063_0063.jpg 1 28 25 63 63
1016_0011_0007_0036_0036.jpg 1 11 7 36 36
1017_0009_0029_0041_0041.jpg 1 9 29 41 41
1018_0021_0036_0035_0035.jpg 1 21 36 35 35
1019_0026_0007_0069_0069.jpg 1 26 7 69 69
1020_0045_0030_0030_0030.jpg 1 45 30 30 30
1021_0021_0011_0065_0065.jpg 1 21 11 65 65
1022_0041_0052_0034_0034.jpg 1 41 52 34 34
1023_0005_0014_0059_0059.jpg 1 5 14 59 59
1024_0042_0053_0033_0033.jpg 1 42 53 33 33
1025_0058_0060_0029_0029.jpg 1 58 60 29 29
1026_0036_0021_0038_0038.jpg 1 36 21 38 38
1027_0052_0027_0033_0033.jpg 1 52 27 33 33
1028_0006_0008_0039_0039.jpg 1 6 8 39 39
1029_0034_0019_0042_0042.jpg 1 34 19 42 42
1030_0014_0009_0067_0067.jpg 1 14 9 67 67
1031_0016_0012_0059_0059.jpg 1 16 12 59 59
1032_0003_0025_0064_0064.jpg 1 3 25 64 64
1033_0046_0011_0040_0040.jpg 1 46 11 40 40
1034_0057_0037_0030_0030.jpg 1 57 37 30 30
1035_0012_0004_0067_0067.jpg 1 12 4 67 67
1036_0023_0022_0050_0050.jpg 1 23 22 50 50
1037_0006_0035_0041_0041.jpg 1 6 35 41 41
1038_0007_0024_0065_0065.jpg 1 7 24 65 65
1039_0013_0014_0061_0061.jpg 1 13 14 61 61
1040_0041_0029_0025_0025.jpg 1 41 29 25 25
1041_0021_0045_0031_0031.jpg 1 21 45 31 31
1042_0006_0027_0037_0037.jpg 1 6 27 37 37
1043_0046_0047_0033_0033.jpg 1 46 47 33 33
1044_0039_0030_0051_0051.jpg 1 39 30 51 51
1045_0007_0024_0038_0038.jpg 1 7 24 38 38
1046_0036_0018_0046_0046.jpg 1 36 18 46 46
1047_0038_0042_0049_0049.jpg 1 38 42 49 49
1048_0014_0016_0039_0039.jpg 1 14 16 39 39
1049_0025_0005_0050_0050.jpg 1 25 5 50 50
1050_0020_0029_0040_0040.jpg 1 20 29 40 40
1051_0015_0004_0056_0056.jpg 1 15 4 56 56
1052_0035_0031_0041_0041.jpg 1 35 31 41 41
1053_0018_0057_0034_0034.jpg 1 18 57 34 34
1054_0023_0023_0062_0062.jpg 1 23 23 62 62
1055_0024_0007_0056_0056.jpg 1 24 7 56 56
1056_0019_0029_0047_0047.jpg 1 19 29 47 47
1057_0052_0013_0033_0033.jpg 1 52 13 33 33
1058_0032_0021_0058_0058.jpg 1 32 21 58 58
1059_0048_0046_0025_0025.jpg 1 48 46 25 25
1060_0028_0015_0058_0058.jpg 1 28 15 58 58
1061_0035_0023_0060_0060.jpg 1 35 23 60 60
1062_0035_0051_0035_0035.jpg 1 35 51 35 35
1063_0025_0020_0063_0063.jpg 1 25 20 63 63
1064_0010_0037_0024_0024.jpg 1 10 37 24 24
1065_0016_0018_0068_0068.jpg 1 16 18 68 68
1066_0011_0054_0024_0024.jpg 1 11 54 24 24
1067_0010_0007_0050_0050.jpg 1 10 7 50 50
1068_0029_0040_0032_0032.jpg 1 29 40 32 32
1069_0022_0018_0034_0034.jpg 1 22 18 34 34
1070_0010_0027_0061_0061.jpg 1 10 27 61 61
1071_0044_0017_0032_0032.jpg 1 44 17 32 32
1072_0026_0043_0046_0046.jpg 1 26 43 46 46
1073_0027_0036_0042_0042.jpg 1 27 36 42 42
1074_0015_0018_0056_0056.jpg 1 15 18 56 56
1075_0006_0019_0049_0049.jpg 1 6 19 49 49
1076_0041_0044_0026_0026.jpg 1 41 44 26 26
1077_0012_0006_0053_0053.jpg 1 12 6 53 53
1078_0028_0020_0028_0028.jpg 1 28 20 28 28
1079_0045_0038_0026_0026.jpg 1 45 38 26 26
1080_0003_0029_0064_0064.jpg 1 3 29 64 64
1081_0016_0004_0065_0065.jpg 1 16 4 65 65
1082_0040_0025_0048_0048.jpg 1 40 25 48 48
1083_0022_0020_0032_0032.jpg 1 22 20 32 32
1084_0007_0011_0046_0046.jpg 1 7 11 46 46
1085_0008_0015_0061_0061.jpg 1 8 15 61 61
1086_0016_0035_0046_0046.jpg 1 16 35 46 46
1087_0010_0048_0046_0046.jpg 1 10 48 46 46
1088_0041_0044_0044_0044.jpg 1 41 44 44 44
1089_0063_0040_0027_0027.jpg 1 63 40 27 27
1090_0021_0026_0051_0051.jpg 1 21 26 51 51
1091_0010_0038_0057_0057.jpg 1 10 38 57 57
1092_0007_0024_0069_0069.jpg 1 7 24 69 69
1093_0009_0064_0024_0024.jpg 1 9 64 24 24
1094_0031_0009_0064_0064.jpg 1 31 9 64 64
1095_0020_0016_0051_0051.jpg 1 20 16 51 51
1096_0021_0038_0050_0050.jpg 1 21 38 50 50
1097_0025_0018_0057_0057.jpg 1 25 18 57 57
1098_0035_0036_0026_0026.jpg 1 35 36 26 26
1099_0009_0006_0067_0067.jpg 1 9 6 67 67
1100_0050_0026_0043_0043.jpg 1 50 26 43 43
1101_0004_0021_0054_0054.jpg 1 4 21 54 54
1102_0017_0019_0057_0057.jpg 1 17 19 57 57
1103_0014_0011_0069_0069.jpg 1 14 11 69 69
1104_0015_0029_0060_0060.jpg 1 15 29 60 60
1105_0018_0009_0058_0058.jpg 1 18 9 58 58
1106_0023_0012_0039_0039.jpg 1 23 12 39 39
1107_0016_0010_0044_0044.jpg 1 16 10 44 44
1108_0056_0059_0032_0032.jpg 1 56 59 32 32
1109_0062_0044_0029_0029.jpg 1 62 44 29 29
1110_0034_0032_0035_0035.jpg 1 34 32 35 35
1111_0027_0029_0052_0052.jpg 1 27 29 52 52
1112_0011_0029_0052_0052.jpg 1 11 29 52 52
1113_0010_0008_0061_0061.jpg 1 10 8 61 61
1114_0036_0040_0047_0047.jpg 1 36 40 47 47
1115_0014_0047_0041_0041.jpg 1 14 47 41 41
1116_0036_0009_0054_0054.jpg 1 36 9 54 54
1117_0053_0026_0025_0025.jpg 1 53 26 25 25
1118_0008_0008_0068_0068.jpg 1 8 8 68 68
1119_0034_0032_0054_0054.jpg 1 34 32 54 54
1120_0044_0044_0044_0044.jpg 1 44 44 44 44
1121_0059_0030_0030_0030.jpg 1 59 30 30 30
1122_0045_0029_0027_0027.jpg 1 45 29 27 27
1123_0014_0014_0063_0063.jpg 1 14 14 63 63
1124_0033_0039_0056_0056.jpg 1 33 39 56 56
1125_0030_0044_0030_0030.jpg 1 30 44 30 30
1126_0011_0023_0068_0068.jpg 1 11 23 68 68
1127_0038_0052_0033_0033.jpg 1 38 52 33 33
1128_0014_0044_0038_0038.jpg 1 14 44 38 38
1129_0023_0030_0056_0056.jpg 1 23 30 56 56
1130_0030_0021_0045_0045.jpg 1 30 21 45 45
1131_0021_0007_0037_0037.jpg 1 21 7 37 37
1132_0013_0042_0047_0047.jpg 1 13 42 47 47
1133_0025_0024_0052_0052.jpg 1 25 24 52 52
1134_0031_0028_0041_0041.jpg 1 31 28 41 41
1135_0044_0033_0027_0027.jpg 1 44 33 27 27
1136_0053_0052_0039_0039.jpg 1 53 52 39 39
1137_0015_0050_0039_0039.jpg 1 15 50 39 39
1138_0031_0051_0028_0028.jpg 1 31 51 28 28
1139_0038_0021_0051_0051.jpg 1 38 21 51 51
1140_0014_0027_0052_0052.jpg 1 14 27 52 52
1141_0006_0014_0031_0031.jpg 1 6 14 31 31
1142_0020_0005_0058_0058.jpg 1 20 5 58 58
1143_0065_0020_0026_0026.jpg 1 65 20 26 26
1144_0039_0037_0041_0041.jpg 1 39 37 41 41
1145_0010_0015_0042_0042.jpg 1 10 15 42 42
1146_0009_0038_0048_0048.jpg 1 9 38 48 48
1147_0017_0022_0055_0055.jpg 1 17 22 55 55
1148_0035_0006_0053_0053.jpg 1 35 6 53 53
1149_0019_0021_0058_0058.jpg 1 19 21 58 58
1150_0019_0041_0033_0033.jpg 1 19 41 33 33
1151_0053_0058_0031_0031.jpg 1 53 58 31 31
1152_0036_0036_0051_0051.jpg 1 36 36 51 51
1153_0055_0008_0034_0034.jpg 1 55 8 34 34
1154_0008_0032_0030_0030.jpg 1 8 32 30 30
1155_0016_0042_0050_0050.jpg 1 16 42 50 50
1156_0029_0015_0050_0050.jpg 1 29 15 50 50
1157_0022_0022_0051_0051.jpg 1 22 22 51 51
1158_0041_0014_0045_0045.jpg 1 41 14 45 45
1159_0013_0021_0055_0055.jpg 1 13 21 55 55
1160_0047_0025_0044_0044.jpg 1 47 25 44 44
1161_0045_0037_0042_0042.jpg 1 45 37 42 42
1162_0022_0013_0041_0041.jpg 1 22 13 41 41
1163_0009_0012_0061_0061.jpg 1 9 12 61 61
1164_0057_0038_0029_0029.jpg 1 57 38 29 29
1165_0046_0033_0048_0048.jpg 1 46 33 48 48
1166_0040_0029_0031_0031.jpg 1 40 29 31 31
1167_0023_0012_0057_0057.jpg 1 23 12 57 57
1168_0016_0015_0065_0065.jpg 1 16 15 65 65
1169_0016_0025_0064_0064.jpg 1 16 25 64 64
1170_0024_0009_0057_0057.jpg 1 24 9 57 57
1171_0037_0011_0034_0034.jpg 1 37 11 34 34
1172_0052_0026_0030_0030.jpg 1 52 26 30 30
1173_0010_0027_0050_0050.jpg 1 10 27 50 50
1174_0057_0045_0025_0025.jpg 1 57 45 25 25
1175_0003_0023_0068_0068.jpg 1 3 23 68 68
1176_0018_0034_0033_0033.jpg 1 18 34 33 33
1177_0006_0030_0064_0064.jpg 1 6 30 64 64
1178_0018_0057_0035_0035.jpg 1 18 57 35 35
1179_0060_0014_0031_0031.jpg 1 60 14 31 31
1180_0012_0035_0041_0041.jpg 1 12 35 41 41
1181_0039_0029_0039_0039.jpg 1 39 29 39 39
1182_0035_0007_0047_0047.jpg 1 35 7 47 47
1183_0010_0012_0035_0035.jpg 1 10 12 35 35
1184_0022_0022_0069_0069.jpg 1 22 22 69 69
1185_0044_0033_0043_0043.jpg 1 44 33 43 43
1186_0021_0022_0048_0048.jpg 1 21 22 48 48
1187_0012_0036_0052_0052.jpg 1 12 36 52 52
1188_0063_0011_0025_0025.jpg 1 63 11 25 25
1189_0016_0012_0049_0049.jpg 1 16 12 49 49
1190_0052_0031_0029_0029.jpg 1 52 31 29 29
1191_0026_0020_0032_0032.jpg 1 26 20 32 32
1192_0026_0021_0064_0064.jpg 1 26 21 64 64
1193_0010_0004_0067_0067.jpg 1 10 4 67 67
1194_0035_0021_0025_0025.jpg 1 35 21 25 25
1195_0029_0012_0058_0058.jpg 1 29 12 58 58
1196_0033_0036_0056_0056.jpg 1 33 36 56 56
1197_0029_0009_0062_0062.jpg 1 29 9 62 62
1198_0027_0022_0052_0052.jpg 1 27 22 52 52
1199_0034_0035_0040_0040.jpg 1 34 35 40 40
1200_0007_0041_0031_0031.jpg 1 7 41 31 31
1201_0018_0015_0061_0061.jpg 1 18 15 61 61
1202_0030_0039_0034_0034.jpg 1 30 39 34 34
1203_0005_0033_0060_0060.jpg 1 5 33 60 60
1204_0014_0021_0028_0028.jpg 1 14 21 28 28
1205_0015_0008_0052_0052.jpg 1 15 8 52 52
1206_0039_0032_0027_0027.jpg 1 39 32 27 27
1207_0049_0017_0041_0041.jpg 1 49 17 41 41
1208_0030_0004_0062_0062.jpg 1 30 4 62 62
1209_0022_0020_0052_0052.jpg 1 22 20 52 52
1210_0063_0032_0026_0026.jpg 1 63 32 26 26
1211_0057_0055_0034_0034.jpg 1 57 55 34 34
1212_0045_0029_0041_0041.jpg 1 45 29 41 41
1213_0012_0015_0050_0050.jpg 1 12 15 50 50
1214_0041_0008_0027_0027.jpg 1 41 8 27 27
1215_0024_0034_0054_0054.jpg 1 24 34 54 54
1216_0034_0034_0055_0055.jpg 1 34 34 55 55
1217_0007_0016_0066_0066.jpg 1 7 16 66 66
1218_0041_0007_0041_0041.jpg 1 41 7 41 41
1219_0045_0054_0034_0034.jpg 1 45 54 34 34
1220_0033_0031_0057_0057.jpg 1 33 31 57 57
1221_0019_0045_0033_0033.jpg 1 19 45 33 33
1222_0043_0045_0024_0024.jpg 1 43 45 24 24
1223_0022_0034_0032_0032.jpg 1 22 34 32 32
1224_0023_0026_0044_0044.jpg 1 23 26 44 44
1225_0009_0038_0036_0036.jpg 1 9 38 36 36
1226_0036_0008_0037_0037.jpg 1 36 8 37 37
1227_0015_0010_0055_0055.jpg 1 15 10 55 55
1228_0010_0031_0048_0048.jpg 1 10 31 48 48
1229_0037_0014_0030_0030.jpg 1 37 14 30 30
1230_0011_0032_0043_0043.jpg 1 11 32 43 43
1231_0010_0016_0067_0067.jpg 1 10 16 67 67
1232_0029_0025_0053_0053.jpg 1 29 25 53 53
1233_0015_0034_0053_0053.jpg 1 15 34 53 53
1234_0033_0037_0025_0025.jpg 1 33 37 25 25
1235_0016_0029_0031_0031.jpg 1 16 29 31 31
1236_0009_0013_0032_0032.jpg 1 9 13 32 32
1237_0039_0035_0029_0029.jpg 1 39 35 29 29
1238_0026_0018_0063_0063.jpg 1 26 18 63 63
1239_0030_0028_0044_0044.jpg 1 30 28 44 44
1240_0018_0025_0069_0069.jpg 1 18 25 69 69
1241_0007_0023_0035_0035.jpg 1 7 23 35 35
1242_0005_0021_0066_0066.jpg 1 5 21 66 66
1243_0017_0051_0041_0041.jpg 1 17 51 41 41
1244_0016_0013_0043_0043.jpg 1 16 13 43 43
1245_0057_0050_0036_0036.jpg 1 57 50 36 36
1246_0009_0007_0051_0051.jpg 1 9 7 51 51
1247_0021_0013_0041_0041.jpg 1 21 13 41 41
1248_0047_0041_0040_0040.jpg 1 47 41 40 40
1249_0025_0015_0068_0068.jpg 1 25 15 68 68
1250_0027_0040_0044_0044.jpg 1 27 40 44 44
1251_0028_0038_0052_0052.jpg 1 28 38 52 52
1252_0015_0017_0059_0059.jpg 1 15 17 59 59
1253_0025_0022_0069_0069.jpg 1 25 22 69 69
1254_0046_0014_0031_0031.jpg 1 46 14 31 31
1255_0008_0052_0034_0034.jpg 1 8 52 34 34
1256_0037_0043_0039_0039.jpg 1 37 43 39 39
1257_0023_0019_0036_0036.jpg 1 23 19 36 36
1258_0029_0036_0037_0037.jpg 1 29 36 37 37
1259_0020_0043_0045_0045.jpg 1 20 43 45 45
1260_0025_0040_0028_0028.jpg 1 25 40 28 28
1261_0007_0010_0068_0068.jpg 1 7 10 68 68
1262_0031_0026_0037_0037.jpg 1 31 26 37 37
1263_0035_0027_0047_0047.jpg 1 35 27 47 47
1264_0039_0015_0046_0046.jpg 1 39 15 46 46
1265_0027_0005_0066_0066.jpg 1 27 5 66 66
1266_0035_0047_0045_0045.jpg 1 35 47 45 45
1267_0008_0025_0059_0059.jpg 1 8 25 59 59
1268_0019_0025_0060_0060.jpg 1 19 25 60 60
1269_0008_0016_0043_0043.jpg 1 8 16 43 43
1270_0020_0007_0066_0066.jpg 1 20 7 66 66
1271_0044_0043_0049_0049.jpg 1 44 43 49 49
1272_0024_0021_0056_0056.jpg 1 24 21 56 56
1273_0041_0053_0026_0026.jpg 1 41 53 26 26
1274_0020_0007_0067_0067.jpg 1 20 7 67 67
1275_0034_0019_0033_0033.jpg 1 34 19 33 33
1276_0009_0024_0066_0066.jpg 1 9 24 66 66
1277_0031_0023_0036_0036.jpg 1 31 23 36 36
1278_0028_0025_0032_0032.jpg 1 28 25 32 32
1279_0012_0009_0037_0037.jpg 1 12 9 37 37
1280_0059_0037_0032_0032.jpg 1 59 37 32 32
1281_0031_0013_0063_0063.jpg 1 31 13 63 63
1282_0007_0017_0059_0059.jpg 1 7 17 59 59
1283_0013_0027_0039_0039.jpg 1 13 27 39 39
1284_0027_0046_0044_0044.jpg 1 27 46 44 44
1285_0047_0044_0034_0034.jpg 1 47 44 34 34
1286_0034_0035_0054_0054.jpg 1 34 35 54 54
1287_0012_0016_0047_0047.jpg 1 12 16 47 47
1288_0037_0024_0028_0028.jpg 1 37 24 28 28
1289_0042_0021_0035_0035.jpg 1 42 21 35 35
1290_0032_0037_0057_0057.jpg 1 32 37 57 57
1291_0062_0026_0024_0024.jpg 1 62 26 24 24
1292_0010_0038_0035_0035.jpg 1 10 38 35 35
1293_0023_0064_0024_0024.jpg 1 23 64 24 24
1294_0029_0010_0044_0044.jpg 1 29 10 44 44
1295_0027_0022_0058_0058.jpg 1 27 22 58 58
1296_0031_0025_0043_0043.jpg 1 31 25 43 43
1297_0044_0043_0041_0041.jpg 1 44 43 41 41
1298_0012_0038_0043_0043.jpg 1 12 38 43 43
1299_0013_0014_0065_0065.jpg 1 13 14 65 65
1300_0046_0044_0041_0041.jpg 1 46 44 41 41
1301_0014_0033_0062_0062.jpg 1 14 33 62 62
1302_0044_0047_0045_0045.jpg 1 44 47 45 45
1303_0053_0015_0032_0032.jpg 1 53 15 32 32
1304_0048_0015_0045_0045.jpg 1 48 15 45 45
1305_0036_0006_0054_0054.jpg 1 36 6 54 54
1306_0028_0034_0060_0060.jpg 1 28 34 60 60
1307_0039_0015_0041_0041.jpg 1 39 15 41 41
1308_0028_0011_0051_0051.jpg 1 28 11 51 51
1309_0036_0048_0042_0042.jpg 1 36 48 42 42
1310_0033_0038_0028_0028.jpg 1 33 38 28 28
1311_0022_0009_0064_0064.jpg 1 22 9 64 64
1312_0026_0057_0035_0035.jpg 1 26 57 35 35
1313_0037_0023_0027_0027.jpg 1 37 23 27 27
1314_0058_0056_0026_0026.jpg 1 58 56 26 26
1315_0046_0026_0036_0036.jpg 1 46 26 36 36
1316_0051_0036_0041_0041.jpg 1 51 36 41 41
1317_0030_0010_0031_0031.jpg 1 30 10 31 31
1318_0017_0030_0058_0058.jpg 1 17 30 58 58
1319_0039_0020_0050_0050.jpg 1 39 20 50 50
1320_0008_0041_0051_0051.jpg 1 8 41 51 51
1321_0008_0009_0067_0067.jpg 1 8 9 67 67
1322_0034_0009_0058_0058.jpg 1 34 9 58 58
1323_0014_0026_0048_0048.jpg 1 14 26 48 48
1324_0013_0022_0053_0053.jpg 1 13 22 53 53
1325_0036_0037_0055_0055.jpg 1 36 37 55 55
1326_0043_0008_0045_0045.jpg 1 43 8 45 45
1327_0017_0036_0047_0047.jpg 1 17 36 47 47
1328_0006_0046_0031_0031.jpg 1 6 46 31 31
1329_0024_0017_0038_0038.jpg 1 24 17 38 38
1330_0039_0006_0033_0033.jpg 1 39 6 33 33
1331_0025_0008_0045_0045.jpg 1 25 8 45 45
1332_0022_0037_0049_0049.jpg 1 22 37 49 49
1333_0010_0011_0041_0041.jpg 1 10 11 41 41
1334_0054_0038_0028_0028.jpg 1 54 38 28 28
1335_0045_0050_0030_0030.jpg 1 45 50 30 30
1336_0016_0016_0043_0043.jpg 1 16 16 43 43
1337_0032_0041_0051_0051.jpg 1 32 41 51 51
1338_0036_0008_0038_0038.jpg 1 36 8 38 38
1339_0011_0021_0062_0062.jpg 1 11 21 62 62
1340_0012_0033_0059_0059.jpg 1 12 33 59 59
1341_0022_0053_0030_0030.jpg 1 22 53 30 30
1342_0046_0028_0032_0032.jpg 1 46 28 32 32
1343_0051_0008_0039_0039.jpg 1 51 8 39 39
1344_0038_0026_0040_0040.jpg 1 38 26 40 40
1345_0049_0014_0031_0031.jpg 1 49 14 31 31
1346_0033_0014_0052_0052.jpg 1 33 14 52 52
1347_0036_0019_0059_0059.jpg 1 36 19 59 59
1348_0063_0034_0027_0027.jpg 1 63 34 27 27
1349_0015_0026_0065_0065.jpg 1 15 26 65 65
1350_0037_0043_0030_0030.jpg 1 37 43 30 30
1351_0034_0029_0036_0036.jpg 1 34 29 36 36
1352_0020_0018_0029_0029.jpg 1 20 18 29 29
1353_0027_0047_0036_0036.jpg 1 27 47 36 36
1354_0023_0018_0035_0035.jpg 1 23 18 35 35
1355_0049_0030_0041_0041.jpg 1 49 30 41 41
1356_0029_0011_0066_0066.jpg 1 29 11 66 66
1357_0042_0053_0026_0026.jpg 1 42 53 26 26
1358_0048_0021_0039_0039.jpg 1 48 21 39 39
1359_0042_0027_0045_0045.jpg 1 42 27 45 45
1360_0009_0009_0044_0044.jpg 1 9 9 44 44
1361_0023_0037_0043_0043.jpg 1 23 37 43 43
1362_0025_0020_0030_0030.jpg 1 25 20 30 30
1363_0040_0046_0035_0035.jpg 1 40 46 35 35
1364_0041_0016_0048_0048.jpg 1 41 16 48 48
1365_0037_0040_0043_0043.jpg 1 37 40 43 43
1366_0010_0015_0069_0069.jpg 1 10 15 69 69
1367_0024_0012_0047_0047.jpg 1 24 12 47 47
1368_0044_0015_0041_0041.jpg 1 44 15 41 41
1369_0057_0021_0035_0035.jpg 1 57 21 35 35
1370_0011_0040_0038_0038.jpg 1 11 40 38 38
1371_0025_0031_0031_0031.jpg 1 25 31 31 31
1372_0009_0022_0029_0029.jpg 1 9 22 29 29
1373_0009_0035_0055_0055.jpg 1 9 35 55 55
1374_0021_0023_0069_0069.jpg 1 21 23 69 69
1375_0005_0034_0052_0052.jpg 1 5 34 52 52
1376_0029_0013_0061_0061.jpg 1 29 13 61 61
1377_0004_0023_0065_0065.jpg 1 4 23 65 65
1378_0013_0029_0030_0030.jpg 1 13 29 30 30
1379_0009_0023_0056_0056.jpg 1 9 23 56 56
1380_0040_0006_0044_0044.jpg 1 40 6 44 44
1381_0015_0007_0068_0068.jpg 1 15 7 68 68
1382_0043_0036_0038_0038.jpg 1 43 36 38 38
1383_0022_0017_0047_0047.jpg 1 22 17 47 47
1384_0019_0019_0068_0068.jpg 1 19 19 68 68
1385_0009_0005_0054_0054.jpg 1 9 5 54 54
1386_0028_0032_0049_0049.jpg 1 28 32 49 49
1387_0016_0007_0031_0031.jpg 1 16 7 31 31
1388_0028_0025_0053_0053.jpg 1 28 25 53 53
1389_0023_0049_0039_0039.jpg 1 23 49 39 39
1390_0006_0049_0045_0045.jpg 1 6 49 45 45
1391_0015_0017_0045_0045.jpg 1 15 17 45 45
1392_0045_0045_0029_0029.jpg 1 45 45 29 29
1393_0031_0037_0057_0057.jpg 1 31 37 57 57
1394_0021_0017_0057_0057.jpg 1 21 17 57 57
1395_0023_0014_0068_0068.jpg 1 23 14 68 68
1396_0008_0046_0039_0039.jpg 1 8 46 39 39
1397_0020_0016_0063_0063.jpg 1 20 16 63 63
1398_0036_0012_0036_0036.jpg 1 36 12 36 36
1399_0007_0046_0047_0047.jpg 1 7 46 47 47
1400_0022_0028_0055_0055.jpg 1 22 28 55 55
1401_0015_0017_0049_0049.jpg 1 15 17 49 49
1402_0012_0023_0039_0039.jpg 1 12 23 39 39
1403_0028_0031_0056_0056.jpg 1 28 31 56 56
1404_0017_0009_0036_0036.jpg 1 17 9 36 36
1405_0037_0052_0037_0037.jpg 1 37 52 37 37
1406_0012_0013_0045_0045.jpg 1 12 13 45 45
1407_0020_0010_0045_0045.jpg 1 20 10 45 45
1408_0024_0023_0053_0053.jpg 1 24 23 53 53
1409_0017_0057_0025_0025.jpg 1 17 57 25 25
1410_0024_0025_0051_0051.jpg 1 24 25 51 51
1411_0031_0029_0027_0027.jpg 1 31 29 27 27
1412_0027_0047_0025_0025.jpg 1 27 47 25 25
1413_0032_0057_0035_0035.jpg 1 32 57 35 35
1414_0009_0014_0062_0062.jpg 1 9 14 62 62
1415_0007_0009_0047_0047.jpg 1 7 9 47 47
1416_0014_0043_0048_0048.jpg 1 14 43 48 48
1417_0013_0021_0066_0066.jpg 1 13 21 66 66
1418_0031_0024_0060_0060.jpg 1 31 24 60 60
1419_0011_0004_0066_0066.jpg 1 11 4 66 66
1420_0023_0059_0029_0029.jpg 1 23 59 29 29
1421_0021_0016_0043_0043.jpg 1 21 16 43 43
1422_0032_0035_0036_0036.jpg 1 32 35 36 36
1423_0032_0025_0054_0054.jpg 1 32 25 54 54
1424_0027_0040_0052_0052.jpg 1 27 40 52 52
1425_0019_0042_0027_0027.jpg 1 19 42 27 27
1426_0024_0014_0033_0033.jpg 1 24 14 33 33
1427_0067_0016_0024_0024.jpg 1 67 16 24 24
1428_0033_0060_0025_0025.jpg 1 33 60 25 25
1429_0016_0032_0041_0041.jpg 1 16 32 41 41
1430_0035_0016_0039_0039.jpg 1 35 16 39 39
1431_0010_0008_0067_0067.jpg 1 10 8 67 67
1432_0010_0027_0064_0064.jpg 1 10 27 64 64
1433_0020_0014_0065_0065.jpg 1 20 14 65 65
1434_0003_0028_0068_0068.jpg 1 3 28 68 68
1435_0041_0058_0026_0026.jpg 1 41 58 26 26
1436_0033_0008_0058_0058.jpg 1 33 8 58 58
1437_0041_0031_0030_0030.jpg 1 41 31 30 30
1438_0050_0007_0042_0042.jpg 1 50 7 42 42
1439_0024_0006_0063_0063.jpg 1 24 6 63 63
1440_0018_0028_0066_0066.jpg 1 18 28 66 66
1441_0012_0034_0056_0056.jpg 1 12 34 56 56
1442_0017_0006_0042_0042.jpg 1 17 6 42 42
1443_0035_0042_0027_0027.jpg 1 35 42 27 27
1444_0027_0021_0060_0060.jpg 1 27 21 60 60
1445_0026_0046_0034_0034.jpg 1 26 46 34 34
1446_0014_0024_0038_0038.jpg 1 14 24 38 38
1447_0005_0006_0065_0065.jpg 1 5 6 65 65
1448_0009_0024_0038_0038.jpg 1 9 24 38 38
1449_0015_0008_0050_0050.jpg 1 15 8 50 50
1450_0021_0024_0051_0051.jpg 1 21 24 51 51
1451_0020_0009_0028_0028.jpg 1 20 9 28 28
1452_0032_0008_0039_0039.jpg 1 32 8 39 39
1453_0027_0043_0043_0043.jpg 1 27 43 43 43
1454_0060_0035_0024_0024.jpg 1 60 35 24 24
1455_0009_0023_0034_0034.jpg 1 9 23 34 34
1456_0008_0039_0048_0048.jpg 1 8 39 48 48
1457_0024_0054_0024_0024.jpg 1 24 54 24 24
1458_0026_0034_0038_0038.jpg 1 26 34 38 38
1459_0031_0029_0047_0047.jpg 1 31 29 47 47
1460_0016_0056_0034_0034.jpg 1 16 56 34 34
1461_0038_0052_0025_0025.jpg 1 38 52 25 25
1462_0035_0029_0042_0042.jpg 1 35 29 42 42
1463_0046_0013_0041_0041.jpg 1 46 13 41 41
1464_0032_0013_0063_0063.jpg 1 32 13 63 63
1465_0021_0017_0059_0059.jpg 1 21 17 59 59
1466_0017_0037_0024_0024.jpg 1 17 37 24 24
1467_0045_0043_0044_0044.jpg 1 45 43 44 44
1468_0022_0017_0051_0051.jpg 1 22 17 51 51
1469_0028_0019_0061_0061.jpg 1 28 19 61 61
1470_0015_0020_0044_0044.jpg 1 15 20 44 44
1471_0033_0030_0042_0042.jpg 1 33 30 42 42
1472_0011_0022_0064_0064.jpg 1 11 22 64 64
1473_0049_0022_0038_0038.jpg 1 49 22 38 38
1474_0045_0021_0039_0039.jpg 1 45 21 39 39
1475_0019_0026_0068_0068.jpg 1 19 26 68 68
1476_0014_0009_0060_0060.jpg 1 14 9 60 60
1477_0004_0029_0062_0062.jpg 1 4 29 62 62
1478_0025_0032_0043_0043.jpg 1 25 32 43 43
1479_0022_0020_0065_0065.jpg 1 22 20 65 65
1480_0051_0048_0041_0041.jpg 1 51 48 41 41
1481_0023_0023_0044_0044.jpg 1 23 23 44 44
1482_0010_0027_0064_0064.jpg 1 10 27 64 64
1483_0022_0029_0024_0024.jpg 1 22 29 24 24
1484_0028_0028_0037_0037.jpg 1 28 28 37 37
1485_0011_0030_0056_0056.jpg 1 11 30 56 56
1486_0038_0033_0044_0044.jpg 1 38 33 44 44
1487_0029_0003_0062_0062.jpg 1 29 3 62 62
1488_0018_0025_0064_0064.jpg 1 18 25 64 64
1489_0021_0050_0030_0030.jpg 1 21 50 30 30
1490_0015_0004_0063_0063.jpg 1 15 4 63 63
1491_0009_0025_0068_0068.jpg 1 9 25 68 68
1492_0047_0040_0037_0037.jpg 1 47 40 37 37
1493_0026_0009_0035_0035.jpg 1 26 9 35 35
1494_0022_0016_0053_0053.jpg 1 22 16 53 53
1495_0024_0011_0044_0044.jpg 1 24 11 44 44
1496_0022_0040_0049_0049.jpg 1 22 40 49 49
1497_0044_0008_0035_0035.jpg 1 44 8 35 35
1498_0043_0026_0029_0029.jpg 1 43 26 29 29
1499_0003_0005_0069_0069.jpg 1 3 5 69 69
1500_0035_0041_0051_0051.jpg 1 35 41 51 51
1501_0022_0011_0068_0068.jpg 1 22 11 68 68
1502_0023_0029_0059_0059.jpg 1 23 29 59 59
1503_0019_0025_0051_0051.jpg 1 19 25 51 51
1504_0025_0022_0058_0058.jpg 1 25 22 58 58
1505_0046_0047_0043_0043.jpg 1 46 47 43 43
1506_0049_0037_0040_0040.jpg 1 49 37 40 40
1507_0034_0014_0028_0028.jpg 1 34 14 28 28
1508_0020_0024_0041_0041.jpg 1 20 24 41 41
1509_0029_0003_0065_0065.jpg 1 29 3 65 65
1510_0027_0012_0048_0048.jpg 1 27 12 48 48
1511_0064_0046_0026_0026.jpg 1 64 46 26 26
1512_0051_0024_0037_0037.jpg 1 51 24 37 37
1513_0029_0038_0024_0024.jpg 1 29 38 24 24
1514_0037_0032_0031_0031.jpg 1 37 32 31 31
1515_0007_0025_0042_0042.jpg 1 7 25 42 42
1516_0012_0044_0028_0028.jpg 1 12 44 28 28
1517_0012_0009_0068_0068.jpg 1 12 9 68 68
1518_0013_0060_0030_0030.jpg 1 13 60 30 30
1519_0007_0015_0067_0067.jpg 1 7 15 67 67
1520_0050_0006_0037_0037.jpg 1 50 6 37 37
1521_0047_0033_0040_0040.jpg 1 47 33 40 40
1522_0012_0052_0030_0030.jpg 1 12 52 30 30
1523_0007_0012_0050_0050.jpg 1 7 12 50 50
1524_0055_0009_0033_0033.jpg 1 55 9 33 33
1525_0013_0011_0042_0042.jpg 1 13 11 42 42
1526_0021_0020_0067_0067.jpg 1 21 20 67 67
1527_0017_0010_0043_0043.jpg 1 17 10 43 43
1528_0012_0035_0052_0052.jpg 1 12 35 52 52
1529_0047_0028_0047_0047.jpg 1 47 28 47 47
1530_0049_0033_0026_0026.jpg 1 49 33 26 26
1531_0039_0031_0034_0034.jpg 1 39 31 34 34
1532_0011_0005_0056_0056.jpg 1 11 5 56 56
1533_0014_0012_0039_0039.jpg 1 14 12 39 39
1534_0039_0023_0041_0041.jpg 1 39 23 41 41
1535_0014_0026_0053_0053.jpg 1 14 26 53 53
1536_0004_0022_0065_0065.jpg 1 4 22 65 65
1537_0019_0023_0052_0052.jpg 1 19 23 52 52
1538_0005_0025_0067_0067.jpg 1 5 25 67 67
1539_0008_0023_0069_0069.jpg 1 8 23 69 69
1540_0032_0021_0040_0040.jpg 1 32 21 40 40
1541_0046_0052_0027_0027.jpg 1 46 52 27 27
1542_0028_0037_0053_0053.jpg 1 28 37 53 53
1543_0031_0020_0058_0058.jpg 1 31 20 58 58
1544_0032_0022_0059_0059.jpg 1 32 22 59 59
1545_0023_0047_0024_0024.jpg 1 23 47 24 24
1546_0024_0029_0042_0042.jpg 1 24 29 42 42
1547_0033_0007_0059_0059.jpg 1 33 7 59 59
1548_0019_0032_0045_0045.jpg 1 19 32 45 45
1549_0019_0016_0062_0062.jpg 1 19 16 62 62
1550_0032_0031_0051_0051.jpg 1 32 31 51 51
1551_0041_0014_0033_0033.jpg 1 41 14 33 33
1552_0016_0028_0033_0033.jpg 1 16 28 33 33
1553_0041_0016_0032_0032.jpg 1 41 16 32 32
1554_0011_0029_0033_0033.jpg 1 11 29 33 33
1555_0005_0011_0052_0052.jpg 1 5 11 52 52
1556_0028_0026_0051_0051.jpg 1 28 26 51 51
1557_0004_0016_0062_0062.jpg 1 4 16 62 62
1558_0057_0031_0029_0029.jpg 1 57 31 29 29
1559_0015_0005_0054_0054.jpg 1 15 5 54 54
1560_0022_0034_0056_0056.jpg 1 22 34 56 56
1561_0019_0031_0054_0054.jpg 1 19 31 54 54
1562_0030_0024_0057_0057.jpg 1 30 24 57 57
1563_0047_0038_0036_0036.jpg 1 47 38 36 36
1564_0029_0064_0028_0028.jpg 1 29 64 28 28
1565_0024_0034_0056_0056.jpg 1 24 34 56 56
1566_0020_0018_0062_0062.jpg 1 20 18 62 62
1567_0040_0042_0039_0039.jpg 1 40 42 39 39
1568_0014_0003_0066_0066.jpg 1 14 3 66 66
1569_0013_0007_0048_0048.jpg 1 13 7 48 48
1570_0019_0020_0048_0048.jpg 1 19 20 48 48
1571_0011_0017_0025_0025.jpg 1 11 17 25 25
1572_0024_0009_0047_0047.jpg 1 24 9 47 47
1573_0027_0027_0037_0037.jpg 1 27 27 37 37
1574_0020_0021_0037_0037.jpg 1 20 21 37 37
1575_0022_0019_0068_0068.jpg 1 22 19 68 68
1576_0048_0013_0028_0028.jpg 1 48 13 28 28
1577_0036_0012_0034_0034.jpg 1 36 12 34 34
1578_0012_0026_0041_0041.jpg 1 12 26 41 41
1579_0013_0035_0035_0035.jpg 1 13 35 35 35
1580_0036_0037_0047_0047.jpg 1 36 37 47 47
1581_0012_0028_0054_0054.jpg 1 12 28 54 54
1582_0042_0028_0052_0052.jpg 1 42 28 52 52
1583_0056_0041_0036_0036.jpg 1 56 41 36 36
1584_0021_0048_0043_0043.jpg 1 21 48 43 43
1585_0032_0019_0052_0052.jpg 1 32 19 52 52
1586_0018_0029_0041_0041.jpg 1 18 29 41 41
1587_0050_0023_0028_0028.jpg 1 50 23 28 28
1588_0008_0055_0036_0036.jpg 1 8 55 36 36
1589_0026_0023_0037_0037.jpg 1 26 23 37 37
1590_0054_0019_0033_0033.jpg 1 54 19 33 33
1591_0012_0033_0061_0061.jpg 1 12 33 61 61
1592_0021_0028_0045_0045.jpg 1 21 28 45 45
1593_0058_0025_0032_0032.jpg 1 58 25 32 32
1594_0050_0025_0033_0033.jpg 1 50 25 33 33
1595_0015_0020_0058_0058.jpg 1 15 20 58 58
1596_0033_0011_0057_0057.jpg 1 33 11 57 57
1597_0031_0025_0063_0063.jpg 1 31 25 63 63
1598_0027_0010_0046_0046.jpg 1 27 10 46 46
1599_0048_0040_0025_0025.jpg 1 48 40 25 25
1600_0032_0020_0028_0028.jpg 1 32 20 28 28
1601_0047_0012_0035_0035.jpg 1 47 12 35 35
1602_0014_0007_0061_0061.jpg 1 14 7 61 61
1603_0004_0008_0057_0057.jpg 1 4 8 57 57
1604_0013_0019_0068_0068.jpg 1 13 19 68 68
1605_0058_0023_0030_0030.jpg 1 58 23 30 30
1606_0021_0046_0040_0040.jpg 1 21 46 40 40
1607_0010_0012_0058_0058.jpg 1 10 12 58 58
1608_0020_0017_0041_0041.jpg 1 20 17 41 41
1609_0006_0029_0041_0041.jpg 1 6 29 41 41
1610_0033_0058_0031_0031.jpg 1 33 58 31 31
1611_0035_0006_0045_0045.jpg 1 35 6 45 45
1612_0005_0026_0068_0068.jpg 1 5 26 68 68
1613_0034_0025_0056_0056.jpg 1 34 25 56 56
1614_0040_0032_0032_0032.jpg 1 40 32 32 32
1615_0026_0022_0047_0047.jpg 1 26 22 47 47
1616_0027_0006_0067_0067.jpg 1 27 6 67 67
1617_0028_0031_0047_0047.jpg 1 28 31 47 47
1618_0030_0043_0051_0051.jpg 1 30 43 51 51
1619_0030_0042_0041_0041.jpg 1 30 42 41 41
1620_0032_0024_0033_0033.jpg 1 32 24 33 33
1621_0020_0009_0067_0067.jpg 1 20 9 67 67
1622_0035_0012_0044_0044.jpg 1 35 12 44 44
1623_0032_0029_0058_0058.jpg 1 32 29 58 58
1624_0004_0020_0063_0063.jpg 1 4 20 63 63
1625_0022_0043_0050_0050.jpg 1 22 43 50 50
1626_0016_0010_0068_0068.jpg 1 16 10 68 68
1627_0022_0024_0066_0066.jpg 1 22 24 66 66
1628_0015_0026_0049_0049.jpg 1 15 26 49 49
1629_0010_0010_0059_0059.jpg 1 10 10 59 59
1630_0032_0007_0035_0035.jpg 1 32 7 35 35
1631_0038_0052_0033_0033.jpg 1 38 52 33 33
1632_0022_0003_0067_0067.jpg 1 22 3 67 67
1633_0025_0013_0064_0064.jpg 1 25 13 64 64
1634_0057_0046_0029_0029.jpg 1 57 46 29 29
1635_0019_0012_0053_0053.jpg 1 19 12 53 53
1636_0025_0012_0067_0067.jpg 1 25 12 67 67
1637_0018_0011_0052_0052.jpg 1 18 11 52 52
1638_0003_0016_0069_0069.jpg 1 3 16 69 69
1639_0038_0015_0047_0047.jpg 1 38 15 47 47
1640_0006_0015_0052_0052.jpg 1 6 15 52 52
1641_0042_0018_0036_0036.jpg 1 42 18 36 36
1642_0042_0031_0052_0052.jpg 1 42 31 52 52
1643_0016_0056_0033_0033.jpg 1 16 56 33 33
1644_0020_0030_0062_0062.jpg 1 20 30 62 62
1645_0036_0031_0043_0043.jpg 1 36 31 43 43
1646_0017_0038_0035_0035.jpg 1 17 38 35 35
1647_0005_0020_0069_0069.jpg 1 5 20 69 69
1648_0055_0007_0037_0037.jpg 1 55 7 37 37
1649_0041_0012_0024_0024.jpg 1 41 12 24 24
1650_0020_0036_0054_0054.jpg 1 20 36 54 54
1651_0035_0035_0028_0028.jpg 1 35 35 28 28
1652_0041_0037_0032_0032.jpg 1 41 37 32 32
1653_0010_0049_0024_0024.jpg 1 10 49 24 24
1654_0011_0045_0042_0042.jpg 1 11 45 42 42
1655_0033_0005_0049_0049.jpg 1 33 5 49 49
1656_0037_0011_0042_0042.jpg 1 37 11 42 42
1657_0016_0023_0055_0055.jpg 1 16 23 55 55
1658_0061_0064_0027_0027.jpg 1 61 64 27 27
1659_0028_0006_0044_0044.jpg 1 28 6 44 44
1660_0040_0039_0054_0054.jpg 1 40 39 54 54
1661_0030_0031_0063_0063.jpg 1 30 31 63 63
1662_0018_0023_0032_0032.jpg 1 18 23 32 32
1663_0006_0005_0064_0064.jpg 1 6 5 64 64
1664_0011_0007_0028_0028.jpg 1 11 7 28 28
1665_0031_0024_0041_0041.jpg 1 31 24 41 41
1666_0034_0035_0048_0048.jpg 1 34 35 48 48
1667_0013_0066_0025_0025.jpg 1 13 66 25 25
1668_0021_0025_0047_0047.jpg 1 21 25 47 47
1669_0032_0049_0040_0040.jpg 1 32 49 40 40
1670_0035_0042_0043_0043.jpg 1 35 42 43 43
1671_0040_0011_0047_0047.jpg 1 40 11 47 47
1672_0018_0004_0056_0056.jpg 1 18 4 56 56
1673_0031_0034_0051_0051.jpg 1 31 34 51 51
1674_0022_0028_0034_0034.jpg 1 22 28 34 34
1675_0018_0047_0044_0044.jpg 1 18 47 44 44
1676_0036_0038_0031_0031.jpg 1 36 38 31 31
1677_0014_0025_0059_0059.jpg 1 14 25 59 59
1678_0042_0047_0037_0037.jpg 1 42 47 37 37
1679_0041_0024_0053_0053.jpg 1 41 24 53 53
1680_0038_0034_0054_0054.jpg 1 38 34 54 54
1681_0041_0031_0053_0053.jpg 1 41 31 53 53
1682_0004_0010_0063_0063.jpg 1 4 10 63 63
1683_0029_0011_0061_0061.jpg 1 29 11 61 61
1684_0015_0018_0062_0062.jpg 1 15 18 62 62
1685_0008_0014_0063_0063.jpg 1 8 14 63 63
1686_0034_0022_0048_0048.jpg 1 34 22 48 48
1687_0058_0063_0029_0029.jpg 1 58 63 29 29
1688_0064_0061_0028_0028.jpg 1 64 61 28 28
1689_0028_0026_0042_0042.jpg 1 28 26 42 42
1690_0028_0005_0065_0065.jpg 1 28 5 65 65
1691_0012_0022_0063_0063.jpg 1 12 22 63 63
1692_0020_0025_0059_0059.jpg 1 20 25 59 59
1693_0007_0016_0034_0034.jpg 1 7 16 34 34
1694_0037_0033_0057_0057.jpg 1 37 33 57 57
1695_0056_0028_0033_0033.jpg 1 56 28 33 33
1696_0020_0030_0061_0061.jpg 1 20 30 61 61
1697_0016_0053_0040_0040.jpg 1 16 53 40 40
1698_0014_0051_0029_0029.jpg 1 14 51 29 29
1699_0040_0045_0037_0037.jpg 1 40 45 37 37
1700_0011_0012_0056_0056.jpg 1 11 12 56 56
1701_0032_0015_0060_0060.jpg 1 32 15 60 60
1702_0018_0045_0044_0044.jpg 1 18 45 44 44
1703_0026_0017_0068_0068.jpg 1 26 17 68 68
1704_0029_0024_0044_0044.jpg 1 29 24 44 44
1705_0040_0034_0051_0051.jpg 1 40 34 51 51
1706_0041_0024_0047_0047.jpg 1 41 24 47 47
1707_0029_0021_0033_0033.jpg 1 29 21 33 33
1708_0013_0008_0057_0057.jpg 1 13 8 57 57
1709_0013_0021_0061_0061.jpg 1 13 21 61 61
1710_0011_0018_0031_0031.jpg 1 11 18 31 31
1711_0011_0024_0064_0064.jpg 1 11 24 64 64
1712_0026_0020_0062_0062.jpg 1 26 20 62 62
1713_0046_0009_0037_0037.jpg 1 46 9 37 37
1714_0008_0029_0066_0066.jpg 1 8 29 66 66
1715_0017_0008_0067_0067.jpg 1 17 8 67 67
1716_0020_0011_0056_0056.jpg 1 20 11 56 56
1717_0009_0024_0062_0062.jpg 1 9 24 62 62
1718_0017_0032_0062_0062.jpg 1 17 32 62 62
1719_0027_0049_0040_0040.jpg 1 27 49 40 40
1720_0006_0015_0057_0057.jpg 1 6 15 57 57
1721_0007_0029_0025_0025.jpg 1 7 29 25 25
1722_0028_0029_0044_0044.jpg 1 28 29 44 44
1723_0027_0013_0061_0061.jpg 1 27 13 61 61
1724_0034_0048_0026_0026.jpg 1 34 48 26 26
1725_0008_0011_0031_0031.jpg 1 8 11 31 31
1726_0027_0031_0039_0039.jpg 1 27 31 39 39
1727_0033_0049_0028_0028.jpg 1 33 49 28 28
1728_0016_0015_0061_0061.jpg 1 16 15 61 61
1729_0038_0020_0051_0051.jpg 1 38 20 51 51
1730_0009_0055_0031_0031.jpg 1 9 55 31 31
1731_0020_0029_0056_0056.jpg 1 20 29 56 56
1732_0025_0013_0040_0040.jpg 1 25 13 40 40
1733_0051_0040_0041_0041.jpg 1 51 40 41 41
1734_0005_0017_0062_0062.jpg 1 5 17 62 62
1735_0010_0016_0061_0061.jpg 1 10 16 61 61
1736_0029_0030_0059_0059.jpg 1 29 30 59 59
1737_0044_0030_0049_0049.jpg 1 44 30 49 49
1738_0030_0014_0037_0037.jpg 1 30 14 37 37
1739_0014_0029_0044_0044.jpg 1 14 29 44 44
1740_0056_0029_0024_0024.jpg 1 56 29 24 24
1741_0040_0027_0052_0052.jpg 1 40 27 52 52
1742_0023_0033_0055_0055.jpg 1 23 33 55 55
1743_0026_0047_0027_0027.jpg 1 26 47 27 27
1744_0027_0042_0042_0042.jpg 1 27 42 42 42
1745_0033_0028_0027_0027.jpg 1 33 28 27 27
1746_0006_0011_0052_0052.jpg 1 6 11 52 52
1747_0043_0022_0029_0029.jpg 1 43 22 29 29
1748_0019_0044_0037_0037.jpg 1 19 44 37 37
1749_0014_0024_0050_0050.jpg 1 14 24 50 50
1750_0051_0054_0038_0038.jpg 1 51 54 38 38
1751_0027_0039_0033_0033.jpg 1 27 39 33 33
1752_0052_0032_0031_0031.jpg 1 52 32 31 31
1753_0032_0037_0054_0054.jpg 1 32 37 54 54
1754_0013_0037_0037_0037.jpg 1 13 37 37 37
1755_0022_0009_0039_0039.jpg 1 22 9 39 39
1756_0036_0023_0036_0036.jpg 1 36 23 36 36
1757_0005_0033_0055_0055.jpg 1 5 33 55 55
1758_0021_0039_0045_0045.jpg 1 21 39 45 45
1759_0020_0028_0057_0057.jpg 1 20 28 57 57
1760_0016_0014_0062_0062.jpg 1 16 14 62 62
1761_0017_0019_0033_0033.jpg 1 17 19 33 33
1762_0025_0045_0043_0043.jpg 1 25 45 43 43
1763_0015_0011_0059_0059.jpg 1 15 11 59 59
1764_0028_0004_0064_0064.jpg 1 28 4 64 64
1765_0015_0010_0044_0044.jpg 1 15 10 44 44
1766_0041_0024_0036_0036.jpg 1 41 24 36 36
1767_0006_0026_0069_0069.jpg 1 6 26 69 69
1768_0010_0018_0050_0050.jpg 1 10 18 50 50
1769_0028_0015_0046_0046.jpg 1 28 15 46 46
1770_0005_0014_0064_0064.jpg 1 5 14 64 64
1771_0016_0038_0054_0054.jpg 1 16 38 54 54
1772_0030_0030_0042_0042.jpg 1 30 30 42 42
1773_0020_0026_0056_0056.jpg 1 20 26 56 56
1774_0024_0027_0030_0030.jpg 1 24 27 30 30
1775_0043_0012_0037_0037.jpg 1 43 12 37 37
1776_0007_0014_0068_0068.jpg 1 7 14 68 68
1777_0024_0040_0042_0042.jpg 1 24 40 42 42
1778_0047_0012_0045_0045.jpg 1 47 12 45 45
1779_0018_0051_0038_0038.jpg 1 18 51 38 38
1780_0023_0008_0068_0068.jpg 1 23 8 68 68
1781_0038_0034_0056_0056.jpg 1 38 34 56 56
1782_0007_0047_0047_0047.jpg 1 7 47 47 47
1783_0009_0037_0040_0040.jpg 1 9 37 40 40
1784_0044_0010_0046_0046.jpg 1 44 10 46 46
1785_0019_0023_0058_0058.jpg 1 19 23 58 58
1786_0005_0011_0065_0065.jpg 1 5 11 65 65
1787_0025_0033_0056_0056.jpg 1 25 33 56 56
1788_0018_0005_0067_0067.jpg 1 18 5 67 67
1789_0033_0014_0030_0030.jpg 1 33 14 30 30
1790_0047_0007_0033_0033.jpg 1 47 7 33 33
1791_0043_0025_0043_0043.jpg 1 43 25 43 43
1792_0050_0029_0038_0038.jpg 1 50 29 38 38
1793_0040_0041_0041_0041.jpg 1 40 41 41 41
1794_0025_0009_0027_0027.jpg 1 25 9 27 27
1795_0022_0010_0059_0059.jpg 1 22 10 59 59
1796_0019_0032_0030_0030.jpg 1 19 32 30 30
1797_0013_0032_0035_0035.jpg 1 13 32 35 35
1798_0016_0050_0038_0038.jpg 1 16 50 38 38
1799_0020_0028_0055_0055.jpg 1 20 28 55 55
1800_0004_0007_0062_0062.jpg 1 4 7 62 62
1801_0013_0018_0068_0068.jpg 1 13 18 68 68
1802_0034_0030_0053_0053.jpg 1 34 30 53 53
1803_0044_0028_0039_0039.jpg 1 44 28 39 39
1804_0026_0027_0027_0027.jpg 1 26 27 27 27
1805_0021_0030_0027_0027.jpg 1 21 30 27 27
1806_0043_0016_0046_0046.jpg 1 43 16 46 46
1807_0012_0042_0051_0051.jpg 1 12 42 51 51
1808_0020_0023_0043_0043.jpg 1 20 23 43 43
1809_0017_0026_0053_0053.jpg 1 17 26 53 53
1810_0035_0024_0041_0041.jpg 1 35 24 41 41
1811_0059_0064_0025_0025.jpg 1 59 64 25 25
1812_0018_0048_0031_0031.jpg 1 18 48 31 31
1813_0020_0013_0051_0051.jpg 1 20 13 51 51
1814_0034_0005_0053_0053.jpg 1 34 5 53 53
1815_0028_0010_0062_0062.jpg 1 28 10 62 62
1816_0030_0027_0036_0036.jpg 1 30 27 36 36
1817_0015_0021_0036_0036.jpg 1 15 21 36 36
1818_0032_0017_0037_0037.jpg 1 32 17 37 37
1819_0017_0012_0049_0049.jpg 1 17 12 49 49
1820_0028_0034_0047_0047.jpg 1 28 34 47 47
1821_0011_0030_0046_0046.jpg 1 11 30 46 46
1822_0006_0010_0059_0059.jpg 1 6 10 59 59
1823_0037_0027_0026_0026.jpg 1 37 27 26 26
1824_0009_0036_0041_0041.jpg 1 9 36 41 41
1825_0040_0022_0053_0053.jpg 1 40 22 53 53
1826_0042_0035_0034_0034.jpg 1 42 35 34 34
1827_0007_0031_0050_0050.jpg 1 7 31 50 50
1828_0022_0019_0038_0038.jpg 1 22 19 38 38
1829_0048_0032_0041_0041.jpg 1 48 32 41 41
1830_0042_0047_0038_0038.jpg 1 42 47 38 38
1831_0004_0025_0065_0065.jpg 1 4 25 65 65
1832_0026_0005_0054_0054.jpg 1 26 5 54 54
1833_0012_0011_0055_0055.jpg 1 12 11 55 55
1834_0007_0038_0039_0039.jpg 1 7 38 39 39
1835_0036_0012_0033_0033.jpg 1 36 12 33 33
1836_0015_0006_0067_0067.jpg 1 15 6 67 67
1837_0031_0019_0058_0058.jpg 1 31 19 58 58
1838_0037_0033_0029_0029.jpg 1 37 33 29 29
1839_0021_0030_0062_0062.jpg 1 21 30 62 62
1840_0042_0040_0046_0046.jpg 1 42 40 46 46
1841_0023_0034_0044_0044.jpg 1 23 34 44 44
1842_0028_0021_0030_0030.jpg 1 28 21 30 30
1843_0006_0028_0042_0042.jpg 1 6 28 42 42
1844_0051_0012_0032_0032.jpg 1 51 12 32 32
1845_0024_0018_0063_0063.jpg 1 24 18 63 63
1846_0032_0020_0061_0061.jpg 1 32 20 61 61
1847_0061_0049_0026_0026.jpg 1 61 49 26 26
1848_0031_0011_0054_0054.jpg 1 31 11 54 54
1849_0024_0041_0048_0048.jpg 1 24 41 48 48
1850_0022_0050_0030_0030.jpg 1 22 50 30 30
1851_0058_0058_0029_0029.jpg 1 58 58 29 29
1852_0059_0059_0029_0029.jpg 1 59 59 29 29
1853_0016_0034_0058_0058.jpg 1 16 34 58 58
1854_0048_0039_0043_0043.jpg 1 48 39 43 43
1855_0008_0030_0051_0051.jpg 1 8 30 51 51
1856_0016_0055_0030_0030.jpg 1 16 55 30 30
1857_0040_0052_0032_0032.jpg 1 40 52 32 32
1858_0026_0016_0060_0060.jpg 1 26 16 60 60
1859_0030_0030_0029_0029.jpg 1 30 30 29 29
1860_0027_0010_0026_0026.jpg 1 27 10 26 26
1861_0056_0059_0025_0025.jpg 1 56 59 25 25
1862_0019_0035_0036_0036.jpg 1 19 35 36 36
1863_0042_0034_0031_0031.jpg 1 42 34 31 31
1864_0027_0021_0043_0043.jpg 1 27 21 43 43
1865_0017_0013_0054_0054.jpg 1 17 13 54 54
1866_0011_0028_0061_0061.jpg 1 11 28 61 61
1867_0022_0016_0058_0058.jpg 1 22 16 58 58
1868_0035_0029_0042_0042.jpg 1 35 29 42 42
1869_0029_0013_0063_0063.jpg 1 29 13 63 63
1870_0044_0050_0041_0041.jpg 1 44 50 41 41
1871_0010_0010_0031_0031.jpg 1 10 10 31 31
1872_0050_0058_0034_0034.jpg 1 50 58 34 34
1873_0049_0030_0040_0040.jpg 1 49 30 40 40
1874_0021_0036_0034_0034.jpg 1 21 36 34 34
1875_0009_0036_0045_0045.jpg 1 9 36 45 45
1876_0008_0013_0026_0026.jpg 1 8 13 26 26
1877_0044_0047_0027_0027.jpg 1 44 47 27 27
1878_0011_0032_0060_0060.jpg 1 11 32 60 60
1879_0015_0026_0050_0050.jpg 1 15 26 50 50
1880_0015_0026_0057_0057.jpg 1 15 26 57 57
1881_0018_0005_0047_0047.jpg 1 18 5 47 47
1882_0009_0004_0066_0066.jpg 1 9 4 66 66
1883_0026_0034_0036_0036.jpg 1 26 34 36 36
1884_0018_0020_0040_0040.jpg 1 18 20 40 40
1885_0028_0008_0060_0060.jpg 1 28 8 60 60
1886_0025_0030_0062_0062.jpg 1 25 30 62 62
1887_0016_0009_0064_0064.jpg 1 16 9 64 64
1888_0023_0059_0029_0029.jpg 1 23 59 29 29
1889_0011_0065_0026_0026.jpg 1 11 65 26 26
1890_0017_0011_0041_0041.jpg 1 17 11 41 41
1891_0014_0015_0061_0061.jpg 1 14 15 61 61
1892_0012_0008_0038_0038.jpg 1 12 8 38 38
1893_0012_0035_0051_0051.jpg 1 12 35 51 51
1894_0029_0017_0053_0053.jpg 1 29 17 53 53
1895_0022_0062_0028_0028.jpg 1 22 62 28 28
1896_0007_0022_0059_0059.jpg 1 7 22 59 59
1897_0016_0055_0027_0027.jpg 1 16 55 27 27
1898_0054_0056_0034_0034.jpg 1 54 56 34 34
